#
# There is insufficient memory for the Java Runtime Environment to continue.
# Native memory allocation (mmap) failed to map 132120576 bytes for Failed to commit area from 0x0000000083e00000 to 0x000000008bc00000 of length 132120576.
# Possible reasons:
#   The system is out of physical RAM or swap space
#   The process is running with CompressedOops enabled, and the Java Heap may be blocking the growth of the native heap
# Possible solutions:
#   Reduce memory load on the system
#   Increase physical memory or swap space
#   Check if swap backing store is full
#   Decrease Java heap size (-Xmx/-Xms)
#   Decrease number of Java threads
#   Decrease Java thread stack sizes (-Xss)
#   Set larger code cache with -XX:ReservedCodeCacheSize=
# This output file may be truncated or incomplete.
#
#  Out of Memory Error (./src/hotspot/os/windows/os_windows.cpp:3619), pid=15220, tid=12124
#
# JRE version:  (11.0.13) (build )
# Java VM: OpenJDK 64-Bit Server VM (11.0.13+0-b1751.21-8125866, mixed mode, sharing, tiered, compressed oops, g1 gc, windows-amd64)
# No core dump will be written. Minidumps are not enabled by default on client versions of Windows
#

---------------  S U M M A R Y ------------

Command Line: 

Host: 11th Gen Intel(R) Core(TM) i5-11300H @ 3.10GHz, 8 cores, 7G,  Windows 11 , 64 bit Build 22621 (10.0.22621.1635)
Time: Sat May 20 20:54:36 2023 India Standard Time elapsed time: 0.024733 seconds (0d 0h 0m 0s)

---------------  T H R E A D  ---------------

Current thread (0x0000029a65118800):  JavaThread "Unknown thread" [_thread_in_vm, id=12124, stack(0x000000d933800000,0x000000d933900000)]

Stack: [0x000000d933800000,0x000000d933900000]
Native frames: (J=compiled Java code, j=interpreted, Vv=VM code, C=native code)
V  [jvm.dll+0x6100fa]
V  [jvm.dll+0x747090]
V  [jvm.dll+0x7486ad]
V  [jvm.dll+0x748d83]
V  [jvm.dll+0x24ab48]
V  [jvm.dll+0x60d164]
V  [jvm.dll+0x601e75]
V  [jvm.dll+0x308bdb]
V  [jvm.dll+0x308b4a]
V  [jvm.dll+0x308a22]
V  [jvm.dll+0x30d986]
V  [jvm.dll+0x357093]
V  [jvm.dll+0x357796]
V  [jvm.dll+0x357193]
V  [jvm.dll+0x2e3448]
V  [jvm.dll+0x2e45f7]
V  [jvm.dll+0x7242e7]
V  [jvm.dll+0x725adc]
V  [jvm.dll+0x364629]
V  [jvm.dll+0x707cee]
V  [jvm.dll+0x3d2633]
V  [jvm.dll+0x3d4a21]
C  [jli.dll+0x536b]
C  [ucrtbase.dll+0x29363]
C  [KERNEL32.DLL+0x126ad]
C  [ntdll.dll+0x5a9f8]


---------------  P R O C E S S  ---------------

Threads class SMR info:
_java_thread_list=0x0000029a64ed2cf0, length=0, elements={
}

Java Threads: ( => current thread )

Other Threads:
  0x0000029a65130000 GCTaskThread "GC Thread#0" [stack: 0x000000d933900000,0x000000d933a00000] [id=16640]
  0x0000029a65160000 ConcurrentGCThread "G1 Main Marker" [stack: 0x000000d933a00000,0x000000d933b00000] [id=14884]
  0x0000029a65162800 ConcurrentGCThread "G1 Conc#0" [stack: 0x000000d933b00000,0x000000d933c00000] [id=112]

[error occurred during error reporting (printing all threads), id 0xc0000005, EXCEPTION_ACCESS_VIOLATION (0xc0000005) at pc=0x00007ffdcd813dd7]

VM state:not at safepoint (not fully initialized)

VM Mutex/Monitor currently owned by a thread:  ([mutex/lock_event])
[0x0000029a65114470] Heap_lock - owner thread: 0x0000029a65118800

Heap address: 0x0000000083e00000, size: 1986 MB, Compressed Oops mode: Non-zero based: 0x0000000083e00000
Narrow klass base: 0x0000000000000000, Narrow klass shift: 0

GC Heap History (0 events):
No events

Deoptimization events (0 events):
No events

Classes redefined (0 events):
No events

Internal exceptions (0 events):
No events

Events (1 events):
Event: 0.018 Loaded shared library C:\Program Files\Android\Android Studio1\jre\bin\zip.dll


Dynamic libraries:
0x00007ff747c10000 - 0x00007ff747c1a000 	C:\Program Files\Android\Android Studio1\jre\bin\java.EXE
0x00007ffe65710000 - 0x00007ffe65924000 	C:\WINDOWS\SYSTEM32\ntdll.dll
0x00007ffe64030000 - 0x00007ffe640f2000 	C:\WINDOWS\System32\KERNEL32.DLL
0x00007ffe63130000 - 0x00007ffe634d3000 	C:\WINDOWS\System32\KERNELBASE.dll
0x00007ffe62bd0000 - 0x00007ffe62ce1000 	C:\WINDOWS\System32\ucrtbase.dll
0x00007ffe4ce00000 - 0x00007ffe4ce19000 	C:\Program Files\Android\Android Studio1\jre\bin\jli.dll
0x00007ffe4ce20000 - 0x00007ffe4ce37000 	C:\Program Files\Android\Android Studio1\jre\bin\VCRUNTIME140.dll
0x00007ffe64180000 - 0x00007ffe6432b000 	C:\WINDOWS\System32\USER32.dll
0x00007ffe467e0000 - 0x00007ffe46a6e000 	C:\WINDOWS\WinSxS\amd64_microsoft.windows.common-controls_6595b64144ccf1df_6.0.22621.1635_none_270f70857386168e\COMCTL32.dll
0x00007ffe634e0000 - 0x00007ffe63506000 	C:\WINDOWS\System32\win32u.dll
0x00007ffe644e0000 - 0x00007ffe64587000 	C:\WINDOWS\System32\msvcrt.dll
0x00007ffe649e0000 - 0x00007ffe64a09000 	C:\WINDOWS\System32\GDI32.dll
0x00007ffe62d70000 - 0x00007ffe62e88000 	C:\WINDOWS\System32\gdi32full.dll
0x00007ffe62b30000 - 0x00007ffe62bca000 	C:\WINDOWS\System32\msvcp_win.dll
0x00007ffe65690000 - 0x00007ffe656c1000 	C:\WINDOWS\System32\IMM32.DLL
0x00007ffe00fd0000 - 0x00007ffe0106d000 	C:\Program Files\Android\Android Studio1\jre\bin\msvcp140.dll
0x00007ffdcd520000 - 0x00007ffdce022000 	C:\Program Files\Android\Android Studio1\jre\bin\server\jvm.dll
0x00007ffe63f80000 - 0x00007ffe6402e000 	C:\WINDOWS\System32\ADVAPI32.dll
0x00007ffe63ec0000 - 0x00007ffe63f64000 	C:\WINDOWS\System32\sechost.dll
0x00007ffe64330000 - 0x00007ffe64447000 	C:\WINDOWS\System32\RPCRT4.dll
0x00007ffe64450000 - 0x00007ffe64458000 	C:\WINDOWS\System32\PSAPI.DLL
0x00007ffe5a3c0000 - 0x00007ffe5a3f4000 	C:\WINDOWS\SYSTEM32\WINMM.dll
0x00007ffe5bda0000 - 0x00007ffe5bda9000 	C:\WINDOWS\SYSTEM32\WSOCK32.dll
0x00007ffe64100000 - 0x00007ffe64171000 	C:\WINDOWS\System32\WS2_32.dll
0x00007ffe58460000 - 0x00007ffe5846a000 	C:\WINDOWS\SYSTEM32\VERSION.dll
0x00007ffe61c70000 - 0x00007ffe61c88000 	C:\WINDOWS\SYSTEM32\kernel.appcore.dll
0x00007ffe4c680000 - 0x00007ffe4c691000 	C:\Program Files\Android\Android Studio1\jre\bin\verify.dll
0x00007ffe60450000 - 0x00007ffe6067e000 	C:\WINDOWS\SYSTEM32\DBGHELP.DLL
0x00007ffe64590000 - 0x00007ffe64919000 	C:\WINDOWS\System32\combase.dll
0x00007ffe64b10000 - 0x00007ffe64be7000 	C:\WINDOWS\System32\OLEAUT32.dll
0x00007ffe57f80000 - 0x00007ffe57fb2000 	C:\WINDOWS\SYSTEM32\dbgcore.DLL
0x00007ffe62cf0000 - 0x00007ffe62d6b000 	C:\WINDOWS\System32\bcryptPrimitives.dll
0x00007ffe4c650000 - 0x00007ffe4c679000 	C:\Program Files\Android\Android Studio1\jre\bin\java.dll
0x00007ffe49760000 - 0x00007ffe4976b000 	C:\Program Files\Android\Android Studio1\jre\bin\jimage.dll
0x00007ffe277b0000 - 0x00007ffe277c8000 	C:\Program Files\Android\Android Studio1\jre\bin\zip.dll

dbghelp: loaded successfully - version: 4.0.5 - missing functions: none
symbol engine: initialized successfully - sym options: 0x614 - pdb path: .;C:\Program Files\Android\Android Studio1\jre\bin;C:\WINDOWS\SYSTEM32;C:\WINDOWS\WinSxS\amd64_microsoft.windows.common-controls_6595b64144ccf1df_6.0.22621.1635_none_270f70857386168e;C:\Program Files\Android\Android Studio1\jre\bin\server

VM Arguments:
java_command: <unknown>
java_class_path (initial): <not set>
Launcher Type: SUN_STANDARD

[Global flags]
     intx CICompilerCount                          = 4                                         {product} {ergonomic}
     uint ConcGCThreads                            = 2                                         {product} {ergonomic}
     uint G1ConcRefinementThreads                  = 8                                         {product} {ergonomic}
   size_t G1HeapRegionSize                         = 1048576                                   {product} {ergonomic}
    uintx GCDrainStackTargetSize                   = 64                                        {product} {ergonomic}
   size_t InitialHeapSize                          = 132120576                                 {product} {ergonomic}
   size_t MarkStackSize                            = 4194304                                   {product} {ergonomic}
   size_t MaxHeapSize                              = 2082471936                                {product} {ergonomic}
   size_t MinHeapDeltaBytes                        = 1048576                                   {product} {ergonomic}
    uintx NonNMethodCodeHeapSize                   = 5836300                                {pd product} {ergonomic}
    uintx NonProfiledCodeHeapSize                  = 122910970                              {pd product} {ergonomic}
    uintx ProfiledCodeHeapSize                     = 122910970                              {pd product} {ergonomic}
    uintx ReservedCodeCacheSize                    = 251658240                              {pd product} {ergonomic}
     bool SegmentedCodeCache                       = true                                      {product} {ergonomic}
     bool UseCompressedClassPointers               = true                                 {lp64_product} {ergonomic}
     bool UseCompressedOops                        = true                                 {lp64_product} {ergonomic}
     bool UseG1GC                                  = true                                      {product} {ergonomic}
     bool UseLargePagesIndividualAllocation        = false                                  {pd product} {ergonomic}

Logging:
Log output configuration:
 #0: stdout all=warning uptime,level,tags
 #1: stderr all=off uptime,level,tags

Environment Variables:
PATH=C:\Program Files\Python311\Scripts\;C:\Program Files\Python311\;C:\Program Files\Common Files\Oracle\Java\javapath;C:\windows\system32;C:\windows;C:\windows\System32\Wbem;C:\windows\System32\WindowsPowerShell\v1.0\;C:\windows\System32\OpenSSH\;C:\Program Files (x86)\NVIDIA Corporation\PhysX\Common;C:\Program Files\NVIDIA Corporation\NVIDIA NvDLISR;C:\mingw64\bin;C:\Program Files\Java\jdk-17.0.1;C:\WINDOWS\system32;C:\WINDOWS;C:\WINDOWS\System32\Wbem;C:\WINDOWS\System32\WindowsPowerShell\v1.0\;C:\WINDOWS\System32\OpenSSH\;C:\Program Files\Git\cmd;C:\Users\Sreelakshmi\AppData\Local\Microsoft\WindowsApps;C:\Users\Sreelakshmi\AppData\Local\Programs\Microsoft VS Code\bin;C:\iedc\flutter\bin;C:\src\flutter\bin;C:\dart-sdk\bin;;C:\iedc\flutter\bin\mingit\cmd
USERNAME=Sreelakshmi
OS=Windows_NT
PROCESSOR_IDENTIFIER=Intel64 Family 6 Model 140 Stepping 1, GenuineIntel



---------------  S Y S T E M  ---------------

OS: Windows 11 , 64 bit Build 22621 (10.0.22621.1635)
OS uptime: 0 days 6:24 hours

CPU:total 8 (initial active 8) (4 cores per cpu, 2 threads per core) family 6 model 140 stepping 1 microcode 0xa4, cmov, cx8, fxsr, mmx, sse, sse2, sse3, ssse3, sse4.1, sse4.2, popcnt, avx, avx2, aes, clmul, erms, 3dnowpref, lzcnt, ht, tsc, tscinvbit, bmi1, bmi2, adx, evex, sha, fma

Memory: 4k page, system-wide physical 7937M (295M free)
TotalPageFile size 16129M (AvailPageFile size 5M)
current process WorkingSet (physical memory assigned to process): 10M, peak: 10M
current process commit charge ("private bytes"): 60M, peak: 186M

vm_info: OpenJDK 64-Bit Server VM (11.0.13+0-b1751.21-8125866) for windows-amd64 JRE (11.0.13+0-b1751.21-8125866), built on Feb  2 2022 03:00:22 by "builder" with MS VC++ 14.0 (VS2015)

END.
