#
# There is insufficient memory for the Java Runtime Environment to continue.
# Native memory allocation (malloc) failed to allocate 121296 bytes for Chunk::new
# Possible reasons:
#   The system is out of physical RAM or swap space
#   The process is running with CompressedOops enabled, and the Java Heap may be blocking the growth of the native heap
# Possible solutions:
#   Reduce memory load on the system
#   Increase physical memory or swap space
#   Check if swap backing store is full
#   Decrease Java heap size (-Xmx/-Xms)
#   Decrease number of Java threads
#   Decrease Java thread stack sizes (-Xss)
#   Set larger code cache with -XX:ReservedCodeCacheSize=
#   JVM is running with Unscaled Compressed Oops mode in which the Java heap is
#     placed in the first 4GB address space. The Java Heap base address is the
#     maximum limit for the native heap growth. Please use -XX:HeapBaseMinAddress
#     to set the Java Heap base and to place the Java Heap above 4GB virtual address.
# This output file may be truncated or incomplete.
#
#  Out of Memory Error (./src/hotspot/share/memory/arena.cpp:197), pid=6808, tid=3484
#
# JRE version: OpenJDK Runtime Environment (11.0.13) (build 11.0.13+0-b1751.21-8125866)
# Java VM: OpenJDK 64-Bit Server VM (11.0.13+0-b1751.21-8125866, mixed mode, tiered, compressed oops, g1 gc, windows-amd64)
# No core dump will be written. Minidumps are not enabled by default on client versions of Windows
#

---------------  S U M M A R Y ------------

Command Line: -Dorg.gradle.appname=gradlew org.gradle.wrapper.GradleWrapperMain -q -Ptarget-platform=android-x86 -Ptarget=C:\Users\Sreelakshmi\Desktop\Mini\initial\lib\main.dart -Pdart-defines=RkxVVFRFUl9XRUJfQVVUT19ERVRFQ1Q9dHJ1ZQ== -Pdart-obfuscation=false -Ptrack-widget-creation=true -Ptree-shake-icons=false -Pfilesystem-scheme=org-dartlang-root assembleDebug

Host: 11th Gen Intel(R) Core(TM) i5-11300H @ 3.10GHz, 8 cores, 7G,  Windows 11 , 64 bit Build 22621 (10.0.22621.1635)
Time: Tue May 16 11:26:17 2023 India Standard Time elapsed time: 0.933881 seconds (0d 0h 0m 0s)

---------------  T H R E A D  ---------------

Current thread (0x000001559a9ce800):  JavaThread "C2 CompilerThread0" daemon [_thread_in_native, id=3484, stack(0x0000002a9da00000,0x0000002a9db00000)]


Current CompileTask:
C2:    933  845       4       java.util.jar.JarFile::getEntry (22 bytes)

Stack: [0x0000002a9da00000,0x0000002a9db00000]
Native frames: (J=compiled Java code, j=interpreted, Vv=VM code, C=native code)
V  [jvm.dll+0x6100fa]
V  [jvm.dll+0x747090]
V  [jvm.dll+0x7486ad]
V  [jvm.dll+0x748d83]
V  [jvm.dll+0x24ab48]
V  [jvm.dll+0xc04dc]
V  [jvm.dll+0xc0a0c]
V  [jvm.dll+0x35eb5b]
V  [jvm.dll+0x32b833]
V  [jvm.dll+0x32ad2a]
V  [jvm.dll+0x2032b2]
V  [jvm.dll+0x202437]
V  [jvm.dll+0x188e01]
V  [jvm.dll+0x21106b]
V  [jvm.dll+0x20f8c1]
V  [jvm.dll+0x70de0f]
V  [jvm.dll+0x706a75]
V  [jvm.dll+0x60ed66]
C  [ucrtbase.dll+0x29363]
C  [KERNEL32.DLL+0x126ad]
C  [ntdll.dll+0x5a9f8]


---------------  P R O C E S S  ---------------

Threads class SMR info:
_java_thread_list=0x000001559b3af940, length=10, elements={
0x00000155fbbcc800, 0x000001559a997800, 0x000001559b1ee000, 0x000001559a9c7000,
0x000001559a9c8800, 0x000001559a9cb000, 0x000001559a9ce800, 0x000001559b237000,
0x000001559a9db000, 0x000001559b3af000
}

Java Threads: ( => current thread )
  0x00000155fbbcc800 JavaThread "main" [_thread_in_Java, id=14832, stack(0x0000002a9ce00000,0x0000002a9cf00000)]
  0x000001559a997800 JavaThread "Reference Handler" daemon [_thread_blocked, id=16980, stack(0x0000002a9d500000,0x0000002a9d600000)]
  0x000001559b1ee000 JavaThread "Finalizer" daemon [_thread_blocked, id=16296, stack(0x0000002a9d600000,0x0000002a9d700000)]
  0x000001559a9c7000 JavaThread "Signal Dispatcher" daemon [_thread_blocked, id=3404, stack(0x0000002a9d700000,0x0000002a9d800000)]
  0x000001559a9c8800 JavaThread "Attach Listener" daemon [_thread_blocked, id=19208, stack(0x0000002a9d800000,0x0000002a9d900000)]
  0x000001559a9cb000 JavaThread "Service Thread" daemon [_thread_blocked, id=13508, stack(0x0000002a9d900000,0x0000002a9da00000)]
=>0x000001559a9ce800 JavaThread "C2 CompilerThread0" daemon [_thread_in_native, id=3484, stack(0x0000002a9da00000,0x0000002a9db00000)]
  0x000001559b237000 JavaThread "C1 CompilerThread0" daemon [_thread_blocked, id=3584, stack(0x0000002a9db00000,0x0000002a9dc00000)]
  0x000001559a9db000 JavaThread "Sweeper thread" daemon [_thread_blocked, id=4652, stack(0x0000002a9dc00000,0x0000002a9dd00000)]
  0x000001559b3af000 JavaThread "Common-Cleaner" daemon [_thread_blocked, id=17480, stack(0x0000002a9de00000,0x0000002a9df00000)]

Other Threads:
  0x000001559a994800 VMThread "VM Thread" [stack: 0x0000002a9d400000,0x0000002a9d500000] [id=1728]
  0x000001559b3a5000 WatcherThread [stack: 0x0000002a9dd00000,0x0000002a9de00000] [id=14296]
  0x00000155fbbe4800 GCTaskThread "GC Thread#0" [stack: 0x0000002a9cf00000,0x0000002a9d000000] [id=13268]
  0x00000155fbc14800 ConcurrentGCThread "G1 Main Marker" [stack: 0x0000002a9d000000,0x0000002a9d100000] [id=8052]
  0x00000155fbc1a800 ConcurrentGCThread "G1 Conc#0" [stack: 0x0000002a9d100000,0x0000002a9d200000] [id=16176]
  0x00000155fbc9d000 ConcurrentGCThread "G1 Refine#0" [stack: 0x0000002a9d200000,0x0000002a9d300000] [id=13068]
  0x000001559a802800 ConcurrentGCThread "G1 Young RemSet Sampling" [stack: 0x0000002a9d300000,0x0000002a9d400000] [id=1276]

Threads with active compile tasks:
C2 CompilerThread0    965  845       4       java.util.jar.JarFile::getEntry (22 bytes)

VM state:not at safepoint (normal execution)

VM Mutex/Monitor currently owned by a thread: None

OutOfMemory and StackOverflow Exception counts:
OutOfMemoryError java_heap_errors=1
LinkageErrors=5

Heap address: 0x0000000083e00000, size: 1986 MB, Compressed Oops mode: 32-bit
Narrow klass base: 0x0000000000000000, Narrow klass shift: 3
Compressed class space size: 1073741824 Address: 0x0000000100000000

Heap:
 garbage-first heap   total 129024K, used 26624K [0x0000000083e00000, 0x0000000100000000)
  region size 1024K, 22 young (22528K), 0 survivors (0K)
 Metaspace       used 11028K, capacity 11272K, committed 11520K, reserved 1058816K
  class space    used 1154K, capacity 1265K, committed 1280K, reserved 1048576K
Heap Regions: E=young(eden), S=young(survivor), O=old, HS=humongous(starts), HC=humongous(continues), CS=collection set, F=free, A=archive, TAMS=top-at-mark-start (previous, next)
|   0|0x0000000083e00000, 0x0000000083f00000, 0x0000000083f00000|100%|HS|  |TAMS 0x0000000083e00000, 0x0000000083e00000| Complete 
|   1|0x0000000083f00000, 0x0000000084000000, 0x0000000084000000|100%|HC|  |TAMS 0x0000000083f00000, 0x0000000083f00000| Complete 
|   2|0x0000000084000000, 0x0000000084100000, 0x0000000084100000|100%|HC|  |TAMS 0x0000000084000000, 0x0000000084000000| Complete 
|   3|0x0000000084100000, 0x0000000084200000, 0x0000000084200000|100%|HS|  |TAMS 0x0000000084100000, 0x0000000084100000| Complete 
|   4|0x0000000084200000, 0x0000000084300000, 0x0000000084300000|100%|HC|  |TAMS 0x0000000084200000, 0x0000000084200000| Complete 
|   5|0x0000000084300000, 0x0000000084400000, 0x0000000084400000|100%|HC|  |TAMS 0x0000000084300000, 0x0000000084300000| Complete 
|   6|0x0000000084400000, 0x0000000084400000, 0x0000000084500000|  0%| F|  |TAMS 0x0000000084400000, 0x0000000084400000| Untracked 
|   7|0x0000000084500000, 0x0000000084500000, 0x0000000084600000|  0%| F|  |TAMS 0x0000000084500000, 0x0000000084500000| Untracked 
|   8|0x0000000084600000, 0x0000000084600000, 0x0000000084700000|  0%| F|  |TAMS 0x0000000084600000, 0x0000000084600000| Untracked 
|   9|0x0000000084700000, 0x0000000084700000, 0x0000000084800000|  0%| F|  |TAMS 0x0000000084700000, 0x0000000084700000| Untracked 
|  10|0x0000000084800000, 0x0000000084800000, 0x0000000084900000|  0%| F|  |TAMS 0x0000000084800000, 0x0000000084800000| Untracked 
|  11|0x0000000084900000, 0x0000000084900000, 0x0000000084a00000|  0%| F|  |TAMS 0x0000000084900000, 0x0000000084900000| Untracked 
|  12|0x0000000084a00000, 0x0000000084a00000, 0x0000000084b00000|  0%| F|  |TAMS 0x0000000084a00000, 0x0000000084a00000| Untracked 
|  13|0x0000000084b00000, 0x0000000084b00000, 0x0000000084c00000|  0%| F|  |TAMS 0x0000000084b00000, 0x0000000084b00000| Untracked 
|  14|0x0000000084c00000, 0x0000000084c00000, 0x0000000084d00000|  0%| F|  |TAMS 0x0000000084c00000, 0x0000000084c00000| Untracked 
|  15|0x0000000084d00000, 0x0000000084d00000, 0x0000000084e00000|  0%| F|  |TAMS 0x0000000084d00000, 0x0000000084d00000| Untracked 
|  16|0x0000000084e00000, 0x0000000084e00000, 0x0000000084f00000|  0%| F|  |TAMS 0x0000000084e00000, 0x0000000084e00000| Untracked 
|  17|0x0000000084f00000, 0x0000000084f00000, 0x0000000085000000|  0%| F|  |TAMS 0x0000000084f00000, 0x0000000084f00000| Untracked 
|  18|0x0000000085000000, 0x0000000085000000, 0x0000000085100000|  0%| F|  |TAMS 0x0000000085000000, 0x0000000085000000| Untracked 
|  19|0x0000000085100000, 0x0000000085100000, 0x0000000085200000|  0%| F|  |TAMS 0x0000000085100000, 0x0000000085100000| Untracked 
|  20|0x0000000085200000, 0x0000000085200000, 0x0000000085300000|  0%| F|  |TAMS 0x0000000085200000, 0x0000000085200000| Untracked 
|  21|0x0000000085300000, 0x0000000085300000, 0x0000000085400000|  0%| F|  |TAMS 0x0000000085300000, 0x0000000085300000| Untracked 
|  22|0x0000000085400000, 0x0000000085400000, 0x0000000085500000|  0%| F|  |TAMS 0x0000000085400000, 0x0000000085400000| Untracked 
|  23|0x0000000085500000, 0x0000000085500000, 0x0000000085600000|  0%| F|  |TAMS 0x0000000085500000, 0x0000000085500000| Untracked 
|  24|0x0000000085600000, 0x0000000085600000, 0x0000000085700000|  0%| F|  |TAMS 0x0000000085600000, 0x0000000085600000| Untracked 
|  25|0x0000000085700000, 0x0000000085700000, 0x0000000085800000|  0%| F|  |TAMS 0x0000000085700000, 0x0000000085700000| Untracked 
|  26|0x0000000085800000, 0x0000000085800000, 0x0000000085900000|  0%| F|  |TAMS 0x0000000085800000, 0x0000000085800000| Untracked 
|  27|0x0000000085900000, 0x0000000085900000, 0x0000000085a00000|  0%| F|  |TAMS 0x0000000085900000, 0x0000000085900000| Untracked 
|  28|0x0000000085a00000, 0x0000000085a00000, 0x0000000085b00000|  0%| F|  |TAMS 0x0000000085a00000, 0x0000000085a00000| Untracked 
|  29|0x0000000085b00000, 0x0000000085b00000, 0x0000000085c00000|  0%| F|  |TAMS 0x0000000085b00000, 0x0000000085b00000| Untracked 
|  30|0x0000000085c00000, 0x0000000085c00000, 0x0000000085d00000|  0%| F|  |TAMS 0x0000000085c00000, 0x0000000085c00000| Untracked 
|  31|0x0000000085d00000, 0x0000000085d00000, 0x0000000085e00000|  0%| F|  |TAMS 0x0000000085d00000, 0x0000000085d00000| Untracked 
|  32|0x0000000085e00000, 0x0000000085e00000, 0x0000000085f00000|  0%| F|  |TAMS 0x0000000085e00000, 0x0000000085e00000| Untracked 
|  33|0x0000000085f00000, 0x0000000085f00000, 0x0000000086000000|  0%| F|  |TAMS 0x0000000085f00000, 0x0000000085f00000| Untracked 
|  34|0x0000000086000000, 0x0000000086000000, 0x0000000086100000|  0%| F|  |TAMS 0x0000000086000000, 0x0000000086000000| Untracked 
|  35|0x0000000086100000, 0x0000000086100000, 0x0000000086200000|  0%| F|  |TAMS 0x0000000086100000, 0x0000000086100000| Untracked 
|  36|0x0000000086200000, 0x0000000086200000, 0x0000000086300000|  0%| F|  |TAMS 0x0000000086200000, 0x0000000086200000| Untracked 
|  37|0x0000000086300000, 0x0000000086300000, 0x0000000086400000|  0%| F|  |TAMS 0x0000000086300000, 0x0000000086300000| Untracked 
|  38|0x0000000086400000, 0x0000000086400000, 0x0000000086500000|  0%| F|  |TAMS 0x0000000086400000, 0x0000000086400000| Untracked 
|  39|0x0000000086500000, 0x0000000086500000, 0x0000000086600000|  0%| F|  |TAMS 0x0000000086500000, 0x0000000086500000| Untracked 
|  40|0x0000000086600000, 0x0000000086600000, 0x0000000086700000|  0%| F|  |TAMS 0x0000000086600000, 0x0000000086600000| Untracked 
|  41|0x0000000086700000, 0x0000000086700000, 0x0000000086800000|  0%| F|  |TAMS 0x0000000086700000, 0x0000000086700000| Untracked 
|  42|0x0000000086800000, 0x0000000086800000, 0x0000000086900000|  0%| F|  |TAMS 0x0000000086800000, 0x0000000086800000| Untracked 
|  43|0x0000000086900000, 0x0000000086900000, 0x0000000086a00000|  0%| F|  |TAMS 0x0000000086900000, 0x0000000086900000| Untracked 
|  44|0x0000000086a00000, 0x0000000086a00000, 0x0000000086b00000|  0%| F|  |TAMS 0x0000000086a00000, 0x0000000086a00000| Untracked 
|  45|0x0000000086b00000, 0x0000000086b00000, 0x0000000086c00000|  0%| F|  |TAMS 0x0000000086b00000, 0x0000000086b00000| Untracked 
|  46|0x0000000086c00000, 0x0000000086c00000, 0x0000000086d00000|  0%| F|  |TAMS 0x0000000086c00000, 0x0000000086c00000| Untracked 
|  47|0x0000000086d00000, 0x0000000086d00000, 0x0000000086e00000|  0%| F|  |TAMS 0x0000000086d00000, 0x0000000086d00000| Untracked 
|  48|0x0000000086e00000, 0x0000000086e00000, 0x0000000086f00000|  0%| F|  |TAMS 0x0000000086e00000, 0x0000000086e00000| Untracked 
|  49|0x0000000086f00000, 0x0000000086f00000, 0x0000000087000000|  0%| F|  |TAMS 0x0000000086f00000, 0x0000000086f00000| Untracked 
|  50|0x0000000087000000, 0x0000000087000000, 0x0000000087100000|  0%| F|  |TAMS 0x0000000087000000, 0x0000000087000000| Untracked 
|  51|0x0000000087100000, 0x0000000087100000, 0x0000000087200000|  0%| F|  |TAMS 0x0000000087100000, 0x0000000087100000| Untracked 
|  52|0x0000000087200000, 0x0000000087200000, 0x0000000087300000|  0%| F|  |TAMS 0x0000000087200000, 0x0000000087200000| Untracked 
|  53|0x0000000087300000, 0x0000000087300000, 0x0000000087400000|  0%| F|  |TAMS 0x0000000087300000, 0x0000000087300000| Untracked 
|  54|0x0000000087400000, 0x0000000087400000, 0x0000000087500000|  0%| F|  |TAMS 0x0000000087400000, 0x0000000087400000| Untracked 
|  55|0x0000000087500000, 0x0000000087500000, 0x0000000087600000|  0%| F|  |TAMS 0x0000000087500000, 0x0000000087500000| Untracked 
|  56|0x0000000087600000, 0x0000000087600000, 0x0000000087700000|  0%| F|  |TAMS 0x0000000087600000, 0x0000000087600000| Untracked 
|  57|0x0000000087700000, 0x0000000087700000, 0x0000000087800000|  0%| F|  |TAMS 0x0000000087700000, 0x0000000087700000| Untracked 
|  58|0x0000000087800000, 0x0000000087800000, 0x0000000087900000|  0%| F|  |TAMS 0x0000000087800000, 0x0000000087800000| Untracked 
|  59|0x0000000087900000, 0x0000000087900000, 0x0000000087a00000|  0%| F|  |TAMS 0x0000000087900000, 0x0000000087900000| Untracked 
|  60|0x0000000087a00000, 0x0000000087a00000, 0x0000000087b00000|  0%| F|  |TAMS 0x0000000087a00000, 0x0000000087a00000| Untracked 
|  61|0x0000000087b00000, 0x0000000087b00000, 0x0000000087c00000|  0%| F|  |TAMS 0x0000000087b00000, 0x0000000087b00000| Untracked 
|  62|0x0000000087c00000, 0x0000000087c00000, 0x0000000087d00000|  0%| F|  |TAMS 0x0000000087c00000, 0x0000000087c00000| Untracked 
|  63|0x0000000087d00000, 0x0000000087d00000, 0x0000000087e00000|  0%| F|  |TAMS 0x0000000087d00000, 0x0000000087d00000| Untracked 
|  64|0x0000000087e00000, 0x0000000087e00000, 0x0000000087f00000|  0%| F|  |TAMS 0x0000000087e00000, 0x0000000087e00000| Untracked 
|  65|0x0000000087f00000, 0x0000000087f00000, 0x0000000088000000|  0%| F|  |TAMS 0x0000000087f00000, 0x0000000087f00000| Untracked 
|  66|0x0000000088000000, 0x0000000088000000, 0x0000000088100000|  0%| F|  |TAMS 0x0000000088000000, 0x0000000088000000| Untracked 
|  67|0x0000000088100000, 0x0000000088100000, 0x0000000088200000|  0%| F|  |TAMS 0x0000000088100000, 0x0000000088100000| Untracked 
|  68|0x0000000088200000, 0x0000000088200000, 0x0000000088300000|  0%| F|  |TAMS 0x0000000088200000, 0x0000000088200000| Untracked 
|  69|0x0000000088300000, 0x0000000088300000, 0x0000000088400000|  0%| F|  |TAMS 0x0000000088300000, 0x0000000088300000| Untracked 
|  70|0x0000000088400000, 0x0000000088400000, 0x0000000088500000|  0%| F|  |TAMS 0x0000000088400000, 0x0000000088400000| Untracked 
|  71|0x0000000088500000, 0x0000000088500000, 0x0000000088600000|  0%| F|  |TAMS 0x0000000088500000, 0x0000000088500000| Untracked 
|  72|0x0000000088600000, 0x0000000088600000, 0x0000000088700000|  0%| F|  |TAMS 0x0000000088600000, 0x0000000088600000| Untracked 
|  73|0x0000000088700000, 0x0000000088700000, 0x0000000088800000|  0%| F|  |TAMS 0x0000000088700000, 0x0000000088700000| Untracked 
|  74|0x0000000088800000, 0x0000000088800000, 0x0000000088900000|  0%| F|  |TAMS 0x0000000088800000, 0x0000000088800000| Untracked 
|  75|0x0000000088900000, 0x0000000088900000, 0x0000000088a00000|  0%| F|  |TAMS 0x0000000088900000, 0x0000000088900000| Untracked 
|  76|0x0000000088a00000, 0x0000000088a00000, 0x0000000088b00000|  0%| F|  |TAMS 0x0000000088a00000, 0x0000000088a00000| Untracked 
|  77|0x0000000088b00000, 0x0000000088b00000, 0x0000000088c00000|  0%| F|  |TAMS 0x0000000088b00000, 0x0000000088b00000| Untracked 
|  78|0x0000000088c00000, 0x0000000088c00000, 0x0000000088d00000|  0%| F|  |TAMS 0x0000000088c00000, 0x0000000088c00000| Untracked 
|  79|0x0000000088d00000, 0x0000000088d00000, 0x0000000088e00000|  0%| F|  |TAMS 0x0000000088d00000, 0x0000000088d00000| Untracked 
|  80|0x0000000088e00000, 0x0000000088e00000, 0x0000000088f00000|  0%| F|  |TAMS 0x0000000088e00000, 0x0000000088e00000| Untracked 
|  81|0x0000000088f00000, 0x0000000088f00000, 0x0000000089000000|  0%| F|  |TAMS 0x0000000088f00000, 0x0000000088f00000| Untracked 
|  82|0x0000000089000000, 0x0000000089000000, 0x0000000089100000|  0%| F|  |TAMS 0x0000000089000000, 0x0000000089000000| Untracked 
|  83|0x0000000089100000, 0x0000000089100000, 0x0000000089200000|  0%| F|  |TAMS 0x0000000089100000, 0x0000000089100000| Untracked 
|  84|0x0000000089200000, 0x0000000089200000, 0x0000000089300000|  0%| F|  |TAMS 0x0000000089200000, 0x0000000089200000| Untracked 
|  85|0x0000000089300000, 0x0000000089300000, 0x0000000089400000|  0%| F|  |TAMS 0x0000000089300000, 0x0000000089300000| Untracked 
|  86|0x0000000089400000, 0x0000000089400000, 0x0000000089500000|  0%| F|  |TAMS 0x0000000089400000, 0x0000000089400000| Untracked 
|  87|0x0000000089500000, 0x0000000089500000, 0x0000000089600000|  0%| F|  |TAMS 0x0000000089500000, 0x0000000089500000| Untracked 
|  88|0x0000000089600000, 0x0000000089600000, 0x0000000089700000|  0%| F|  |TAMS 0x0000000089600000, 0x0000000089600000| Untracked 
|  89|0x0000000089700000, 0x0000000089700000, 0x0000000089800000|  0%| F|  |TAMS 0x0000000089700000, 0x0000000089700000| Untracked 
|  90|0x0000000089800000, 0x0000000089800000, 0x0000000089900000|  0%| F|  |TAMS 0x0000000089800000, 0x0000000089800000| Untracked 
|  91|0x0000000089900000, 0x0000000089900000, 0x0000000089a00000|  0%| F|  |TAMS 0x0000000089900000, 0x0000000089900000| Untracked 
|  92|0x0000000089a00000, 0x0000000089a00000, 0x0000000089b00000|  0%| F|  |TAMS 0x0000000089a00000, 0x0000000089a00000| Untracked 
|  93|0x0000000089b00000, 0x0000000089b00000, 0x0000000089c00000|  0%| F|  |TAMS 0x0000000089b00000, 0x0000000089b00000| Untracked 
|  94|0x0000000089c00000, 0x0000000089c00000, 0x0000000089d00000|  0%| F|  |TAMS 0x0000000089c00000, 0x0000000089c00000| Untracked 
|  95|0x0000000089d00000, 0x0000000089d00000, 0x0000000089e00000|  0%| F|  |TAMS 0x0000000089d00000, 0x0000000089d00000| Untracked 
|  96|0x0000000089e00000, 0x0000000089e00000, 0x0000000089f00000|  0%| F|  |TAMS 0x0000000089e00000, 0x0000000089e00000| Untracked 
|  97|0x0000000089f00000, 0x0000000089f00000, 0x000000008a000000|  0%| F|  |TAMS 0x0000000089f00000, 0x0000000089f00000| Untracked 
|  98|0x000000008a000000, 0x000000008a000000, 0x000000008a100000|  0%| F|  |TAMS 0x000000008a000000, 0x000000008a000000| Untracked 
|  99|0x000000008a100000, 0x000000008a100000, 0x000000008a200000|  0%| F|  |TAMS 0x000000008a100000, 0x000000008a100000| Untracked 
| 100|0x000000008a200000, 0x000000008a200000, 0x000000008a300000|  0%| F|  |TAMS 0x000000008a200000, 0x000000008a200000| Untracked 
| 101|0x000000008a300000, 0x000000008a300000, 0x000000008a400000|  0%| F|  |TAMS 0x000000008a300000, 0x000000008a300000| Untracked 
| 102|0x000000008a400000, 0x000000008a400000, 0x000000008a500000|  0%| F|  |TAMS 0x000000008a400000, 0x000000008a400000| Untracked 
| 103|0x000000008a500000, 0x000000008a500000, 0x000000008a600000|  0%| F|  |TAMS 0x000000008a500000, 0x000000008a500000| Untracked 
| 104|0x000000008a600000, 0x000000008a6f6358, 0x000000008a700000| 96%| E|  |TAMS 0x000000008a600000, 0x000000008a600000| Complete 
| 105|0x000000008a700000, 0x000000008a800000, 0x000000008a800000|100%| E|CS|TAMS 0x000000008a700000, 0x000000008a700000| Complete 
| 106|0x000000008a800000, 0x000000008a900000, 0x000000008a900000|100%| E|CS|TAMS 0x000000008a800000, 0x000000008a800000| Complete 
| 107|0x000000008a900000, 0x000000008aa00000, 0x000000008aa00000|100%| E|CS|TAMS 0x000000008a900000, 0x000000008a900000| Complete 
| 108|0x000000008aa00000, 0x000000008ab00000, 0x000000008ab00000|100%| E|CS|TAMS 0x000000008aa00000, 0x000000008aa00000| Complete 
| 109|0x000000008ab00000, 0x000000008ac00000, 0x000000008ac00000|100%| E|CS|TAMS 0x000000008ab00000, 0x000000008ab00000| Complete 
| 110|0x000000008ac00000, 0x000000008ad00000, 0x000000008ad00000|100%| E|CS|TAMS 0x000000008ac00000, 0x000000008ac00000| Complete 
| 111|0x000000008ad00000, 0x000000008ae00000, 0x000000008ae00000|100%| E|CS|TAMS 0x000000008ad00000, 0x000000008ad00000| Complete 
| 112|0x000000008ae00000, 0x000000008af00000, 0x000000008af00000|100%| E|CS|TAMS 0x000000008ae00000, 0x000000008ae00000| Complete 
| 113|0x000000008af00000, 0x000000008b000000, 0x000000008b000000|100%| E|CS|TAMS 0x000000008af00000, 0x000000008af00000| Complete 
| 114|0x000000008b000000, 0x000000008b100000, 0x000000008b100000|100%| E|  |TAMS 0x000000008b000000, 0x000000008b000000| Complete 
| 115|0x000000008b100000, 0x000000008b200000, 0x000000008b200000|100%| E|CS|TAMS 0x000000008b100000, 0x000000008b100000| Complete 
| 116|0x000000008b200000, 0x000000008b300000, 0x000000008b300000|100%| E|CS|TAMS 0x000000008b200000, 0x000000008b200000| Complete 
| 117|0x000000008b300000, 0x000000008b400000, 0x000000008b400000|100%| E|CS|TAMS 0x000000008b300000, 0x000000008b300000| Complete 
| 118|0x000000008b400000, 0x000000008b500000, 0x000000008b500000|100%| E|CS|TAMS 0x000000008b400000, 0x000000008b400000| Complete 
| 119|0x000000008b500000, 0x000000008b600000, 0x000000008b600000|100%| E|CS|TAMS 0x000000008b500000, 0x000000008b500000| Complete 
| 120|0x000000008b600000, 0x000000008b700000, 0x000000008b700000|100%| E|CS|TAMS 0x000000008b600000, 0x000000008b600000| Complete 
| 121|0x000000008b700000, 0x000000008b800000, 0x000000008b800000|100%| E|CS|TAMS 0x000000008b700000, 0x000000008b700000| Complete 
| 122|0x000000008b800000, 0x000000008b900000, 0x000000008b900000|100%| E|CS|TAMS 0x000000008b800000, 0x000000008b800000| Complete 
| 123|0x000000008b900000, 0x000000008ba00000, 0x000000008ba00000|100%| E|CS|TAMS 0x000000008b900000, 0x000000008b900000| Complete 
| 124|0x000000008ba00000, 0x000000008bb00000, 0x000000008bb00000|100%| E|CS|TAMS 0x000000008ba00000, 0x000000008ba00000| Complete 
| 125|0x000000008bb00000, 0x000000008bc00000, 0x000000008bc00000|100%| E|CS|TAMS 0x000000008bb00000, 0x000000008bb00000| Complete 

Card table byte_map: [0x00000155938d0000,0x0000015593cc0000] _byte_map_base: 0x00000155934b1000

Marking Bits (Prev, Next): (CMBitMap*) 0x00000155fbc0bfe8, (CMBitMap*) 0x00000155fbc0c020
 Prev Bits: [0x00000155940b0000, 0x0000015595fb8000)
 Next Bits: [0x0000015595fc0000, 0x0000015597ec8000)

Polling page: 0x0000015580000000

Metaspace:

Usage:
  Non-class:      9.83 MB capacity,     9.68 MB ( 98%) used,   150.34 KB (  1%) free+waste,    11.63 KB ( <1%) overhead. 
      Class:      1.24 MB capacity,     1.13 MB ( 91%) used,   102.25 KB (  8%) free+waste,     5.56 KB ( <1%) overhead. 
       Both:     11.07 MB capacity,    10.81 MB ( 98%) used,   252.59 KB (  2%) free+waste,    17.19 KB ( <1%) overhead. 

Virtual space:
  Non-class space:       10.00 MB reserved,      10.00 MB (100%) committed 
      Class space:        1.00 GB reserved,       1.25 MB ( <1%) committed 
             Both:        1.01 GB reserved,      11.25 MB (  1%) committed 

Chunk freelists:
   Non-Class:  41.00 KB
       Class:  15.00 KB
        Both:  56.00 KB

MaxMetaspaceSize: 17179869184.00 GB
CompressedClassSpaceSize: 1.00 GB
Initial GC threshold: 20.80 MB
Current GC threshold: 20.80 MB
CDS: off

CodeHeap 'non-profiled nmethods': size=120000Kb used=300Kb max_used=300Kb free=119699Kb
 bounds [0x000001558b530000, 0x000001558b7a0000, 0x0000015592a60000]
CodeHeap 'profiled nmethods': size=120000Kb used=1593Kb max_used=1593Kb free=118406Kb
 bounds [0x0000015584000000, 0x0000015584270000, 0x000001558b530000]
CodeHeap 'non-nmethods': size=5760Kb used=1137Kb max_used=1150Kb free=4623Kb
 bounds [0x0000015583a60000, 0x0000015583cd0000, 0x0000015584000000]
 total_blobs=1243 nmethods=865 adapters=291
 compilation: enabled
              stopped_count=0, restarted_count=0
 full_count=0

Compilation events (20 events):
Event: 0.871 Thread 0x000001559b237000  846       3       java.lang.ClassLoader::definePackage (84 bytes)
Event: 0.872 Thread 0x000001559b237000 nmethod 846 0x0000015584181f10 code [0x0000015584182220, 0x00000155841832f8]
Event: 0.872 Thread 0x000001559b237000  848       1       java.util.Formatter$Flags::valueOf (5 bytes)
Event: 0.872 Thread 0x000001559b237000 nmethod 848 0x000001558b574810 code [0x000001558b5749c0, 0x000001558b574a78]
Event: 0.872 Thread 0x000001559b237000  847       3       java.net.URLClassLoader::isSealed (70 bytes)
Event: 0.873 Thread 0x000001559b237000 nmethod 847 0x0000015584183890 code [0x0000015584183b20, 0x0000015584184548]
Event: 0.876 Thread 0x000001559a9ce800 nmethod 805 0x000001558b574b10 code [0x000001558b574d20, 0x000001558b575e60]
Event: 0.877 Thread 0x000001559a9ce800  837       4       jdk.internal.org.objectweb.asm.ByteVector::putUTF8 (142 bytes)
Event: 0.881 Thread 0x000001559a9ce800 nmethod 837 0x000001558b576890 code [0x000001558b576a60, 0x000001558b576dd8]
Event: 0.881 Thread 0x000001559a9ce800  843   !   4       jdk.internal.loader.URLClassPath$JarLoader::getResource (65 bytes)
Event: 0.883 Thread 0x000001559b237000  849   !   3       sun.nio.fs.WindowsPath::initOffsets (153 bytes)
Event: 0.885 Thread 0x000001559b237000 nmethod 849 0x0000015584184990 code [0x0000015584184e20, 0x0000015584187608]
Event: 0.922 Thread 0x000001559a9ce800 nmethod 843 0x000001558b577610 code [0x000001558b577900, 0x000001558b579110]
Event: 0.923 Thread 0x000001559a9ce800  844   !   4       jdk.internal.loader.URLClassPath$JarLoader::ensureOpen (36 bytes)
Event: 0.924 Thread 0x000001559b237000  852       3       java.lang.StringCoding$Result::with (12 bytes)
Event: 0.924 Thread 0x000001559a9ce800 nmethod 844 0x000001558b57a210 code [0x000001558b57a3c0, 0x000001558b57a4e8]
Event: 0.924 Thread 0x000001559a9ce800  845       4       java.util.jar.JarFile::getEntry (22 bytes)
Event: 0.924 Thread 0x000001559b237000 nmethod 852 0x0000015584188590 code [0x0000015584188740, 0x0000015584188898]
Event: 0.924 Thread 0x000001559b237000  853       3       java.util.jar.Manifest$FastInputStream::readLine (9 bytes)
Event: 0.924 Thread 0x000001559b237000 nmethod 853 0x0000015584188910 code [0x0000015584188ac0, 0x0000015584188c08]

GC Heap History (0 events):
No events

Deoptimization events (20 events):
Event: 0.800 Thread 0x00000155fbbcc800 Uncommon trap: trap_request=0xffffff4d fr.pc=0x000001558b54fa78 relative=0x0000000000000198
Event: 0.800 Thread 0x00000155fbbcc800 Uncommon trap: reason=unstable_if action=reinterpret pc=0x000001558b54fa78 method=java.util.regex.Matcher.reset()Ljava/util/regex/Matcher; @ 47 c2
Event: 0.800 Thread 0x00000155fbbcc800 DEOPT PACKING pc=0x000001558b54fa78 sp=0x0000002a9cefd9e0
Event: 0.800 Thread 0x00000155fbbcc800 DEOPT UNPACKING pc=0x0000015583a685af sp=0x0000002a9cefd968 mode 2
Event: 0.800 Thread 0x00000155fbbcc800 Uncommon trap: trap_request=0xffffffde fr.pc=0x000001558b550ba8 relative=0x0000000000000388
Event: 0.800 Thread 0x00000155fbbcc800 Uncommon trap: reason=class_check action=maybe_recompile pc=0x000001558b550ba8 method=java.util.regex.Matcher.match(II)Z @ 121 c2
Event: 0.800 Thread 0x00000155fbbcc800 DEOPT PACKING pc=0x000001558b550ba8 sp=0x0000002a9cefda30
Event: 0.800 Thread 0x00000155fbbcc800 DEOPT UNPACKING pc=0x0000015583a685af sp=0x0000002a9cefd9d8 mode 2
Event: 0.800 Thread 0x00000155fbbcc800 Uncommon trap: trap_request=0xffffffde fr.pc=0x000001558b550ba8 relative=0x0000000000000388
Event: 0.800 Thread 0x00000155fbbcc800 Uncommon trap: reason=class_check action=maybe_recompile pc=0x000001558b550ba8 method=java.util.regex.Matcher.match(II)Z @ 121 c2
Event: 0.800 Thread 0x00000155fbbcc800 DEOPT PACKING pc=0x000001558b550ba8 sp=0x0000002a9cefda30
Event: 0.800 Thread 0x00000155fbbcc800 DEOPT UNPACKING pc=0x0000015583a685af sp=0x0000002a9cefd9d8 mode 2
Event: 0.800 Thread 0x00000155fbbcc800 Uncommon trap: trap_request=0xffffffde fr.pc=0x000001558b550ba8 relative=0x0000000000000388
Event: 0.800 Thread 0x00000155fbbcc800 Uncommon trap: reason=class_check action=maybe_recompile pc=0x000001558b550ba8 method=java.util.regex.Matcher.match(II)Z @ 121 c2
Event: 0.800 Thread 0x00000155fbbcc800 DEOPT PACKING pc=0x000001558b550ba8 sp=0x0000002a9cefd8b0
Event: 0.800 Thread 0x00000155fbbcc800 DEOPT UNPACKING pc=0x0000015583a685af sp=0x0000002a9cefd858 mode 2
Event: 0.800 Thread 0x00000155fbbcc800 Uncommon trap: trap_request=0xffffffde fr.pc=0x000001558b550ba8 relative=0x0000000000000388
Event: 0.800 Thread 0x00000155fbbcc800 Uncommon trap: reason=class_check action=maybe_recompile pc=0x000001558b550ba8 method=java.util.regex.Matcher.match(II)Z @ 121 c2
Event: 0.800 Thread 0x00000155fbbcc800 DEOPT PACKING pc=0x000001558b550ba8 sp=0x0000002a9cefd8b0
Event: 0.800 Thread 0x00000155fbbcc800 DEOPT UNPACKING pc=0x0000015583a685af sp=0x0000002a9cefd858 mode 2

Classes redefined (0 events):
No events

Internal exceptions (5 events):
Event: 0.182 Thread 0x00000155fbbcc800 Exception <a 'java/lang/NoSuchMethodError'{0x000000008ba9e3e0}: 'int java.lang.invoke.DirectMethodHandle$Holder.invokeSpecialIFC(java.lang.Object, java.lang.Object, int)'> (0x000000008ba9e3e0) thrown at [./src/hotspot/share/interpreter/linkResolver.cpp, line 773]
Event: 0.272 Thread 0x00000155fbbcc800 Exception <a 'java/lang/NoSuchMethodError'{0x000000008b86c4b8}: 'int java.lang.invoke.DirectMethodHandle$Holder.invokeStaticInit(java.lang.Object, java.lang.Object)'> (0x000000008b86c4b8) thrown at [./src/hotspot/share/interpreter/linkResolver.cpp, line 773]
Event: 0.314 Thread 0x00000155fbbcc800 Exception <a 'java/lang/NoSuchMethodError'{0x000000008b72a6f8}: 'int java.lang.invoke.DirectMethodHandle$Holder.invokeSpecial(java.lang.Object, java.lang.Object, java.lang.Object, java.lang.Object)'> (0x000000008b72a6f8) thrown at [./src/hotspot/share/interpreter/linkResolver.cpp, line 773]
Event: 0.836 Thread 0x00000155fbbcc800 Exception <a 'java/lang/NoClassDefFoundError'{0x000000008a814398}: org/slf4j/impl/StaticMarkerBinder> (0x000000008a814398) thrown at [./src/hotspot/share/classfile/systemDictionary.cpp, line 220]
Event: 0.856 Thread 0x00000155fbbcc800 Exception <a 'java/lang/NoSuchMethodError'{0x000000008a8ac680}: 'java.lang.Object java.lang.invoke.DirectMethodHandle$Holder.invokeVirtual(java.lang.Object, java.lang.Object, java.lang.Object, java.lang.Object, java.lang.Object)'> (0x000000008a8ac680) thrown at [./src/hotspot/share/interpreter/linkResolver.cpp, line 773]

Events (20 events):
Event: 0.925 loading class org/gradle/internal/nativeintegration/jansi/JansiStorage
Event: 0.925 loading class org/gradle/internal/nativeintegration/jansi/JansiStorage done
Event: 0.926 loading class org/gradle/internal/logging/services/DefaultLoggingManager$ProcessConsoleAttachment
Event: 0.926 loading class org/gradle/internal/logging/services/DefaultLoggingManager$ProcessConsoleAttachment done
Event: 0.927 loading class org/gradle/internal/logging/sink/ConsoleConfigureAction
Event: 0.927 loading class org/gradle/internal/logging/sink/ConsoleConfigureAction done
Event: 0.927 loading class org/gradle/internal/logging/console/Console
Event: 0.927 loading class org/gradle/internal/logging/console/Console done
Event: 0.928 loading class org/gradle/internal/os/OperatingSystem$Windows
Event: 0.928 loading class org/gradle/internal/os/OperatingSystem$Windows done
Event: 0.929 loading class org/gradle/internal/os/OperatingSystem$MacOs
Event: 0.929 loading class org/gradle/internal/os/OperatingSystem$MacOs done
Event: 0.929 loading class org/gradle/internal/os/OperatingSystem$Unix
Event: 0.929 loading class org/gradle/internal/os/OperatingSystem$Unix done
Event: 0.930 loading class org/gradle/internal/os/OperatingSystem$Solaris
Event: 0.930 loading class org/gradle/internal/os/OperatingSystem$Solaris done
Event: 0.931 loading class org/gradle/internal/os/OperatingSystem$Linux
Event: 0.931 loading class org/gradle/internal/os/OperatingSystem$Linux done
Event: 0.931 loading class org/gradle/internal/os/OperatingSystem$FreeBSD
Event: 0.931 loading class org/gradle/internal/os/OperatingSystem$FreeBSD done


Dynamic libraries:
0x00007ff7ff5d0000 - 0x00007ff7ff5da000 	C:\Program Files\Android\Android Studio1\jre\bin\java.exe
0x00007ff8b3210000 - 0x00007ff8b3424000 	C:\WINDOWS\SYSTEM32\ntdll.dll
0x00007ff8b1050000 - 0x00007ff8b1112000 	C:\WINDOWS\System32\KERNEL32.DLL
0x00007ff8b0630000 - 0x00007ff8b09d3000 	C:\WINDOWS\System32\KERNELBASE.dll
0x00007ff8b0c20000 - 0x00007ff8b0d31000 	C:\WINDOWS\System32\ucrtbase.dll
0x00007ff887df0000 - 0x00007ff887e07000 	C:\Program Files\Android\Android Studio1\jre\bin\VCRUNTIME140.dll
0x00007ff887d80000 - 0x00007ff887d99000 	C:\Program Files\Android\Android Studio1\jre\bin\jli.dll
0x00007ff8b2890000 - 0x00007ff8b2a3b000 	C:\WINDOWS\System32\USER32.dll
0x00007ff8b0bf0000 - 0x00007ff8b0c16000 	C:\WINDOWS\System32\win32u.dll
0x00007ff8b13b0000 - 0x00007ff8b13d9000 	C:\WINDOWS\System32\GDI32.dll
0x00007ff8af840000 - 0x00007ff8aface000 	C:\WINDOWS\WinSxS\amd64_microsoft.windows.common-controls_6595b64144ccf1df_6.0.22621.1635_none_270f70857386168e\COMCTL32.dll
0x00007ff8b2750000 - 0x00007ff8b27f7000 	C:\WINDOWS\System32\msvcrt.dll
0x00007ff8b0d40000 - 0x00007ff8b0e58000 	C:\WINDOWS\System32\gdi32full.dll
0x00007ff8b09e0000 - 0x00007ff8b0a7a000 	C:\WINDOWS\System32\msvcp_win.dll
0x00007ff8b1010000 - 0x00007ff8b1041000 	C:\WINDOWS\System32\IMM32.DLL
0x00007ff87d610000 - 0x00007ff87d6ad000 	C:\Program Files\Android\Android Studio1\jre\bin\msvcp140.dll
0x00007ff83dc10000 - 0x00007ff83e712000 	C:\Program Files\Android\Android Studio1\jre\bin\server\jvm.dll
0x00007ff8b1300000 - 0x00007ff8b13ae000 	C:\WINDOWS\System32\ADVAPI32.dll
0x00007ff8b3110000 - 0x00007ff8b31b4000 	C:\WINDOWS\System32\sechost.dll
0x00007ff8b2390000 - 0x00007ff8b24a7000 	C:\WINDOWS\System32\RPCRT4.dll
0x00007ff8b31c0000 - 0x00007ff8b31c8000 	C:\WINDOWS\System32\PSAPI.DLL
0x00007ff8a87a0000 - 0x00007ff8a87d4000 	C:\WINDOWS\SYSTEM32\WINMM.dll
0x00007ff8a9dd0000 - 0x00007ff8a9dd9000 	C:\WINDOWS\SYSTEM32\WSOCK32.dll
0x00007ff8af620000 - 0x00007ff8af62a000 	C:\WINDOWS\SYSTEM32\VERSION.dll
0x00007ff8b2810000 - 0x00007ff8b2881000 	C:\WINDOWS\System32\WS2_32.dll
0x00007ff8ae7f0000 - 0x00007ff8ae808000 	C:\WINDOWS\SYSTEM32\kernel.appcore.dll
0x00007ff887d60000 - 0x00007ff887d71000 	C:\Program Files\Android\Android Studio1\jre\bin\verify.dll
0x00007ff8aff60000 - 0x00007ff8b018e000 	C:\WINDOWS\SYSTEM32\DBGHELP.DLL
0x00007ff8b13e0000 - 0x00007ff8b1769000 	C:\WINDOWS\System32\combase.dll
0x00007ff8b22b0000 - 0x00007ff8b2387000 	C:\WINDOWS\System32\OLEAUT32.dll
0x00007ff8afe20000 - 0x00007ff8afe52000 	C:\WINDOWS\SYSTEM32\dbgcore.DLL
0x00007ff8b0f90000 - 0x00007ff8b100b000 	C:\WINDOWS\System32\bcryptPrimitives.dll
0x00007ff881f80000 - 0x00007ff881fa9000 	C:\Program Files\Android\Android Studio1\jre\bin\java.dll
0x00007ff8a7e00000 - 0x00007ff8a7e0b000 	C:\Program Files\Android\Android Studio1\jre\bin\jimage.dll
0x00007ff884fc0000 - 0x00007ff884fd8000 	C:\Program Files\Android\Android Studio1\jre\bin\zip.dll
0x00007ff8b1770000 - 0x00007ff8b1f6a000 	C:\WINDOWS\System32\SHELL32.dll
0x00007ff8ad730000 - 0x00007ff8adffe000 	C:\WINDOWS\SYSTEM32\windows.storage.dll
0x00007ff8ad5f0000 - 0x00007ff8ad72e000 	C:\WINDOWS\SYSTEM32\wintypes.dll
0x00007ff8b1f70000 - 0x00007ff8b2061000 	C:\WINDOWS\System32\SHCORE.dll
0x00007ff8b20e0000 - 0x00007ff8b213e000 	C:\WINDOWS\System32\shlwapi.dll
0x00007ff8b0560000 - 0x00007ff8b0581000 	C:\WINDOWS\SYSTEM32\profapi.dll
0x00007ff8825f0000 - 0x00007ff88260a000 	C:\Program Files\Android\Android Studio1\jre\bin\net.dll
0x00007ff8a9510000 - 0x00007ff8a9647000 	C:\WINDOWS\SYSTEM32\WINHTTP.dll
0x00007ff8af430000 - 0x00007ff8af499000 	C:\WINDOWS\system32\mswsock.dll
0x00007ff87d0b0000 - 0x00007ff87d0c4000 	C:\Program Files\Android\Android Studio1\jre\bin\nio.dll
0x00007ff87b250000 - 0x00007ff87b276000 	C:\Users\Sreelakshmi\.gradle\native\fdc75f09e3144964f2cf3f50f0aa648679c211496f362492102eb8c894070792\windows-amd64\native-platform.dll
0x00007ff878bd0000 - 0x00007ff878d61000 	C:\Users\Sreelakshmi\.gradle\native\12488b8bf47d2d4c9fbf2f6322a914ad602e24e48041cd04a747c6da556b65c4\windows-amd64\native-platform-file-events.dll

dbghelp: loaded successfully - version: 4.0.5 - missing functions: none
symbol engine: initialized successfully - sym options: 0x614 - pdb path: .;C:\Program Files\Android\Android Studio1\jre\bin;C:\WINDOWS\SYSTEM32;C:\WINDOWS\WinSxS\amd64_microsoft.windows.common-controls_6595b64144ccf1df_6.0.22621.1635_none_270f70857386168e;C:\Program Files\Android\Android Studio1\jre\bin\server;C:\Users\Sreelakshmi\.gradle\native\fdc75f09e3144964f2cf3f50f0aa648679c211496f362492102eb8c894070792\windows-amd64;C:\Users\Sreelakshmi\.gradle\native\12488b8bf47d2d4c9fbf2f6322a914ad602e24e48041cd04a747c6da556b65c4\windows-amd64

VM Arguments:
jvm_args: -Dorg.gradle.appname=gradlew 
java_command: org.gradle.wrapper.GradleWrapperMain -q -Ptarget-platform=android-x86 -Ptarget=C:\Users\Sreelakshmi\Desktop\Mini\initial\lib\main.dart -Pdart-defines=RkxVVFRFUl9XRUJfQVVUT19ERVRFQ1Q9dHJ1ZQ== -Pdart-obfuscation=false -Ptrack-widget-creation=true -Ptree-shake-icons=false -Pfilesystem-scheme=org-dartlang-root assembleDebug
java_class_path (initial): C:\Users\Sreelakshmi\Desktop\Mini\initial\android\\gradle\wrapper\gradle-wrapper.jar
Launcher Type: SUN_STANDARD

[Global flags]
     intx CICompilerCount                          = 4                                         {product} {ergonomic}
     uint ConcGCThreads                            = 2                                         {product} {ergonomic}
     uint G1ConcRefinementThreads                  = 8                                         {product} {ergonomic}
   size_t G1HeapRegionSize                         = 1048576                                   {product} {ergonomic}
    uintx GCDrainStackTargetSize                   = 64                                        {product} {ergonomic}
   size_t InitialHeapSize                          = 132120576                                 {product} {ergonomic}
   size_t MarkStackSize                            = 4194304                                   {product} {ergonomic}
   size_t MaxHeapSize                              = 2082471936                                {product} {ergonomic}
   size_t MaxNewSize                               = 1248854016                                {product} {ergonomic}
   size_t MinHeapDeltaBytes                        = 1048576                                   {product} {ergonomic}
    uintx NonNMethodCodeHeapSize                   = 5836300                                {pd product} {ergonomic}
    uintx NonProfiledCodeHeapSize                  = 122910970                              {pd product} {ergonomic}
    uintx ProfiledCodeHeapSize                     = 122910970                              {pd product} {ergonomic}
    uintx ReservedCodeCacheSize                    = 251658240                              {pd product} {ergonomic}
     bool SegmentedCodeCache                       = true                                      {product} {ergonomic}
     bool UseCompressedClassPointers               = true                                 {lp64_product} {ergonomic}
     bool UseCompressedOops                        = true                                 {lp64_product} {ergonomic}
     bool UseG1GC                                  = true                                      {product} {ergonomic}
     bool UseLargePagesIndividualAllocation        = false                                  {pd product} {ergonomic}

Logging:
Log output configuration:
 #0: stdout all=warning uptime,level,tags
 #1: stderr all=off uptime,level,tags

Environment Variables:
JAVA_HOME=C:\Program Files\Android\Android Studio1\jre
CLASSPATH=C:\Users\Sreelakshmi\Desktop\Mini\initial\android\\gradle\wrapper\gradle-wrapper.jar
PATH=C:\Program Files\Python311\Scripts\;C:\Program Files\Python311\;C:\Program Files\Common Files\Oracle\Java\javapath;C:\windows\system32;C:\windows;C:\windows\System32\Wbem;C:\windows\System32\WindowsPowerShell\v1.0\;C:\windows\System32\OpenSSH\;C:\Program Files (x86)\NVIDIA Corporation\PhysX\Common;C:\Program Files\NVIDIA Corporation\NVIDIA NvDLISR;C:\mingw64\bin;C:\Program Files\Java\jdk-17.0.1;C:\WINDOWS\system32;C:\WINDOWS;C:\WINDOWS\System32\Wbem;C:\WINDOWS\System32\WindowsPowerShell\v1.0\;C:\WINDOWS\System32\OpenSSH\;C:\Program Files\Git\cmd;C:\Users\Sreelakshmi\AppData\Local\Microsoft\WindowsApps;C:\Users\Sreelakshmi\AppData\Local\Programs\Microsoft VS Code\bin;C:\iedc\flutter\bin;C:\src\flutter\bin;C:\dart-sdk\bin;;C:\iedc\flutter\bin\mingit\cmd
USERNAME=Sreelakshmi
OS=Windows_NT
PROCESSOR_IDENTIFIER=Intel64 Family 6 Model 140 Stepping 1, GenuineIntel



---------------  S Y S T E M  ---------------

OS: Windows 11 , 64 bit Build 22621 (10.0.22621.1635)
OS uptime: 0 days 17:33 hours

CPU:total 8 (initial active 8) (4 cores per cpu, 2 threads per core) family 6 model 140 stepping 1 microcode 0xa4, cmov, cx8, fxsr, mmx, sse, sse2, sse3, ssse3, sse4.1, sse4.2, popcnt, avx, avx2, aes, clmul, erms, 3dnowpref, lzcnt, ht, tsc, tscinvbit, bmi1, bmi2, adx, evex, sha, fma

Memory: 4k page, system-wide physical 7937M (149M free)
TotalPageFile size 16129M (AvailPageFile size 0M)
current process WorkingSet (physical memory assigned to process): 78M, peak: 78M
current process commit charge ("private bytes"): 218M, peak: 218M

vm_info: OpenJDK 64-Bit Server VM (11.0.13+0-b1751.21-8125866) for windows-amd64 JRE (11.0.13+0-b1751.21-8125866), built on Feb  2 2022 03:00:22 by "builder" with MS VC++ 14.0 (VS2015)

END.
