#
# There is insufficient memory for the Java Runtime Environment to continue.
# Native memory allocation (malloc) failed to allocate 1048576 bytes for AllocateHeap
# Possible reasons:
#   The system is out of physical RAM or swap space
#   The process is running with CompressedOops enabled, and the Java Heap may be blocking the growth of the native heap
# Possible solutions:
#   Reduce memory load on the system
#   Increase physical memory or swap space
#   Check if swap backing store is full
#   Decrease Java heap size (-Xmx/-Xms)
#   Decrease number of Java threads
#   Decrease Java thread stack sizes (-Xss)
#   Set larger code cache with -XX:ReservedCodeCacheSize=
#   JVM is running with Unscaled Compressed Oops mode in which the Java heap is
#     placed in the first 4GB address space. The Java Heap base address is the
#     maximum limit for the native heap growth. Please use -XX:HeapBaseMinAddress
#     to set the Java Heap base and to place the Java Heap above 4GB virtual address.
# This output file may be truncated or incomplete.
#
#  Out of Memory Error (allocation.cpp:44), pid=13168, tid=9052
#
# JRE version:  (17.0.1+12) (build )
# Java VM: Java HotSpot(TM) 64-Bit Server VM (17.0.1+12-LTS-39, mixed mode, sharing, tiered, compressed oops, compressed class ptrs, g1 gc, windows-amd64)
# No core dump will be written. Minidumps are not enabled by default on client versions of Windows
#

---------------  S U M M A R Y ------------

Command Line: 

Host: 11th Gen Intel(R) Core(TM) i5-11300H @ 3.10GHz, 8 cores, 7G,  Windows 10 , 64 bit Build 22621 (10.0.22621.1635)
Time: Sat May 20 20:54:36 2023 India Standard Time elapsed time: 0.011023 seconds (0d 0h 0m 0s)

---------------  T H R E A D  ---------------

Current thread (0x000002243818dd20):  JavaThread "Unknown thread" [_thread_in_vm, id=9052, stack(0x0000008ba3a00000,0x0000008ba3b00000)]

Stack: [0x0000008ba3a00000,0x0000008ba3b00000]
Native frames: (J=compiled Java code, j=interpreted, Vv=VM code, C=native code)
V  [jvm.dll+0x66fa1a]
V  [jvm.dll+0x7ce5a4]
V  [jvm.dll+0x7cfd4e]
V  [jvm.dll+0x7d03b3]
V  [jvm.dll+0x242b05]
V  [jvm.dll+0xa4673]
V  [jvm.dll+0x2e0b47]
V  [jvm.dll+0x2d8a1b]
V  [jvm.dll+0x7a01e1]
V  [jvm.dll+0x365791]
V  [jvm.dll+0x77f6cc]
V  [jvm.dll+0x3e812f]
V  [jvm.dll+0x3e9bd1]
C  [jli.dll+0x527b]
C  [ucrtbase.dll+0x29363]
C  [KERNEL32.DLL+0x126ad]
C  [ntdll.dll+0x5a9f8]


---------------  P R O C E S S  ---------------

Threads class SMR info:
_java_thread_list=0x00007ffe00477818, length=0, elements={
}

Java Threads: ( => current thread )

Other Threads:
  0x00000224381cb990 GCTaskThread "GC Thread#0" [stack: 0x0000008ba3b00000,0x0000008ba3c00000] [id=4784]

[error occurred during error reporting (printing all threads), id 0xc0000005, EXCEPTION_ACCESS_VIOLATION (0xc0000005) at pc=0x00007ffdffcc5a90]

VM state: not at safepoint (not fully initialized)

VM Mutex/Monitor currently owned by a thread:  ([mutex/lock_event])
[0x0000022438189780] Heap_lock - owner thread: 0x000002243818dd20

Heap address: 0x0000000083e00000, size: 1986 MB, Compressed Oops mode: 32-bit

CDS archive(s) mapped at: [0x0000000000000000-0x0000000000000000-0x0000000000000000), size 0, SharedBaseAddress: 0x0000000800000000, ArchiveRelocationMode: 0.
Narrow klass base: 0x0000000000000000, Narrow klass shift: 0, Narrow klass range: 0x0

GC Precious Log:
<Empty>

Heap:
 garbage-first heap   total 0K, used 0K [0x0000000083e00000, 0x0000000100000000)
  region size 1024K, 0 young (0K), 0 survivors (0K)

[error occurred during error reporting (printing heap information), id 0xc0000005, EXCEPTION_ACCESS_VIOLATION (0xc0000005) at pc=0x00007ffe000a8d89]

GC Heap History (0 events):
No events

Deoptimization events (0 events):
No events

Classes unloaded (0 events):
No events

Classes redefined (0 events):
No events

Internal exceptions (0 events):
No events

VM Operations (0 events):
No events

Events (1 events):
Event: 0.007 Loaded shared library C:\Program Files\Java\jdk-17.0.1\bin\java.dll


Dynamic libraries:
0x00007ff6b9f60000 - 0x00007ff6b9f70000 	C:\Program Files\Java\jdk-17.0.1\bin\java.exe
0x00007ffe65710000 - 0x00007ffe65924000 	C:\WINDOWS\SYSTEM32\ntdll.dll
0x00007ffe64030000 - 0x00007ffe640f2000 	C:\WINDOWS\System32\KERNEL32.DLL
0x00007ffe63130000 - 0x00007ffe634d3000 	C:\WINDOWS\System32\KERNELBASE.dll
0x00007ffe62bd0000 - 0x00007ffe62ce1000 	C:\WINDOWS\System32\ucrtbase.dll
0x00007ffe49a10000 - 0x00007ffe49a2a000 	C:\Program Files\Java\jdk-17.0.1\bin\VCRUNTIME140.dll
0x00007ffe473c0000 - 0x00007ffe473d8000 	C:\Program Files\Java\jdk-17.0.1\bin\jli.dll
0x00007ffe63f80000 - 0x00007ffe6402e000 	C:\WINDOWS\System32\ADVAPI32.dll
0x00007ffe644e0000 - 0x00007ffe64587000 	C:\WINDOWS\System32\msvcrt.dll
0x00007ffe63ec0000 - 0x00007ffe63f64000 	C:\WINDOWS\System32\sechost.dll
0x00007ffe64330000 - 0x00007ffe64447000 	C:\WINDOWS\System32\RPCRT4.dll
0x00007ffe64180000 - 0x00007ffe6432b000 	C:\WINDOWS\System32\USER32.dll
0x00007ffe634e0000 - 0x00007ffe63506000 	C:\WINDOWS\System32\win32u.dll
0x00007ffe467e0000 - 0x00007ffe46a6e000 	C:\WINDOWS\WinSxS\amd64_microsoft.windows.common-controls_6595b64144ccf1df_6.0.22621.1635_none_270f70857386168e\COMCTL32.dll
0x00007ffe649e0000 - 0x00007ffe64a09000 	C:\WINDOWS\System32\GDI32.dll
0x00007ffe62d70000 - 0x00007ffe62e88000 	C:\WINDOWS\System32\gdi32full.dll
0x00007ffe62b30000 - 0x00007ffe62bca000 	C:\WINDOWS\System32\msvcp_win.dll
0x00007ffe58460000 - 0x00007ffe5846a000 	C:\WINDOWS\SYSTEM32\VERSION.dll
0x00007ffe65690000 - 0x00007ffe656c1000 	C:\WINDOWS\System32\IMM32.DLL
0x00007ffe5d580000 - 0x00007ffe5d58c000 	C:\Program Files\Java\jdk-17.0.1\bin\vcruntime140_1.dll
0x00007ffe16440000 - 0x00007ffe164cd000 	C:\Program Files\Java\jdk-17.0.1\bin\msvcp140.dll
0x00007ffdff9e0000 - 0x00007ffe0059e000 	C:\Program Files\Java\jdk-17.0.1\bin\server\jvm.dll
0x00007ffe64450000 - 0x00007ffe64458000 	C:\WINDOWS\System32\PSAPI.DLL
0x00007ffe5a3c0000 - 0x00007ffe5a3f4000 	C:\WINDOWS\SYSTEM32\WINMM.dll
0x00007ffe5bda0000 - 0x00007ffe5bda9000 	C:\WINDOWS\SYSTEM32\WSOCK32.dll
0x00007ffe64100000 - 0x00007ffe64171000 	C:\WINDOWS\System32\WS2_32.dll
0x00007ffe61c70000 - 0x00007ffe61c88000 	C:\WINDOWS\SYSTEM32\kernel.appcore.dll
0x00007ffe5b800000 - 0x00007ffe5b80a000 	C:\Program Files\Java\jdk-17.0.1\bin\jimage.dll
0x00007ffe60450000 - 0x00007ffe6067e000 	C:\WINDOWS\SYSTEM32\DBGHELP.DLL
0x00007ffe64590000 - 0x00007ffe64919000 	C:\WINDOWS\System32\combase.dll
0x00007ffe64b10000 - 0x00007ffe64be7000 	C:\WINDOWS\System32\OLEAUT32.dll
0x00007ffe57f80000 - 0x00007ffe57fb2000 	C:\WINDOWS\SYSTEM32\dbgcore.DLL
0x00007ffe62cf0000 - 0x00007ffe62d6b000 	C:\WINDOWS\System32\bcryptPrimitives.dll
0x00007ffe45f40000 - 0x00007ffe45f65000 	C:\Program Files\Java\jdk-17.0.1\bin\java.dll

dbghelp: loaded successfully - version: 4.0.5 - missing functions: none
symbol engine: initialized successfully - sym options: 0x614 - pdb path: .;C:\Program Files\Java\jdk-17.0.1\bin;C:\WINDOWS\SYSTEM32;C:\WINDOWS\WinSxS\amd64_microsoft.windows.common-controls_6595b64144ccf1df_6.0.22621.1635_none_270f70857386168e;C:\Program Files\Java\jdk-17.0.1\bin\server

VM Arguments:
java_command: <unknown>
java_class_path (initial): <not set>
Launcher Type: SUN_STANDARD

[Global flags]
     intx CICompilerCount                          = 4                                         {product} {ergonomic}
     uint ConcGCThreads                            = 2                                         {product} {ergonomic}
     uint G1ConcRefinementThreads                  = 8                                         {product} {ergonomic}
   size_t G1HeapRegionSize                         = 1048576                                   {product} {ergonomic}
    uintx GCDrainStackTargetSize                   = 64                                        {product} {ergonomic}
   size_t InitialHeapSize                          = 132120576                                 {product} {ergonomic}
   size_t MarkStackSize                            = 4194304                                   {product} {ergonomic}
   size_t MaxHeapSize                              = 2082471936                                {product} {ergonomic}
   size_t MinHeapDeltaBytes                        = 1048576                                   {product} {ergonomic}
   size_t MinHeapSize                              = 8388608                                   {product} {ergonomic}
    uintx NonNMethodCodeHeapSize                   = 5839372                                {pd product} {ergonomic}
    uintx NonProfiledCodeHeapSize                  = 122909434                              {pd product} {ergonomic}
    uintx ProfiledCodeHeapSize                     = 122909434                              {pd product} {ergonomic}
    uintx ReservedCodeCacheSize                    = 251658240                              {pd product} {ergonomic}
     bool SegmentedCodeCache                       = true                                      {product} {ergonomic}
   size_t SoftMaxHeapSize                          = 2082471936                             {manageable} {ergonomic}
     bool UseCompressedClassPointers               = true                           {product lp64_product} {ergonomic}
     bool UseCompressedOops                        = true                           {product lp64_product} {ergonomic}
     bool UseG1GC                                  = true                                      {product} {ergonomic}
     bool UseLargePagesIndividualAllocation        = false                                  {pd product} {ergonomic}

Logging:
Log output configuration:
 #0: stdout all=warning uptime,level,tags
 #1: stderr all=off uptime,level,tags

Environment Variables:
PATH=C:\Program Files\Python311\Scripts\;C:\Program Files\Python311\;C:\Program Files\Common Files\Oracle\Java\javapath;C:\windows\system32;C:\windows;C:\windows\System32\Wbem;C:\windows\System32\WindowsPowerShell\v1.0\;C:\windows\System32\OpenSSH\;C:\Program Files (x86)\NVIDIA Corporation\PhysX\Common;C:\Program Files\NVIDIA Corporation\NVIDIA NvDLISR;C:\mingw64\bin;C:\Program Files\Java\jdk-17.0.1;C:\WINDOWS\system32;C:\WINDOWS;C:\WINDOWS\System32\Wbem;C:\WINDOWS\System32\WindowsPowerShell\v1.0\;C:\WINDOWS\System32\OpenSSH\;C:\Program Files\Git\cmd;C:\Users\Sreelakshmi\AppData\Local\Microsoft\WindowsApps;C:\Users\Sreelakshmi\AppData\Local\Programs\Microsoft VS Code\bin;C:\iedc\flutter\bin;C:\src\flutter\bin;C:\dart-sdk\bin;;C:\iedc\flutter\bin\mingit\cmd
USERNAME=Sreelakshmi
OS=Windows_NT
PROCESSOR_IDENTIFIER=Intel64 Family 6 Model 140 Stepping 1, GenuineIntel



---------------  S Y S T E M  ---------------

OS:
 Windows 10 , 64 bit Build 22621 (10.0.22621.1635)
OS uptime: 0 days 6:24 hours

CPU: total 8 (initial active 8) (4 cores per cpu, 2 threads per core) family 6 model 140 stepping 1 microcode 0xa4, cx8, cmov, fxsr, ht, mmx, 3dnowpref, sse, sse2, sse3, ssse3, sse4.1, sse4.2, popcnt, lzcnt, tsc, tscinvbit, avx, avx2, aes, erms, clmul, bmi1, bmi2, adx, avx512f, avx512dq, avx512cd, avx512bw, avx512vl, sha, fma, vzeroupper, avx512_vpopcntdq, avx512_vpclmulqdq, avx512_vaes, avx512_vnni, clflush, clflushopt, clwb, avx512_vbmi2, avx512_vbmi

Memory: 4k page, system-wide physical 7937M (286M free)
TotalPageFile size 16129M (AvailPageFile size 4M)
current process WorkingSet (physical memory assigned to process): 10M, peak: 10M
current process commit charge ("private bytes"): 52M, peak: 53M

vm_info: Java HotSpot(TM) 64-Bit Server VM (17.0.1+12-LTS-39) for windows-amd64 JRE (17.0.1+12-LTS-39), built on Sep 27 2021 18:41:35 by "mach5one" with MS VC++ 16.8 (VS2019)

END.
