#
# There is insufficient memory for the Java Runtime Environment to continue.
# Native memory allocation (malloc) failed to allocate 1048576 bytes for AllocateHeap
# Possible reasons:
#   The system is out of physical RAM or swap space
#   The process is running with CompressedOops enabled, and the Java Heap may be blocking the growth of the native heap
# Possible solutions:
#   Reduce memory load on the system
#   Increase physical memory or swap space
#   Check if swap backing store is full
#   Decrease Java heap size (-Xmx/-Xms)
#   Decrease number of Java threads
#   Decrease Java thread stack sizes (-Xss)
#   Set larger code cache with -XX:ReservedCodeCacheSize=
#   JVM is running with Unscaled Compressed Oops mode in which the Java heap is
#     placed in the first 4GB address space. The Java Heap base address is the
#     maximum limit for the native heap growth. Please use -XX:HeapBaseMinAddress
#     to set the Java Heap base and to place the Java Heap above 4GB virtual address.
# This output file may be truncated or incomplete.
#
#  Out of Memory Error (./src/hotspot/share/memory/allocation.cpp:46), pid=17052, tid=1804
#
# JRE version: OpenJDK Runtime Environment (11.0.13) (build 11.0.13+0-b1751.21-8125866)
# Java VM: OpenJDK 64-Bit Server VM (11.0.13+0-b1751.21-8125866, mixed mode, tiered, compressed oops, g1 gc, windows-amd64)
# No core dump will be written. Minidumps are not enabled by default on client versions of Windows
#

---------------  S U M M A R Y ------------

Command Line: -Dorg.gradle.appname=gradlew org.gradle.wrapper.GradleWrapperMain -q -Ptarget-platform=android-x86 -Ptarget=C:\Users\Sreelakshmi\Desktop\Mini\initial\lib\main.dart -Pdart-defines=RkxVVFRFUl9XRUJfQVVUT19ERVRFQ1Q9dHJ1ZQ== -Pdart-obfuscation=false -Ptrack-widget-creation=true -Ptree-shake-icons=false -Pfilesystem-scheme=org-dartlang-root assembleDebug

Host: 11th Gen Intel(R) Core(TM) i5-11300H @ 3.10GHz, 8 cores, 7G,  Windows 11 , 64 bit Build 22621 (10.0.22621.1635)
Time: Fri May 26 11:07:15 2023 India Standard Time elapsed time: 0.846668 seconds (0d 0h 0m 0s)

---------------  T H R E A D  ---------------

Current thread (0x000001d7cd401800):  VMThread "VM Thread" [stack: 0x000000818c700000,0x000000818c800000] [id=1804]

Stack: [0x000000818c700000,0x000000818c800000]
[error occurred during error reporting (printing stack bounds), id 0xc0000005, EXCEPTION_ACCESS_VIOLATION (0xc0000005) at pc=0x000001d7b6cb12e7]

Native frames: (J=compiled Java code, j=interpreted, Vv=VM code, C=native code)
V  [jvm.dll+0x6100fa]
V  [jvm.dll+0x747090]
V  [jvm.dll+0x7486ad]
V  [jvm.dll+0x748ce5]
V  [jvm.dll+0x748c9b]
V  [jvm.dll+0x60f224]
V  [jvm.dll+0x60f9b8]
C  [ntdll.dll+0xa3cff]
C  [ntdll.dll+0x1e456]
C  [ntdll.dll+0xa2cee]
C  0x000001d7b6cb12e7

VM_Operation (0x000000818c1fb210): CollectForMetadataAllocation, mode: safepoint, requested by thread 0x000001d7b31a0000


---------------  P R O C E S S  ---------------

Threads class SMR info:
_java_thread_list=0x000001d7cdf08610, length=10, elements={
0x000001d7b31a0000, 0x000001d7cd425800, 0x000001d7cd435000, 0x000001d7cd445800,
0x000001d7cd447800, 0x000001d7cd449000, 0x000001d7cd44b000, 0x000001d7cdd97800,
0x000001d7cdd9c000, 0x000001d7cdf0a000
}

Java Threads: ( => current thread )
  0x000001d7b31a0000 JavaThread "main" [_thread_blocked, id=14308, stack(0x000000818c100000,0x000000818c200000)]
  0x000001d7cd425800 JavaThread "Reference Handler" daemon [_thread_blocked, id=18804, stack(0x000000818c800000,0x000000818c900000)]
  0x000001d7cd435000 JavaThread "Finalizer" daemon [_thread_blocked, id=16376, stack(0x000000818c900000,0x000000818ca00000)]
  0x000001d7cd445800 JavaThread "Signal Dispatcher" daemon [_thread_blocked, id=13260, stack(0x000000818ca00000,0x000000818cb00000)]
  0x000001d7cd447800 JavaThread "Attach Listener" daemon [_thread_blocked, id=9096, stack(0x000000818cb00000,0x000000818cc00000)]
  0x000001d7cd449000 JavaThread "Service Thread" daemon [_thread_blocked, id=18540, stack(0x000000818cc00000,0x000000818cd00000)]
  0x000001d7cd44b000 JavaThread "C2 CompilerThread0" daemon [_thread_blocked, id=22292, stack(0x000000818cd00000,0x000000818ce00000)]
  0x000001d7cdd97800 JavaThread "C1 CompilerThread0" daemon [_thread_blocked, id=14288, stack(0x000000818ce00000,0x000000818cf00000)]
  0x000001d7cdd9c000 JavaThread "Sweeper thread" daemon [_thread_blocked, id=10912, stack(0x000000818cf00000,0x000000818d000000)]
  0x000001d7cdf0a000 JavaThread "Common-Cleaner" daemon [_thread_blocked, id=10196, stack(0x000000818d100000,0x000000818d200000)]

Other Threads:
=>0x000001d7cd401800 VMThread "VM Thread" [stack: 0x000000818c700000,0x000000818c800000] [id=1804]
  0x000001d7cdefe800 WatcherThread [stack: 0x000000818d000000,0x000000818d100000] [id=19996]
  0x000001d7b31b4000 GCTaskThread "GC Thread#0" [stack: 0x000000818c200000,0x000000818c300000] [id=4500]
  0x000001d7cde3e000 GCTaskThread "GC Thread#1" [stack: 0x000000818d200000,0x000000818d300000] [id=18000]
  0x000001d7cde40800 GCTaskThread "GC Thread#2" [stack: 0x000000818d300000,0x000000818d400000] [id=18948]
  0x000001d7b31e4000 ConcurrentGCThread "G1 Main Marker" [stack: 0x000000818c300000,0x000000818c400000] [id=11312]
  0x000001d7b31ea000 ConcurrentGCThread "G1 Conc#0" [stack: 0x000000818c400000,0x000000818c500000] [id=11056]
  0x000001d7cde3b800 ConcurrentGCThread "G1 Conc#1" [stack: 0x000000818d400000,0x000000818d500000] [id=6840]
  0x000001d7cd270800 ConcurrentGCThread "G1 Refine#0" [stack: 0x000000818c500000,0x000000818c600000] [id=15764]
  0x000001d7b326d800 ConcurrentGCThread "G1 Young RemSet Sampling" [stack: 0x000000818c600000,0x000000818c700000] [id=19132]

Threads with active compile tasks:

VM state:at safepoint (normal execution)

VM Mutex/Monitor currently owned by a thread:  ([mutex/lock_event])
[0x000001d7b319ba50] Threads_lock - owner thread: 0x000001d7cd401800
[0x000001d7b319bff0] Heap_lock - owner thread: 0x000001d7b31a0000

Heap address: 0x0000000083e00000, size: 1986 MB, Compressed Oops mode: 32-bit
Narrow klass base: 0x0000000000000000, Narrow klass shift: 3
Compressed class space size: 1073741824 Address: 0x0000000100000000

Heap:
 garbage-first heap   total 129024K, used 8623K [0x0000000083e00000, 0x0000000100000000)
  region size 1024K, 3 young (3072K), 3 survivors (3072K)
 Metaspace       used 8930K, capacity 9072K, committed 9088K, reserved 1064960K
  class space    used 827K, capacity 891K, committed 896K, reserved 1048576K
Heap Regions: E=young(eden), S=young(survivor), O=old, HS=humongous(starts), HC=humongous(continues), CS=collection set, F=free, A=archive, TAMS=top-at-mark-start (previous, next)
|   0|0x0000000083e00000, 0x0000000083e00000, 0x0000000083f00000|  0%| F|  |TAMS 0x0000000083e00000, 0x0000000083e00000| Untracked 
|   1|0x0000000083f00000, 0x0000000083f00000, 0x0000000084000000|  0%| F|  |TAMS 0x0000000083f00000, 0x0000000083f00000| Untracked 
|   2|0x0000000084000000, 0x0000000084000000, 0x0000000084100000|  0%| F|  |TAMS 0x0000000084000000, 0x0000000084000000| Untracked 
|   3|0x0000000084100000, 0x0000000084200000, 0x0000000084200000|100%|HS|  |TAMS 0x0000000084100000, 0x0000000084200000| Complete 
|   4|0x0000000084200000, 0x0000000084300000, 0x0000000084300000|100%|HC|  |TAMS 0x0000000084200000, 0x0000000084300000| Complete 
|   5|0x0000000084300000, 0x0000000084400000, 0x0000000084400000|100%|HC|  |TAMS 0x0000000084300000, 0x0000000084400000| Complete 
|   6|0x0000000084400000, 0x0000000084500000, 0x0000000084500000|100%| O|  |TAMS 0x0000000084400000, 0x0000000084500000| Untracked 
|   7|0x0000000084500000, 0x0000000084600000, 0x0000000084600000|100%| O|  |TAMS 0x0000000084500000, 0x0000000084600000| Untracked 
|   8|0x0000000084600000, 0x000000008466bc00, 0x0000000084700000| 42%| O|  |TAMS 0x0000000084600000, 0x000000008466bc00| Untracked 
|   9|0x0000000084700000, 0x0000000084700000, 0x0000000084800000|  0%| F|  |TAMS 0x0000000084700000, 0x0000000084700000| Untracked 
|  10|0x0000000084800000, 0x0000000084800000, 0x0000000084900000|  0%| F|  |TAMS 0x0000000084800000, 0x0000000084800000| Untracked 
|  11|0x0000000084900000, 0x0000000084900000, 0x0000000084a00000|  0%| F|  |TAMS 0x0000000084900000, 0x0000000084900000| Untracked 
|  12|0x0000000084a00000, 0x0000000084a00000, 0x0000000084b00000|  0%| F|  |TAMS 0x0000000084a00000, 0x0000000084a00000| Untracked 
|  13|0x0000000084b00000, 0x0000000084b00000, 0x0000000084c00000|  0%| F|  |TAMS 0x0000000084b00000, 0x0000000084b00000| Untracked 
|  14|0x0000000084c00000, 0x0000000084c00000, 0x0000000084d00000|  0%| F|  |TAMS 0x0000000084c00000, 0x0000000084c00000| Untracked 
|  15|0x0000000084d00000, 0x0000000084d00000, 0x0000000084e00000|  0%| F|  |TAMS 0x0000000084d00000, 0x0000000084d00000| Untracked 
|  16|0x0000000084e00000, 0x0000000084e00000, 0x0000000084f00000|  0%| F|  |TAMS 0x0000000084e00000, 0x0000000084e00000| Untracked 
|  17|0x0000000084f00000, 0x0000000084f00000, 0x0000000085000000|  0%| F|  |TAMS 0x0000000084f00000, 0x0000000084f00000| Untracked 
|  18|0x0000000085000000, 0x0000000085000000, 0x0000000085100000|  0%| F|  |TAMS 0x0000000085000000, 0x0000000085000000| Untracked 
|  19|0x0000000085100000, 0x0000000085100000, 0x0000000085200000|  0%| F|  |TAMS 0x0000000085100000, 0x0000000085100000| Untracked 
|  20|0x0000000085200000, 0x0000000085200000, 0x0000000085300000|  0%| F|  |TAMS 0x0000000085200000, 0x0000000085200000| Untracked 
|  21|0x0000000085300000, 0x0000000085300000, 0x0000000085400000|  0%| F|  |TAMS 0x0000000085300000, 0x0000000085300000| Untracked 
|  22|0x0000000085400000, 0x0000000085400000, 0x0000000085500000|  0%| F|  |TAMS 0x0000000085400000, 0x0000000085400000| Untracked 
|  23|0x0000000085500000, 0x0000000085500000, 0x0000000085600000|  0%| F|  |TAMS 0x0000000085500000, 0x0000000085500000| Untracked 
|  24|0x0000000085600000, 0x0000000085600000, 0x0000000085700000|  0%| F|  |TAMS 0x0000000085600000, 0x0000000085600000| Untracked 
|  25|0x0000000085700000, 0x0000000085700000, 0x0000000085800000|  0%| F|  |TAMS 0x0000000085700000, 0x0000000085700000| Untracked 
|  26|0x0000000085800000, 0x0000000085800000, 0x0000000085900000|  0%| F|  |TAMS 0x0000000085800000, 0x0000000085800000| Untracked 
|  27|0x0000000085900000, 0x0000000085900000, 0x0000000085a00000|  0%| F|  |TAMS 0x0000000085900000, 0x0000000085900000| Untracked 
|  28|0x0000000085a00000, 0x0000000085a00000, 0x0000000085b00000|  0%| F|  |TAMS 0x0000000085a00000, 0x0000000085a00000| Untracked 
|  29|0x0000000085b00000, 0x0000000085b00000, 0x0000000085c00000|  0%| F|  |TAMS 0x0000000085b00000, 0x0000000085b00000| Untracked 
|  30|0x0000000085c00000, 0x0000000085c00000, 0x0000000085d00000|  0%| F|  |TAMS 0x0000000085c00000, 0x0000000085c00000| Untracked 
|  31|0x0000000085d00000, 0x0000000085d00000, 0x0000000085e00000|  0%| F|  |TAMS 0x0000000085d00000, 0x0000000085d00000| Untracked 
|  32|0x0000000085e00000, 0x0000000085e00000, 0x0000000085f00000|  0%| F|  |TAMS 0x0000000085e00000, 0x0000000085e00000| Untracked 
|  33|0x0000000085f00000, 0x0000000085f00000, 0x0000000086000000|  0%| F|  |TAMS 0x0000000085f00000, 0x0000000085f00000| Untracked 
|  34|0x0000000086000000, 0x0000000086000000, 0x0000000086100000|  0%| F|  |TAMS 0x0000000086000000, 0x0000000086000000| Untracked 
|  35|0x0000000086100000, 0x0000000086100000, 0x0000000086200000|  0%| F|  |TAMS 0x0000000086100000, 0x0000000086100000| Untracked 
|  36|0x0000000086200000, 0x0000000086200000, 0x0000000086300000|  0%| F|  |TAMS 0x0000000086200000, 0x0000000086200000| Untracked 
|  37|0x0000000086300000, 0x0000000086300000, 0x0000000086400000|  0%| F|  |TAMS 0x0000000086300000, 0x0000000086300000| Untracked 
|  38|0x0000000086400000, 0x0000000086400000, 0x0000000086500000|  0%| F|  |TAMS 0x0000000086400000, 0x0000000086400000| Untracked 
|  39|0x0000000086500000, 0x0000000086500000, 0x0000000086600000|  0%| F|  |TAMS 0x0000000086500000, 0x0000000086500000| Untracked 
|  40|0x0000000086600000, 0x0000000086600000, 0x0000000086700000|  0%| F|  |TAMS 0x0000000086600000, 0x0000000086600000| Untracked 
|  41|0x0000000086700000, 0x0000000086700000, 0x0000000086800000|  0%| F|  |TAMS 0x0000000086700000, 0x0000000086700000| Untracked 
|  42|0x0000000086800000, 0x0000000086800000, 0x0000000086900000|  0%| F|  |TAMS 0x0000000086800000, 0x0000000086800000| Untracked 
|  43|0x0000000086900000, 0x0000000086900000, 0x0000000086a00000|  0%| F|  |TAMS 0x0000000086900000, 0x0000000086900000| Untracked 
|  44|0x0000000086a00000, 0x0000000086a00000, 0x0000000086b00000|  0%| F|  |TAMS 0x0000000086a00000, 0x0000000086a00000| Untracked 
|  45|0x0000000086b00000, 0x0000000086b00000, 0x0000000086c00000|  0%| F|  |TAMS 0x0000000086b00000, 0x0000000086b00000| Untracked 
|  46|0x0000000086c00000, 0x0000000086c00000, 0x0000000086d00000|  0%| F|  |TAMS 0x0000000086c00000, 0x0000000086c00000| Untracked 
|  47|0x0000000086d00000, 0x0000000086d00000, 0x0000000086e00000|  0%| F|  |TAMS 0x0000000086d00000, 0x0000000086d00000| Untracked 
|  48|0x0000000086e00000, 0x0000000086e00000, 0x0000000086f00000|  0%| F|  |TAMS 0x0000000086e00000, 0x0000000086e00000| Untracked 
|  49|0x0000000086f00000, 0x0000000086f00000, 0x0000000087000000|  0%| F|  |TAMS 0x0000000086f00000, 0x0000000086f00000| Untracked 
|  50|0x0000000087000000, 0x0000000087000000, 0x0000000087100000|  0%| F|  |TAMS 0x0000000087000000, 0x0000000087000000| Untracked 
|  51|0x0000000087100000, 0x0000000087100000, 0x0000000087200000|  0%| F|  |TAMS 0x0000000087100000, 0x0000000087100000| Untracked 
|  52|0x0000000087200000, 0x0000000087200000, 0x0000000087300000|  0%| F|  |TAMS 0x0000000087200000, 0x0000000087200000| Untracked 
|  53|0x0000000087300000, 0x0000000087300000, 0x0000000087400000|  0%| F|  |TAMS 0x0000000087300000, 0x0000000087300000| Untracked 
|  54|0x0000000087400000, 0x0000000087400000, 0x0000000087500000|  0%| F|  |TAMS 0x0000000087400000, 0x0000000087400000| Untracked 
|  55|0x0000000087500000, 0x0000000087500000, 0x0000000087600000|  0%| F|  |TAMS 0x0000000087500000, 0x0000000087500000| Untracked 
|  56|0x0000000087600000, 0x0000000087600000, 0x0000000087700000|  0%| F|  |TAMS 0x0000000087600000, 0x0000000087600000| Untracked 
|  57|0x0000000087700000, 0x0000000087700000, 0x0000000087800000|  0%| F|  |TAMS 0x0000000087700000, 0x0000000087700000| Untracked 
|  58|0x0000000087800000, 0x0000000087800000, 0x0000000087900000|  0%| F|  |TAMS 0x0000000087800000, 0x0000000087800000| Untracked 
|  59|0x0000000087900000, 0x0000000087900000, 0x0000000087a00000|  0%| F|  |TAMS 0x0000000087900000, 0x0000000087900000| Untracked 
|  60|0x0000000087a00000, 0x0000000087a00000, 0x0000000087b00000|  0%| F|  |TAMS 0x0000000087a00000, 0x0000000087a00000| Untracked 
|  61|0x0000000087b00000, 0x0000000087b00000, 0x0000000087c00000|  0%| F|  |TAMS 0x0000000087b00000, 0x0000000087b00000| Untracked 
|  62|0x0000000087c00000, 0x0000000087c00000, 0x0000000087d00000|  0%| F|  |TAMS 0x0000000087c00000, 0x0000000087c00000| Untracked 
|  63|0x0000000087d00000, 0x0000000087d00000, 0x0000000087e00000|  0%| F|  |TAMS 0x0000000087d00000, 0x0000000087d00000| Untracked 
|  64|0x0000000087e00000, 0x0000000087e00000, 0x0000000087f00000|  0%| F|  |TAMS 0x0000000087e00000, 0x0000000087e00000| Untracked 
|  65|0x0000000087f00000, 0x0000000087f00000, 0x0000000088000000|  0%| F|  |TAMS 0x0000000087f00000, 0x0000000087f00000| Untracked 
|  66|0x0000000088000000, 0x0000000088000000, 0x0000000088100000|  0%| F|  |TAMS 0x0000000088000000, 0x0000000088000000| Untracked 
|  67|0x0000000088100000, 0x0000000088100000, 0x0000000088200000|  0%| F|  |TAMS 0x0000000088100000, 0x0000000088100000| Untracked 
|  68|0x0000000088200000, 0x0000000088200000, 0x0000000088300000|  0%| F|  |TAMS 0x0000000088200000, 0x0000000088200000| Untracked 
|  69|0x0000000088300000, 0x0000000088300000, 0x0000000088400000|  0%| F|  |TAMS 0x0000000088300000, 0x0000000088300000| Untracked 
|  70|0x0000000088400000, 0x0000000088400000, 0x0000000088500000|  0%| F|  |TAMS 0x0000000088400000, 0x0000000088400000| Untracked 
|  71|0x0000000088500000, 0x0000000088500000, 0x0000000088600000|  0%| F|  |TAMS 0x0000000088500000, 0x0000000088500000| Untracked 
|  72|0x0000000088600000, 0x0000000088600000, 0x0000000088700000|  0%| F|  |TAMS 0x0000000088600000, 0x0000000088600000| Untracked 
|  73|0x0000000088700000, 0x0000000088700000, 0x0000000088800000|  0%| F|  |TAMS 0x0000000088700000, 0x0000000088700000| Untracked 
|  74|0x0000000088800000, 0x0000000088800000, 0x0000000088900000|  0%| F|  |TAMS 0x0000000088800000, 0x0000000088800000| Untracked 
|  75|0x0000000088900000, 0x0000000088900000, 0x0000000088a00000|  0%| F|  |TAMS 0x0000000088900000, 0x0000000088900000| Untracked 
|  76|0x0000000088a00000, 0x0000000088a00000, 0x0000000088b00000|  0%| F|  |TAMS 0x0000000088a00000, 0x0000000088a00000| Untracked 
|  77|0x0000000088b00000, 0x0000000088b00000, 0x0000000088c00000|  0%| F|  |TAMS 0x0000000088b00000, 0x0000000088b00000| Untracked 
|  78|0x0000000088c00000, 0x0000000088c00000, 0x0000000088d00000|  0%| F|  |TAMS 0x0000000088c00000, 0x0000000088c00000| Untracked 
|  79|0x0000000088d00000, 0x0000000088d00000, 0x0000000088e00000|  0%| F|  |TAMS 0x0000000088d00000, 0x0000000088d00000| Untracked 
|  80|0x0000000088e00000, 0x0000000088e00000, 0x0000000088f00000|  0%| F|  |TAMS 0x0000000088e00000, 0x0000000088e00000| Untracked 
|  81|0x0000000088f00000, 0x0000000088f00000, 0x0000000089000000|  0%| F|  |TAMS 0x0000000088f00000, 0x0000000088f00000| Untracked 
|  82|0x0000000089000000, 0x0000000089000000, 0x0000000089100000|  0%| F|  |TAMS 0x0000000089000000, 0x0000000089000000| Untracked 
|  83|0x0000000089100000, 0x0000000089100000, 0x0000000089200000|  0%| F|  |TAMS 0x0000000089100000, 0x0000000089100000| Untracked 
|  84|0x0000000089200000, 0x0000000089200000, 0x0000000089300000|  0%| F|  |TAMS 0x0000000089200000, 0x0000000089200000| Untracked 
|  85|0x0000000089300000, 0x0000000089300000, 0x0000000089400000|  0%| F|  |TAMS 0x0000000089300000, 0x0000000089300000| Untracked 
|  86|0x0000000089400000, 0x0000000089400000, 0x0000000089500000|  0%| F|  |TAMS 0x0000000089400000, 0x0000000089400000| Untracked 
|  87|0x0000000089500000, 0x0000000089500000, 0x0000000089600000|  0%| F|  |TAMS 0x0000000089500000, 0x0000000089500000| Untracked 
|  88|0x0000000089600000, 0x0000000089600000, 0x0000000089700000|  0%| F|  |TAMS 0x0000000089600000, 0x0000000089600000| Untracked 
|  89|0x0000000089700000, 0x0000000089700000, 0x0000000089800000|  0%| F|  |TAMS 0x0000000089700000, 0x0000000089700000| Untracked 
|  90|0x0000000089800000, 0x0000000089800000, 0x0000000089900000|  0%| F|  |TAMS 0x0000000089800000, 0x0000000089800000| Untracked 
|  91|0x0000000089900000, 0x0000000089900000, 0x0000000089a00000|  0%| F|  |TAMS 0x0000000089900000, 0x0000000089900000| Untracked 
|  92|0x0000000089a00000, 0x0000000089a00000, 0x0000000089b00000|  0%| F|  |TAMS 0x0000000089a00000, 0x0000000089a00000| Untracked 
|  93|0x0000000089b00000, 0x0000000089b00000, 0x0000000089c00000|  0%| F|  |TAMS 0x0000000089b00000, 0x0000000089b00000| Untracked 
|  94|0x0000000089c00000, 0x0000000089c00000, 0x0000000089d00000|  0%| F|  |TAMS 0x0000000089c00000, 0x0000000089c00000| Untracked 
|  95|0x0000000089d00000, 0x0000000089d00000, 0x0000000089e00000|  0%| F|  |TAMS 0x0000000089d00000, 0x0000000089d00000| Untracked 
|  96|0x0000000089e00000, 0x0000000089e00000, 0x0000000089f00000|  0%| F|  |TAMS 0x0000000089e00000, 0x0000000089e00000| Untracked 
|  97|0x0000000089f00000, 0x0000000089f00000, 0x000000008a000000|  0%| F|  |TAMS 0x0000000089f00000, 0x0000000089f00000| Untracked 
|  98|0x000000008a000000, 0x000000008a000000, 0x000000008a100000|  0%| F|  |TAMS 0x000000008a000000, 0x000000008a000000| Untracked 
|  99|0x000000008a100000, 0x000000008a100000, 0x000000008a200000|  0%| F|  |TAMS 0x000000008a100000, 0x000000008a100000| Untracked 
| 100|0x000000008a200000, 0x000000008a200000, 0x000000008a300000|  0%| F|  |TAMS 0x000000008a200000, 0x000000008a200000| Untracked 
| 101|0x000000008a300000, 0x000000008a300000, 0x000000008a400000|  0%| F|  |TAMS 0x000000008a300000, 0x000000008a300000| Untracked 
| 102|0x000000008a400000, 0x000000008a400000, 0x000000008a500000|  0%| F|  |TAMS 0x000000008a400000, 0x000000008a400000| Untracked 
| 103|0x000000008a500000, 0x000000008a500000, 0x000000008a600000|  0%| F|  |TAMS 0x000000008a500000, 0x000000008a500000| Untracked 
| 104|0x000000008a600000, 0x000000008a600000, 0x000000008a700000|  0%| F|  |TAMS 0x000000008a600000, 0x000000008a600000| Untracked 
| 105|0x000000008a700000, 0x000000008a700000, 0x000000008a800000|  0%| F|  |TAMS 0x000000008a700000, 0x000000008a700000| Untracked 
| 106|0x000000008a800000, 0x000000008a800000, 0x000000008a900000|  0%| F|  |TAMS 0x000000008a800000, 0x000000008a800000| Untracked 
| 107|0x000000008a900000, 0x000000008aa00000, 0x000000008aa00000|100%| S|CS|TAMS 0x000000008a900000, 0x000000008a900000| Complete 
| 108|0x000000008aa00000, 0x000000008ab00000, 0x000000008ab00000|100%| S|CS|TAMS 0x000000008aa00000, 0x000000008aa00000| Complete 
| 109|0x000000008ab00000, 0x000000008ac00000, 0x000000008ac00000|100%| S|CS|TAMS 0x000000008ab00000, 0x000000008ab00000| Complete 
| 110|0x000000008ac00000, 0x000000008ac00000, 0x000000008ad00000|  0%| F|  |TAMS 0x000000008ac00000, 0x000000008ac00000| Untracked 
| 111|0x000000008ad00000, 0x000000008ad00000, 0x000000008ae00000|  0%| F|  |TAMS 0x000000008ad00000, 0x000000008ad00000| Untracked 
| 112|0x000000008ae00000, 0x000000008ae00000, 0x000000008af00000|  0%| F|  |TAMS 0x000000008ae00000, 0x000000008ae00000| Untracked 
| 113|0x000000008af00000, 0x000000008af00000, 0x000000008b000000|  0%| F|  |TAMS 0x000000008af00000, 0x000000008af00000| Untracked 
| 114|0x000000008b000000, 0x000000008b000000, 0x000000008b100000|  0%| F|  |TAMS 0x000000008b000000, 0x000000008b000000| Untracked 
| 115|0x000000008b100000, 0x000000008b100000, 0x000000008b200000|  0%| F|  |TAMS 0x000000008b100000, 0x000000008b100000| Untracked 
| 116|0x000000008b200000, 0x000000008b200000, 0x000000008b300000|  0%| F|  |TAMS 0x000000008b200000, 0x000000008b200000| Untracked 
| 117|0x000000008b300000, 0x000000008b300000, 0x000000008b400000|  0%| F|  |TAMS 0x000000008b300000, 0x000000008b300000| Untracked 
| 118|0x000000008b400000, 0x000000008b400000, 0x000000008b500000|  0%| F|  |TAMS 0x000000008b400000, 0x000000008b400000| Untracked 
| 119|0x000000008b500000, 0x000000008b500000, 0x000000008b600000|  0%| F|  |TAMS 0x000000008b500000, 0x000000008b500000| Untracked 
| 120|0x000000008b600000, 0x000000008b600000, 0x000000008b700000|  0%| F|  |TAMS 0x000000008b600000, 0x000000008b600000| Untracked 
| 121|0x000000008b700000, 0x000000008b700000, 0x000000008b800000|  0%| F|  |TAMS 0x000000008b700000, 0x000000008b700000| Untracked 
| 122|0x000000008b800000, 0x000000008b800000, 0x000000008b900000|  0%| F|  |TAMS 0x000000008b800000, 0x000000008b800000| Untracked 
| 123|0x000000008b900000, 0x000000008b900000, 0x000000008ba00000|  0%| F|  |TAMS 0x000000008b900000, 0x000000008b900000| Untracked 
| 124|0x000000008ba00000, 0x000000008ba00000, 0x000000008bb00000|  0%| F|  |TAMS 0x000000008ba00000, 0x000000008ba00000| Untracked 
| 125|0x000000008bb00000, 0x000000008bb00000, 0x000000008bc00000|  0%| F|  |TAMS 0x000000008bb00000, 0x000000008bb00000| Untracked 

Card table byte_map: [0x000001d7c63d0000,0x000001d7c67c0000] _byte_map_base: 0x000001d7c5fb1000

Marking Bits (Prev, Next): (CMBitMap*) 0x000001d7b31db748, (CMBitMap*) 0x000001d7b31db780
 Prev Bits: [0x000001d7c6bb0000, 0x000001d7c8ab8000)
 Next Bits: [0x000001d7c8ac0000, 0x000001d7ca9c8000)

Polling page: 0x000001d7b2970000

Metaspace:

Usage:
  Non-class:      7.99 MB capacity,     7.91 MB (>99%) used,    70.55 KB ( <1%) free+waste,     7.69 KB ( <1%) overhead. 
      Class:    891.00 KB capacity,   827.78 KB ( 93%) used,    59.72 KB (  7%) free+waste,     3.50 KB ( <1%) overhead. 
       Both:      8.86 MB capacity,     8.72 MB ( 98%) used,   130.27 KB (  1%) free+waste,    11.19 KB ( <1%) overhead. 

Virtual space:
  Non-class space:       16.00 MB reserved,       8.00 MB ( 50%) committed 
      Class space:        1.00 GB reserved,     896.00 KB ( <1%) committed 
             Both:        1.02 GB reserved,       8.88 MB ( <1%) committed 

Chunk freelists:
   Non-Class:  11.00 KB
       Class:  5.00 KB
        Both:  16.00 KB

MaxMetaspaceSize: 17179869184.00 GB
CompressedClassSpaceSize: 1.00 GB
Initial GC threshold: 20.80 MB
Current GC threshold: 21.12 MB
CDS: off

CodeHeap 'non-profiled nmethods': size=120000Kb used=203Kb max_used=203Kb free=119796Kb
 bounds [0x000001d7be780000, 0x000001d7be9f0000, 0x000001d7c5cb0000]
CodeHeap 'profiled nmethods': size=120000Kb used=1129Kb max_used=1129Kb free=118870Kb
 bounds [0x000001d7b7250000, 0x000001d7b74c0000, 0x000001d7be780000]
CodeHeap 'non-nmethods': size=5760Kb used=1125Kb max_used=1140Kb free=4635Kb
 bounds [0x000001d7b6cb0000, 0x000001d7b6f20000, 0x000001d7b7250000]
 total_blobs=1016 nmethods=653 adapters=276
 compilation: enabled
              stopped_count=0, restarted_count=0
 full_count=0

Compilation events (20 events):
Event: 0.805 Thread 0x000001d7cdd97800 nmethod 642 0x000001d7b7365810 code [0x000001d7b73659e0, 0x000001d7b7365c78]
Event: 0.806 Thread 0x000001d7cdd97800  643       3       jdk.internal.loader.ClassLoaders$BootClassLoader::loadClassOrNull (11 bytes)
Event: 0.806 Thread 0x000001d7cdd97800 nmethod 643 0x000001d7b7365d90 code [0x000001d7b7365f60, 0x000001d7b7366278]
Event: 0.806 Thread 0x000001d7cdd97800  644       3       java.lang.System$2::findBootstrapClassOrNull (6 bytes)
Event: 0.806 Thread 0x000001d7cdd97800 nmethod 644 0x000001d7b7366390 code [0x000001d7b7366560, 0x000001d7b73667f8]
Event: 0.811 Thread 0x000001d7cd44b000 nmethod 629 0x000001d7be7b1290 code [0x000001d7be7b14a0, 0x000001d7be7b24b0]
Event: 0.815 Thread 0x000001d7cdd97800  647       3       java.lang.Object::equals (11 bytes)
Event: 0.815 Thread 0x000001d7cdd97800 nmethod 647 0x000001d7b7366910 code [0x000001d7b7366ac0, 0x000001d7b7366c18]
Event: 0.817 Thread 0x000001d7cdd97800  648       3       java.lang.Class::getPackageName (81 bytes)
Event: 0.819 Thread 0x000001d7cdd97800 nmethod 648 0x000001d7b7366c90 code [0x000001d7b7366f20, 0x000001d7b7367848]
Event: 0.819 Thread 0x000001d7cdd97800  649   !   3       java.util.zip.ZipFile$ZipFileInputStream::read (135 bytes)
Event: 0.820 Thread 0x000001d7cdd97800 nmethod 649 0x000001d7b7367b90 code [0x000001d7b7367dc0, 0x000001d7b7368538]
Event: 0.820 Thread 0x000001d7cdd97800  650       3       java.util.zip.ZipFile::ensureOpenOrZipException (18 bytes)
Event: 0.820 Thread 0x000001d7cdd97800 nmethod 650 0x000001d7b7368910 code [0x000001d7b7368ae0, 0x000001d7b7368ce8]
Event: 0.820 Thread 0x000001d7cdd97800  651       3       java.util.zip.ZipFile$ZipFileInputStream::initDataOffset (109 bytes)
Event: 0.820 Thread 0x000001d7cdd97800 nmethod 651 0x000001d7b7368e10 code [0x000001d7b7369040, 0x000001d7b7369868]
Event: 0.820 Thread 0x000001d7cdd97800  652       3       java.util.zip.ZipUtils::LOCNAM (7 bytes)
Event: 0.821 Thread 0x000001d7cdd97800 nmethod 652 0x000001d7b7369b90 code [0x000001d7b7369d40, 0x000001d7b7369ed8]
Event: 0.821 Thread 0x000001d7cdd97800  653       3       java.util.zip.ZipUtils::LOCEXT (7 bytes)
Event: 0.821 Thread 0x000001d7cdd97800 nmethod 653 0x000001d7b736a010 code [0x000001d7b736a1c0, 0x000001d7b736a358]

GC Heap History (2 events):
Event: 0.824 GC heap before
{Heap before GC invocations=0 (full 0):
 garbage-first heap   total 129024K, used 20480K [0x0000000083e00000, 0x0000000100000000)
  region size 1024K, 16 young (16384K), 0 survivors (0K)
 Metaspace       used 8930K, capacity 9072K, committed 9088K, reserved 1062912K
  class space    used 827K, capacity 891K, committed 896K, reserved 1048576K
}
Event: 0.834 GC heap after
{Heap after GC invocations=1 (full 0):
 garbage-first heap   total 129024K, used 8623K [0x0000000083e00000, 0x0000000100000000)
  region size 1024K, 3 young (3072K), 3 survivors (3072K)
 Metaspace       used 8930K, capacity 9072K, committed 9088K, reserved 1062912K
  class space    used 827K, capacity 891K, committed 896K, reserved 1048576K
}

Deoptimization events (20 events):
Event: 0.652 Thread 0x000001d7b31a0000 Uncommon trap: trap_request=0xffffffde fr.pc=0x000001d7be7a5f7c relative=0x0000000000000edc
Event: 0.652 Thread 0x000001d7b31a0000 Uncommon trap: reason=class_check action=maybe_recompile pc=0x000001d7be7a5f7c method=java.util.HashMap.putVal(ILjava/lang/Object;Ljava/lang/Object;ZZ)Ljava/lang/Object; @ 91 c2
Event: 0.652 Thread 0x000001d7b31a0000 DEOPT PACKING pc=0x000001d7be7a5f7c sp=0x000000818c1fb380
Event: 0.653 Thread 0x000001d7b31a0000 DEOPT UNPACKING pc=0x000001d7b6cb85af sp=0x000000818c1fb310 mode 2
Event: 0.667 Thread 0x000001d7b31a0000 DEOPT PACKING pc=0x000001d7b73141a2 sp=0x000000818c1fb210
Event: 0.667 Thread 0x000001d7b31a0000 DEOPT UNPACKING pc=0x000001d7b6cf9d0e sp=0x000000818c1fa678 mode 0
Event: 0.710 Thread 0x000001d7b31a0000 DEOPT PACKING pc=0x000001d7b728cf68 sp=0x000000818c1f7e50
Event: 0.710 Thread 0x000001d7b31a0000 DEOPT UNPACKING pc=0x000001d7b6cf9d0e sp=0x000000818c1f7320 mode 0
Event: 0.790 Thread 0x000001d7b31a0000 Uncommon trap: trap_request=0xffffffde fr.pc=0x000001d7be7a5f7c relative=0x0000000000000edc
Event: 0.790 Thread 0x000001d7b31a0000 Uncommon trap: reason=class_check action=maybe_recompile pc=0x000001d7be7a5f7c method=java.util.HashMap.putVal(ILjava/lang/Object;Ljava/lang/Object;ZZ)Ljava/lang/Object; @ 91 c2
Event: 0.790 Thread 0x000001d7b31a0000 DEOPT PACKING pc=0x000001d7be7a5f7c sp=0x000000818c1fbca0
Event: 0.790 Thread 0x000001d7b31a0000 DEOPT UNPACKING pc=0x000001d7b6cb85af sp=0x000000818c1fbc30 mode 2
Event: 0.790 Thread 0x000001d7b31a0000 Uncommon trap: trap_request=0xffffffde fr.pc=0x000001d7be7a5f7c relative=0x0000000000000edc
Event: 0.790 Thread 0x000001d7b31a0000 Uncommon trap: reason=class_check action=maybe_recompile pc=0x000001d7be7a5f7c method=java.util.HashMap.putVal(ILjava/lang/Object;Ljava/lang/Object;ZZ)Ljava/lang/Object; @ 91 c2
Event: 0.790 Thread 0x000001d7b31a0000 DEOPT PACKING pc=0x000001d7be7a5f7c sp=0x000000818c1fbd00
Event: 0.790 Thread 0x000001d7b31a0000 DEOPT UNPACKING pc=0x000001d7b6cb85af sp=0x000000818c1fbc90 mode 2
Event: 0.790 Thread 0x000001d7b31a0000 Uncommon trap: trap_request=0xffffffde fr.pc=0x000001d7be7a5f7c relative=0x0000000000000edc
Event: 0.790 Thread 0x000001d7b31a0000 Uncommon trap: reason=class_check action=maybe_recompile pc=0x000001d7be7a5f7c method=java.util.HashMap.putVal(ILjava/lang/Object;Ljava/lang/Object;ZZ)Ljava/lang/Object; @ 91 c2
Event: 0.790 Thread 0x000001d7b31a0000 DEOPT PACKING pc=0x000001d7be7a5f7c sp=0x000000818c1fbc90
Event: 0.790 Thread 0x000001d7b31a0000 DEOPT UNPACKING pc=0x000001d7b6cb85af sp=0x000000818c1fbc20 mode 2

Classes redefined (0 events):
No events

Internal exceptions (3 events):
Event: 0.332 Thread 0x000001d7b31a0000 Exception <a 'java/lang/NoSuchMethodError'{0x000000008ba9e480}: 'int java.lang.invoke.DirectMethodHandle$Holder.invokeSpecialIFC(java.lang.Object, java.lang.Object, int)'> (0x000000008ba9e480) thrown at [./src/hotspot/share/interpreter/linkResolver.cpp, line 773]
Event: 0.442 Thread 0x000001d7b31a0000 Exception <a 'java/lang/NoSuchMethodError'{0x000000008b86c4b8}: 'int java.lang.invoke.DirectMethodHandle$Holder.invokeStaticInit(java.lang.Object, java.lang.Object)'> (0x000000008b86c4b8) thrown at [./src/hotspot/share/interpreter/linkResolver.cpp, line 773]
Event: 0.483 Thread 0x000001d7b31a0000 Exception <a 'java/lang/NoSuchMethodError'{0x000000008b72a6f8}: 'int java.lang.invoke.DirectMethodHandle$Holder.invokeSpecial(java.lang.Object, java.lang.Object, java.lang.Object, java.lang.Object)'> (0x000000008b72a6f8) thrown at [./src/hotspot/share/interpreter/linkResolver.cpp, line 773]

Events (20 events):
Event: 0.819 loading class org/gradle/internal/logging/source/StdErrLoggingSystem
Event: 0.819 loading class org/gradle/internal/logging/source/StdErrLoggingSystem done
Event: 0.820 loading class org/gradle/internal/logging/LoggingManagerInternal
Event: 0.820 loading class org/gradle/internal/logging/LoggingManagerInternal done
Event: 0.820 loading class org/gradle/api/logging/LoggingManager
Event: 0.820 loading class org/gradle/api/logging/LoggingManager done
Event: 0.820 loading class org/gradle/internal/logging/StandardOutputCapture
Event: 0.820 loading class org/gradle/internal/logging/StandardOutputCapture done
Event: 0.820 loading class org/gradle/internal/logging/config/LoggingSystemAdapter
Event: 0.820 loading class org/gradle/internal/logging/config/LoggingSystemAdapter done
Event: 0.820 loading class org/gradle/internal/logging/slf4j/Slf4jLoggingConfigurer
Event: 0.820 loading class org/gradle/internal/logging/slf4j/Slf4jLoggingConfigurer done
Event: 0.821 loading class org/gradle/internal/logging/source/JavaUtilLoggingSystem
Event: 0.821 loading class org/gradle/internal/logging/source/JavaUtilLoggingSystem done
Event: 0.821 loading class java/util/logging/Level
Event: 0.822 loading class java/util/logging/Level done
Event: 0.822 loading class java/util/logging/Level$KnownLevel
Event: 0.822 loading class java/util/logging/Level$KnownLevel done
Event: 0.822 loading class java/util/logging/Logger
Event: 0.824 Executing VM operation: CollectForMetadataAllocation


Dynamic libraries:
0x00007ff641800000 - 0x00007ff64180a000 	C:\Program Files\Android\Android Studio1\jre\bin\java.exe
0x00007ff9b41d0000 - 0x00007ff9b43e4000 	C:\WINDOWS\SYSTEM32\ntdll.dll
0x00007ff9b2020000 - 0x00007ff9b20e2000 	C:\WINDOWS\System32\KERNEL32.DLL
0x00007ff9b17d0000 - 0x00007ff9b1b73000 	C:\WINDOWS\System32\KERNELBASE.dll
0x00007ff9b1b80000 - 0x00007ff9b1c91000 	C:\WINDOWS\System32\ucrtbase.dll
0x00007ff99ad80000 - 0x00007ff99ad97000 	C:\Program Files\Android\Android Studio1\jre\bin\VCRUNTIME140.dll
0x00007ff998650000 - 0x00007ff998669000 	C:\Program Files\Android\Android Studio1\jre\bin\jli.dll
0x00007ff9b3420000 - 0x00007ff9b35cb000 	C:\WINDOWS\System32\USER32.dll
0x00007ff9b17a0000 - 0x00007ff9b17c6000 	C:\WINDOWS\System32\win32u.dll
0x00007ff995420000 - 0x00007ff9956ae000 	C:\WINDOWS\WinSxS\amd64_microsoft.windows.common-controls_6595b64144ccf1df_6.0.22621.1635_none_270f70857386168e\COMCTL32.dll
0x00007ff9b37d0000 - 0x00007ff9b37f9000 	C:\WINDOWS\System32\GDI32.dll
0x00007ff9b35d0000 - 0x00007ff9b3677000 	C:\WINDOWS\System32\msvcrt.dll
0x00007ff9b1ca0000 - 0x00007ff9b1db8000 	C:\WINDOWS\System32\gdi32full.dll
0x00007ff9b1dc0000 - 0x00007ff9b1e5a000 	C:\WINDOWS\System32\msvcp_win.dll
0x00007ff9b2210000 - 0x00007ff9b2241000 	C:\WINDOWS\System32\IMM32.DLL
0x00007ff981cb0000 - 0x00007ff981d4d000 	C:\Program Files\Android\Android Studio1\jre\bin\msvcp140.dll
0x00007ff94a0d0000 - 0x00007ff94abd2000 	C:\Program Files\Android\Android Studio1\jre\bin\server\jvm.dll
0x00007ff9b3b40000 - 0x00007ff9b3bee000 	C:\WINDOWS\System32\ADVAPI32.dll
0x00007ff9b2250000 - 0x00007ff9b22f4000 	C:\WINDOWS\System32\sechost.dll
0x00007ff9b36b0000 - 0x00007ff9b37c7000 	C:\WINDOWS\System32\RPCRT4.dll
0x00007ff9b3680000 - 0x00007ff9b3688000 	C:\WINDOWS\System32\PSAPI.DLL
0x00007ff9a9680000 - 0x00007ff9a96b4000 	C:\WINDOWS\SYSTEM32\WINMM.dll
0x00007ff9a7070000 - 0x00007ff9a707a000 	C:\WINDOWS\SYSTEM32\VERSION.dll
0x00007ff99a050000 - 0x00007ff99a059000 	C:\WINDOWS\SYSTEM32\WSOCK32.dll
0x00007ff9b4110000 - 0x00007ff9b4181000 	C:\WINDOWS\System32\WS2_32.dll
0x00007ff9b0730000 - 0x00007ff9b0748000 	C:\WINDOWS\SYSTEM32\kernel.appcore.dll
0x00007ff998630000 - 0x00007ff998641000 	C:\Program Files\Android\Android Studio1\jre\bin\verify.dll
0x00007ff9aef10000 - 0x00007ff9af13e000 	C:\WINDOWS\SYSTEM32\DBGHELP.DLL
0x00007ff9b3d80000 - 0x00007ff9b4109000 	C:\WINDOWS\System32\combase.dll
0x00007ff9b2c70000 - 0x00007ff9b2d47000 	C:\WINDOWS\System32\OLEAUT32.dll
0x00007ff9a6fc0000 - 0x00007ff9a6ff2000 	C:\WINDOWS\SYSTEM32\dbgcore.DLL
0x00007ff9b1720000 - 0x00007ff9b179b000 	C:\WINDOWS\System32\bcryptPrimitives.dll
0x00007ff996840000 - 0x00007ff996869000 	C:\Program Files\Android\Android Studio1\jre\bin\java.dll
0x00007ff999e40000 - 0x00007ff999e4b000 	C:\Program Files\Android\Android Studio1\jre\bin\jimage.dll
0x00007ff995d10000 - 0x00007ff995d28000 	C:\Program Files\Android\Android Studio1\jre\bin\zip.dll
0x00007ff9b2390000 - 0x00007ff9b2b8a000 	C:\WINDOWS\System32\SHELL32.dll
0x00007ff9af600000 - 0x00007ff9afece000 	C:\WINDOWS\SYSTEM32\windows.storage.dll
0x00007ff9af4c0000 - 0x00007ff9af5fe000 	C:\WINDOWS\SYSTEM32\wintypes.dll
0x00007ff9b2110000 - 0x00007ff9b2201000 	C:\WINDOWS\System32\SHCORE.dll
0x00007ff9b3d10000 - 0x00007ff9b3d6e000 	C:\WINDOWS\System32\shlwapi.dll
0x00007ff9b1520000 - 0x00007ff9b1541000 	C:\WINDOWS\SYSTEM32\profapi.dll
0x00007ff995cf0000 - 0x00007ff995d0a000 	C:\Program Files\Android\Android Studio1\jre\bin\net.dll
0x00007ff9abc30000 - 0x00007ff9abd67000 	C:\WINDOWS\SYSTEM32\WINHTTP.dll
0x00007ff9b0ba0000 - 0x00007ff9b0c09000 	C:\WINDOWS\system32\mswsock.dll
0x00007ff995cd0000 - 0x00007ff995ce4000 	C:\Program Files\Android\Android Studio1\jre\bin\nio.dll

dbghelp: loaded successfully - version: 4.0.5 - missing functions: none
symbol engine: initialized successfully - sym options: 0x614 - pdb path: .;C:\Program Files\Android\Android Studio1\jre\bin;C:\WINDOWS\SYSTEM32;C:\WINDOWS\WinSxS\amd64_microsoft.windows.common-controls_6595b64144ccf1df_6.0.22621.1635_none_270f70857386168e;C:\Program Files\Android\Android Studio1\jre\bin\server

VM Arguments:
jvm_args: -Dorg.gradle.appname=gradlew 
java_command: org.gradle.wrapper.GradleWrapperMain -q -Ptarget-platform=android-x86 -Ptarget=C:\Users\Sreelakshmi\Desktop\Mini\initial\lib\main.dart -Pdart-defines=RkxVVFRFUl9XRUJfQVVUT19ERVRFQ1Q9dHJ1ZQ== -Pdart-obfuscation=false -Ptrack-widget-creation=true -Ptree-shake-icons=false -Pfilesystem-scheme=org-dartlang-root assembleDebug
java_class_path (initial): C:\Users\Sreelakshmi\Desktop\Mini\initial\android\\gradle\wrapper\gradle-wrapper.jar
Launcher Type: SUN_STANDARD

[Global flags]
     intx CICompilerCount                          = 4                                         {product} {ergonomic}
     uint ConcGCThreads                            = 2                                         {product} {ergonomic}
     uint G1ConcRefinementThreads                  = 8                                         {product} {ergonomic}
   size_t G1HeapRegionSize                         = 1048576                                   {product} {ergonomic}
    uintx GCDrainStackTargetSize                   = 64                                        {product} {ergonomic}
   size_t InitialHeapSize                          = 132120576                                 {product} {ergonomic}
   size_t MarkStackSize                            = 4194304                                   {product} {ergonomic}
   size_t MaxHeapSize                              = 2082471936                                {product} {ergonomic}
   size_t MaxNewSize                               = 1248854016                                {product} {ergonomic}
   size_t MinHeapDeltaBytes                        = 1048576                                   {product} {ergonomic}
    uintx NonNMethodCodeHeapSize                   = 5836300                                {pd product} {ergonomic}
    uintx NonProfiledCodeHeapSize                  = 122910970                              {pd product} {ergonomic}
    uintx ProfiledCodeHeapSize                     = 122910970                              {pd product} {ergonomic}
    uintx ReservedCodeCacheSize                    = 251658240                              {pd product} {ergonomic}
     bool SegmentedCodeCache                       = true                                      {product} {ergonomic}
     bool UseCompressedClassPointers               = true                                 {lp64_product} {ergonomic}
     bool UseCompressedOops                        = true                                 {lp64_product} {ergonomic}
     bool UseG1GC                                  = true                                      {product} {ergonomic}
     bool UseLargePagesIndividualAllocation        = false                                  {pd product} {ergonomic}

Logging:
Log output configuration:
 #0: stdout all=warning uptime,level,tags
 #1: stderr all=off uptime,level,tags

Environment Variables:
JAVA_HOME=C:\Program Files\Android\Android Studio1\jre
CLASSPATH=C:\Users\Sreelakshmi\Desktop\Mini\initial\android\\gradle\wrapper\gradle-wrapper.jar
PATH=C:\Program Files\Python311\Scripts\;C:\Program Files\Python311\;C:\Program Files\Common Files\Oracle\Java\javapath;C:\windows\system32;C:\windows;C:\windows\System32\Wbem;C:\windows\System32\WindowsPowerShell\v1.0\;C:\windows\System32\OpenSSH\;C:\Program Files (x86)\NVIDIA Corporation\PhysX\Common;C:\Program Files\NVIDIA Corporation\NVIDIA NvDLISR;C:\mingw64\bin;C:\Program Files\Java\jdk-17.0.1;C:\WINDOWS\system32;C:\WINDOWS;C:\WINDOWS\System32\Wbem;C:\WINDOWS\System32\WindowsPowerShell\v1.0\;C:\WINDOWS\System32\OpenSSH\;C:\Program Files\Git\cmd;C:\Users\Sreelakshmi\AppData\Local\Microsoft\WindowsApps;C:\Users\Sreelakshmi\AppData\Local\Programs\Microsoft VS Code\bin;C:\iedc\flutter\bin;C:\src\flutter\bin;C:\dart-sdk\bin;;C:\iedc\flutter\bin\mingit\cmd
USERNAME=Sreelakshmi
OS=Windows_NT
PROCESSOR_IDENTIFIER=Intel64 Family 6 Model 140 Stepping 1, GenuineIntel



---------------  S Y S T E M  ---------------

OS: Windows 11 , 64 bit Build 22621 (10.0.22621.1635)
OS uptime: 1 days 2:58 hours

CPU:total 8 (initial active 8) (4 cores per cpu, 2 threads per core) family 6 model 140 stepping 1 microcode 0xa4, cmov, cx8, fxsr, mmx, sse, sse2, sse3, ssse3, sse4.1, sse4.2, popcnt, avx, avx2, aes, clmul, erms, 3dnowpref, lzcnt, ht, tsc, tscinvbit, bmi1, bmi2, adx, evex, sha, fma

Memory: 4k page, system-wide physical 7937M (14M free)
TotalPageFile size 16129M (AvailPageFile size 0M)
current process WorkingSet (physical memory assigned to process): 72M, peak: 72M
current process commit charge ("private bytes"): 213M, peak: 214M

vm_info: OpenJDK 64-Bit Server VM (11.0.13+0-b1751.21-8125866) for windows-amd64 JRE (11.0.13+0-b1751.21-8125866), built on Feb  2 2022 03:00:22 by "builder" with MS VC++ 14.0 (VS2015)

END.
