#
# There is insufficient memory for the Java Runtime Environment to continue.
# Native memory allocation (malloc) failed to allocate 1499216 bytes for Chunk::new
# Possible reasons:
#   The system is out of physical RAM or swap space
#   The process is running with CompressedOops enabled, and the Java Heap may be blocking the growth of the native heap
# Possible solutions:
#   Reduce memory load on the system
#   Increase physical memory or swap space
#   Check if swap backing store is full
#   Decrease Java heap size (-Xmx/-Xms)
#   Decrease number of Java threads
#   Decrease Java thread stack sizes (-Xss)
#   Set larger code cache with -XX:ReservedCodeCacheSize=
#   JVM is running with Unscaled Compressed Oops mode in which the Java heap is
#     placed in the first 4GB address space. The Java Heap base address is the
#     maximum limit for the native heap growth. Please use -XX:HeapBaseMinAddress
#     to set the Java Heap base and to place the Java Heap above 4GB virtual address.
# This output file may be truncated or incomplete.
#
#  Out of Memory Error (./src/hotspot/share/memory/arena.cpp:197), pid=20244, tid=5660
#
# JRE version: OpenJDK Runtime Environment (11.0.13) (build 11.0.13+0-b1751.21-8125866)
# Java VM: OpenJDK 64-Bit Server VM (11.0.13+0-b1751.21-8125866, mixed mode, tiered, compressed oops, g1 gc, windows-amd64)
# No core dump will be written. Minidumps are not enabled by default on client versions of Windows
#

---------------  S U M M A R Y ------------

Command Line: --add-opens=java.base/java.util=ALL-UNNAMED --add-opens=java.base/java.lang=ALL-UNNAMED --add-opens=java.base/java.lang.invoke=ALL-UNNAMED --add-opens=java.prefs/java.util.prefs=ALL-UNNAMED -Xmx1536M -Dfile.encoding=windows-1252 -Duser.country=IN -Duser.language=en -Duser.variant org.gradle.launcher.daemon.bootstrap.GradleDaemon 6.7

Host: 11th Gen Intel(R) Core(TM) i5-11300H @ 3.10GHz, 8 cores, 7G,  Windows 11 , 64 bit Build 22621 (10.0.22621.1344)
Time: Sun Apr 16 10:22:46 2023 India Standard Time elapsed time: 4.927356 seconds (0d 0h 0m 4s)

---------------  T H R E A D  ---------------

Current thread (0x000001b9f1f54800):  JavaThread "C2 CompilerThread1" daemon [_thread_in_native, id=5660, stack(0x0000000889900000,0x0000000889a00000)]


Current CompileTask:
C2:   4927 2273   !   4       java.net.URL::<init> (543 bytes)

Stack: [0x0000000889900000,0x0000000889a00000]
Native frames: (J=compiled Java code, j=interpreted, Vv=VM code, C=native code)
V  [jvm.dll+0x6100fa]
V  [jvm.dll+0x747090]
V  [jvm.dll+0x7486ad]
V  [jvm.dll+0x748d83]
V  [jvm.dll+0x24ab48]
V  [jvm.dll+0xc04dc]
V  [jvm.dll+0xc0a0c]
V  [jvm.dll+0x35eb5b]
V  [jvm.dll+0x32b833]
V  [jvm.dll+0x32ad2a]
V  [jvm.dll+0x2032b2]
V  [jvm.dll+0x202437]
V  [jvm.dll+0x188e01]
V  [jvm.dll+0x21106b]
V  [jvm.dll+0x20f8c1]
V  [jvm.dll+0x70de0f]
V  [jvm.dll+0x706a75]
V  [jvm.dll+0x60ed66]
C  [ucrtbase.dll+0x29363]
C  [KERNEL32.DLL+0x126bd]
C  [ntdll.dll+0x5a9f8]


---------------  P R O C E S S  ---------------

Threads class SMR info:
_java_thread_list=0x000001b9f436b600, length=29, elements={
0x000001b9d5e8b800, 0x000001b9ef02f800, 0x000001b9ef032800, 0x000001b9ef9a3800,
0x000001b9ef9a4800, 0x000001b9ef9a8000, 0x000001b9ef9a9800, 0x000001b9ef9b0800,
0x000001b9ef04e800, 0x000001b9efb05800, 0x000001b9f140a000, 0x000001b9f0a3d800,
0x000001b9f138d800, 0x000001b9f1543800, 0x000001b9f0e10800, 0x000001b9f13d6800,
0x000001b9f0c37800, 0x000001b9f0b0a800, 0x000001b9f0b0b800, 0x000001b9f1455800,
0x000001b9f14c6800, 0x000001b9f14c4800, 0x000001b9f14c4000, 0x000001b9f1f54800,
0x000001b9f14c1800, 0x000001b9f14c5800, 0x000001b9f14c7000, 0x000001b9f14c8000,
0x000001b9f14c2000
}

Java Threads: ( => current thread )
  0x000001b9d5e8b800 JavaThread "main" [_thread_blocked, id=3700, stack(0x0000000887100000,0x0000000887200000)]
  0x000001b9ef02f800 JavaThread "Reference Handler" daemon [_thread_blocked, id=7516, stack(0x0000000887800000,0x0000000887900000)]
  0x000001b9ef032800 JavaThread "Finalizer" daemon [_thread_blocked, id=12956, stack(0x0000000887900000,0x0000000887a00000)]
  0x000001b9ef9a3800 JavaThread "Signal Dispatcher" daemon [_thread_blocked, id=13036, stack(0x0000000887a00000,0x0000000887b00000)]
  0x000001b9ef9a4800 JavaThread "Attach Listener" daemon [_thread_blocked, id=18368, stack(0x0000000887b00000,0x0000000887c00000)]
  0x000001b9ef9a8000 JavaThread "Service Thread" daemon [_thread_blocked, id=14920, stack(0x0000000887c00000,0x0000000887d00000)]
  0x000001b9ef9a9800 JavaThread "C2 CompilerThread0" daemon [_thread_blocked, id=13112, stack(0x0000000887d00000,0x0000000887e00000)]
  0x000001b9ef9b0800 JavaThread "C1 CompilerThread0" daemon [_thread_in_native, id=14268, stack(0x0000000887e00000,0x0000000887f00000)]
  0x000001b9ef04e800 JavaThread "Sweeper thread" daemon [_thread_blocked, id=11256, stack(0x0000000887f00000,0x0000000888000000)]
  0x000001b9efb05800 JavaThread "Common-Cleaner" daemon [_thread_blocked, id=19108, stack(0x0000000888000000,0x0000000888100000)]
  0x000001b9f140a000 JavaThread "Daemon health stats" [_thread_blocked, id=20552, stack(0x0000000888400000,0x0000000888500000)]
  0x000001b9f0a3d800 JavaThread "Incoming local TCP Connector on port 52992" [_thread_in_native, id=12088, stack(0x0000000888700000,0x0000000888800000)]
  0x000001b9f138d800 JavaThread "Daemon periodic checks" [_thread_blocked, id=9280, stack(0x0000000888800000,0x0000000888900000)]
  0x000001b9f1543800 JavaThread "Daemon" [_thread_blocked, id=10792, stack(0x0000000888900000,0x0000000888a00000)]
  0x000001b9f0e10800 JavaThread "Handler for socket connection from /127.0.0.1:52992 to /127.0.0.1:52993" [_thread_in_native, id=5852, stack(0x0000000888a00000,0x0000000888b00000)]
  0x000001b9f13d6800 JavaThread "Cancel handler" [_thread_blocked, id=1820, stack(0x0000000888b00000,0x0000000888c00000)]
  0x000001b9f0c37800 JavaThread "Daemon worker" [_thread_in_Java, id=17840, stack(0x0000000888c00000,0x0000000888d00000)]
  0x000001b9f0b0a800 JavaThread "Asynchronous log dispatcher for DefaultDaemonConnection: socket connection from /127.0.0.1:52992 to /127.0.0.1:52993" [_thread_blocked, id=476, stack(0x0000000888d00000,0x0000000888e00000)]
  0x000001b9f0b0b800 JavaThread "Stdin handler" [_thread_blocked, id=16324, stack(0x0000000888e00000,0x0000000888f00000)]
  0x000001b9f1455800 JavaThread "Thread-8" [_thread_blocked, id=4016, stack(0x0000000888f00000,0x0000000889000000)]
  0x000001b9f14c6800 JavaThread "Cache worker for file hash cache (C:\Users\Sreelakshmi\.gradle\caches\6.7\fileHashes)" [_thread_blocked, id=21196, stack(0x0000000889500000,0x0000000889600000)]
  0x000001b9f14c4800 JavaThread "File lock request listener" [_thread_in_native, id=2572, stack(0x0000000889600000,0x0000000889700000)]
  0x000001b9f14c4000 JavaThread "Cache worker for journal cache (C:\Users\Sreelakshmi\.gradle\caches\journal-1)" [_thread_blocked, id=5624, stack(0x0000000889700000,0x0000000889800000)]
=>0x000001b9f1f54800 JavaThread "C2 CompilerThread1" daemon [_thread_in_native, id=5660, stack(0x0000000889900000,0x0000000889a00000)]
  0x000001b9f14c1800 JavaThread "Cache worker for file hash cache (C:\Users\Sreelakshmi\Desktop\Mini\initial\android\.gradle\6.7\fileHashes)" [_thread_blocked, id=19156, stack(0x0000000889a00000,0x0000000889b00000)]
  0x000001b9f14c5800 JavaThread "Cache worker for checksums cache (C:\Users\Sreelakshmi\Desktop\Mini\initial\android\.gradle\checksums)" [_thread_blocked, id=19000, stack(0x0000000889b00000,0x0000000889c00000)]
  0x000001b9f14c7000 JavaThread "Cache worker for cache directory md-supplier (C:\Users\Sreelakshmi\.gradle\caches\6.7\md-supplier)" [_thread_blocked, id=15364, stack(0x0000000889c00000,0x0000000889d00000)]
  0x000001b9f14c8000 JavaThread "Cache worker for cache directory md-rule (C:\Users\Sreelakshmi\.gradle\caches\6.7\md-rule)" [_thread_blocked, id=3116, stack(0x0000000889d00000,0x0000000889e00000)]
  0x000001b9f14c2000 JavaThread "Cache worker for execution history cache (C:\Users\Sreelakshmi\.gradle\caches\6.7\executionHistory)" [_thread_blocked, id=4768, stack(0x0000000889e00000,0x0000000889f00000)]

Other Threads:
  0x000001b9ef02b800 VMThread "VM Thread" [stack: 0x0000000887700000,0x0000000887800000] [id=6004]
  0x000001b9efb47800 WatcherThread [stack: 0x0000000888100000,0x0000000888200000] [id=14104]
  0x000001b9d5ea5800 GCTaskThread "GC Thread#0" [stack: 0x0000000887200000,0x0000000887300000] [id=8564]
  0x000001b9f04df000 GCTaskThread "GC Thread#1" [stack: 0x0000000888200000,0x0000000888300000] [id=15008]
  0x000001b9f0357800 GCTaskThread "GC Thread#2" [stack: 0x0000000888300000,0x0000000888400000] [id=16584]
  0x000001b9f1c24800 GCTaskThread "GC Thread#3" [stack: 0x0000000889000000,0x0000000889100000] [id=14960]
  0x000001b9f1c25800 GCTaskThread "GC Thread#4" [stack: 0x0000000889100000,0x0000000889200000] [id=13708]
  0x000001b9f1c21000 GCTaskThread "GC Thread#5" [stack: 0x0000000889200000,0x0000000889300000] [id=7744]
  0x000001b9f1c22000 GCTaskThread "GC Thread#6" [stack: 0x0000000889300000,0x0000000889400000] [id=7728]
  0x000001b9f14cf800 GCTaskThread "GC Thread#7" [stack: 0x0000000889400000,0x0000000889500000] [id=17908]
  0x000001b9d5ecd800 ConcurrentGCThread "G1 Main Marker" [stack: 0x0000000887300000,0x0000000887400000] [id=152]
  0x000001b9d5ecf800 ConcurrentGCThread "G1 Conc#0" [stack: 0x0000000887400000,0x0000000887500000] [id=10784]
  0x000001b9f198e800 ConcurrentGCThread "G1 Conc#1" [stack: 0x0000000889800000,0x0000000889900000] [id=5804]
  0x000001b9eee70800 ConcurrentGCThread "G1 Refine#0" [stack: 0x0000000887500000,0x0000000887600000] [id=8292]
  0x000001b9eee73800 ConcurrentGCThread "G1 Young RemSet Sampling" [stack: 0x0000000887600000,0x0000000887700000] [id=19784]

Threads with active compile tasks:
C1 CompilerThread0   4973 2353       3       org.objectweb.asm.MethodWriter::computeAllFrames (510 bytes)
C2 CompilerThread1   4973 2273   !   4       java.net.URL::<init> (543 bytes)

VM state:not at safepoint (normal execution)

VM Mutex/Monitor currently owned by a thread: None

Heap address: 0x00000000a0000000, size: 1536 MB, Compressed Oops mode: 32-bit
Narrow klass base: 0x0000000000000000, Narrow klass shift: 3
Compressed class space size: 1073741824 Address: 0x0000000100000000

Heap:
 garbage-first heap   total 129024K, used 30427K [0x00000000a0000000, 0x0000000100000000)
  region size 1024K, 16 young (16384K), 3 survivors (3072K)
 Metaspace       used 28235K, capacity 28834K, committed 29056K, reserved 1079296K
  class space    used 3707K, capacity 3945K, committed 3968K, reserved 1048576K
Heap Regions: E=young(eden), S=young(survivor), O=old, HS=humongous(starts), HC=humongous(continues), CS=collection set, F=free, A=archive, TAMS=top-at-mark-start (previous, next)
|   0|0x00000000a0000000, 0x00000000a0100000, 0x00000000a0100000|100%| O|  |TAMS 0x00000000a0100000, 0x00000000a0000000| Untracked 
|   1|0x00000000a0100000, 0x00000000a0200000, 0x00000000a0200000|100%| O|  |TAMS 0x00000000a0200000, 0x00000000a0100000| Untracked 
|   2|0x00000000a0200000, 0x00000000a0300000, 0x00000000a0300000|100%| O|  |TAMS 0x00000000a0300000, 0x00000000a0200000| Untracked 
|   3|0x00000000a0300000, 0x00000000a0400000, 0x00000000a0400000|100%|HS|  |TAMS 0x00000000a0400000, 0x00000000a0300000| Complete 
|   4|0x00000000a0400000, 0x00000000a0500000, 0x00000000a0500000|100%|HC|  |TAMS 0x00000000a0500000, 0x00000000a0400000| Complete 
|   5|0x00000000a0500000, 0x00000000a0600000, 0x00000000a0600000|100%|HC|  |TAMS 0x00000000a0600000, 0x00000000a0500000| Complete 
|   6|0x00000000a0600000, 0x00000000a0700000, 0x00000000a0700000|100%| O|  |TAMS 0x00000000a0700000, 0x00000000a0600000| Untracked 
|   7|0x00000000a0700000, 0x00000000a0800000, 0x00000000a0800000|100%| O|  |TAMS 0x00000000a0800000, 0x00000000a0700000| Untracked 
|   8|0x00000000a0800000, 0x00000000a0900000, 0x00000000a0900000|100%| O|  |TAMS 0x00000000a0900000, 0x00000000a0800000| Untracked 
|   9|0x00000000a0900000, 0x00000000a0a00000, 0x00000000a0a00000|100%| O|  |TAMS 0x00000000a0a00000, 0x00000000a0900000| Untracked 
|  10|0x00000000a0a00000, 0x00000000a0b00000, 0x00000000a0b00000|100%| O|  |TAMS 0x00000000a0b00000, 0x00000000a0a00000| Untracked 
|  11|0x00000000a0b00000, 0x00000000a0c00000, 0x00000000a0c00000|100%| O|  |TAMS 0x00000000a0c00000, 0x00000000a0b00000| Untracked 
|  12|0x00000000a0c00000, 0x00000000a0d00000, 0x00000000a0d00000|100%| O|  |TAMS 0x00000000a0d00000, 0x00000000a0c00000| Untracked 
|  13|0x00000000a0d00000, 0x00000000a0e00000, 0x00000000a0e00000|100%| O|  |TAMS 0x00000000a0e00000, 0x00000000a0d00000| Untracked 
|  14|0x00000000a0e00000, 0x00000000a0f00000, 0x00000000a0f00000|100%| O|  |TAMS 0x00000000a0f00000, 0x00000000a0e00000| Untracked 
|  15|0x00000000a0f00000, 0x00000000a0f07e00, 0x00000000a1000000|  3%| O|  |TAMS 0x00000000a0f07e00, 0x00000000a0f00000| Untracked 
|  16|0x00000000a1000000, 0x00000000a1000000, 0x00000000a1100000|  0%| F|  |TAMS 0x00000000a1000000, 0x00000000a1000000| Untracked 
|  17|0x00000000a1100000, 0x00000000a1100000, 0x00000000a1200000|  0%| F|  |TAMS 0x00000000a1100000, 0x00000000a1100000| Untracked 
|  18|0x00000000a1200000, 0x00000000a1200000, 0x00000000a1300000|  0%| F|  |TAMS 0x00000000a1200000, 0x00000000a1200000| Untracked 
|  19|0x00000000a1300000, 0x00000000a1300000, 0x00000000a1400000|  0%| F|  |TAMS 0x00000000a1300000, 0x00000000a1300000| Untracked 
|  20|0x00000000a1400000, 0x00000000a1400000, 0x00000000a1500000|  0%| F|  |TAMS 0x00000000a1400000, 0x00000000a1400000| Untracked 
|  21|0x00000000a1500000, 0x00000000a1500000, 0x00000000a1600000|  0%| F|  |TAMS 0x00000000a1500000, 0x00000000a1500000| Untracked 
|  22|0x00000000a1600000, 0x00000000a1600000, 0x00000000a1700000|  0%| F|  |TAMS 0x00000000a1600000, 0x00000000a1600000| Untracked 
|  23|0x00000000a1700000, 0x00000000a1700000, 0x00000000a1800000|  0%| F|  |TAMS 0x00000000a1700000, 0x00000000a1700000| Untracked 
|  24|0x00000000a1800000, 0x00000000a1800000, 0x00000000a1900000|  0%| F|  |TAMS 0x00000000a1800000, 0x00000000a1800000| Untracked 
|  25|0x00000000a1900000, 0x00000000a1900000, 0x00000000a1a00000|  0%| F|  |TAMS 0x00000000a1900000, 0x00000000a1900000| Untracked 
|  26|0x00000000a1a00000, 0x00000000a1a00000, 0x00000000a1b00000|  0%| F|  |TAMS 0x00000000a1a00000, 0x00000000a1a00000| Untracked 
|  27|0x00000000a1b00000, 0x00000000a1b00000, 0x00000000a1c00000|  0%| F|  |TAMS 0x00000000a1b00000, 0x00000000a1b00000| Untracked 
|  28|0x00000000a1c00000, 0x00000000a1c00000, 0x00000000a1d00000|  0%| F|  |TAMS 0x00000000a1c00000, 0x00000000a1c00000| Untracked 
|  29|0x00000000a1d00000, 0x00000000a1d00000, 0x00000000a1e00000|  0%| F|  |TAMS 0x00000000a1d00000, 0x00000000a1d00000| Untracked 
|  30|0x00000000a1e00000, 0x00000000a1e00000, 0x00000000a1f00000|  0%| F|  |TAMS 0x00000000a1e00000, 0x00000000a1e00000| Untracked 
|  31|0x00000000a1f00000, 0x00000000a1f00000, 0x00000000a2000000|  0%| F|  |TAMS 0x00000000a1f00000, 0x00000000a1f00000| Untracked 
|  32|0x00000000a2000000, 0x00000000a2000000, 0x00000000a2100000|  0%| F|  |TAMS 0x00000000a2000000, 0x00000000a2000000| Untracked 
|  33|0x00000000a2100000, 0x00000000a2100000, 0x00000000a2200000|  0%| F|  |TAMS 0x00000000a2100000, 0x00000000a2100000| Untracked 
|  34|0x00000000a2200000, 0x00000000a2200000, 0x00000000a2300000|  0%| F|  |TAMS 0x00000000a2200000, 0x00000000a2200000| Untracked 
|  35|0x00000000a2300000, 0x00000000a2300000, 0x00000000a2400000|  0%| F|  |TAMS 0x00000000a2300000, 0x00000000a2300000| Untracked 
|  36|0x00000000a2400000, 0x00000000a2400000, 0x00000000a2500000|  0%| F|  |TAMS 0x00000000a2400000, 0x00000000a2400000| Untracked 
|  37|0x00000000a2500000, 0x00000000a2500000, 0x00000000a2600000|  0%| F|  |TAMS 0x00000000a2500000, 0x00000000a2500000| Untracked 
|  38|0x00000000a2600000, 0x00000000a2600000, 0x00000000a2700000|  0%| F|  |TAMS 0x00000000a2600000, 0x00000000a2600000| Untracked 
|  39|0x00000000a2700000, 0x00000000a2700000, 0x00000000a2800000|  0%| F|  |TAMS 0x00000000a2700000, 0x00000000a2700000| Untracked 
|  40|0x00000000a2800000, 0x00000000a2800000, 0x00000000a2900000|  0%| F|  |TAMS 0x00000000a2800000, 0x00000000a2800000| Untracked 
|  41|0x00000000a2900000, 0x00000000a2900000, 0x00000000a2a00000|  0%| F|  |TAMS 0x00000000a2900000, 0x00000000a2900000| Untracked 
|  42|0x00000000a2a00000, 0x00000000a2a00000, 0x00000000a2b00000|  0%| F|  |TAMS 0x00000000a2a00000, 0x00000000a2a00000| Untracked 
|  43|0x00000000a2b00000, 0x00000000a2b00000, 0x00000000a2c00000|  0%| F|  |TAMS 0x00000000a2b00000, 0x00000000a2b00000| Untracked 
|  44|0x00000000a2c00000, 0x00000000a2c00000, 0x00000000a2d00000|  0%| F|  |TAMS 0x00000000a2c00000, 0x00000000a2c00000| Untracked 
|  45|0x00000000a2d00000, 0x00000000a2d00000, 0x00000000a2e00000|  0%| F|  |TAMS 0x00000000a2d00000, 0x00000000a2d00000| Untracked 
|  46|0x00000000a2e00000, 0x00000000a2e00000, 0x00000000a2f00000|  0%| F|  |TAMS 0x00000000a2e00000, 0x00000000a2e00000| Untracked 
|  47|0x00000000a2f00000, 0x00000000a2f00000, 0x00000000a3000000|  0%| F|  |TAMS 0x00000000a2f00000, 0x00000000a2f00000| Untracked 
|  48|0x00000000a3000000, 0x00000000a3000000, 0x00000000a3100000|  0%| F|  |TAMS 0x00000000a3000000, 0x00000000a3000000| Untracked 
|  49|0x00000000a3100000, 0x00000000a3100000, 0x00000000a3200000|  0%| F|  |TAMS 0x00000000a3100000, 0x00000000a3100000| Untracked 
|  50|0x00000000a3200000, 0x00000000a3200000, 0x00000000a3300000|  0%| F|  |TAMS 0x00000000a3200000, 0x00000000a3200000| Untracked 
|  51|0x00000000a3300000, 0x00000000a3300000, 0x00000000a3400000|  0%| F|  |TAMS 0x00000000a3300000, 0x00000000a3300000| Untracked 
|  52|0x00000000a3400000, 0x00000000a3400000, 0x00000000a3500000|  0%| F|  |TAMS 0x00000000a3400000, 0x00000000a3400000| Untracked 
|  53|0x00000000a3500000, 0x00000000a3500000, 0x00000000a3600000|  0%| F|  |TAMS 0x00000000a3500000, 0x00000000a3500000| Untracked 
|  54|0x00000000a3600000, 0x00000000a3600000, 0x00000000a3700000|  0%| F|  |TAMS 0x00000000a3600000, 0x00000000a3600000| Untracked 
|  55|0x00000000a3700000, 0x00000000a3700000, 0x00000000a3800000|  0%| F|  |TAMS 0x00000000a3700000, 0x00000000a3700000| Untracked 
|  56|0x00000000a3800000, 0x00000000a3800000, 0x00000000a3900000|  0%| F|  |TAMS 0x00000000a3800000, 0x00000000a3800000| Untracked 
|  57|0x00000000a3900000, 0x00000000a3900000, 0x00000000a3a00000|  0%| F|  |TAMS 0x00000000a3900000, 0x00000000a3900000| Untracked 
|  58|0x00000000a3a00000, 0x00000000a3a00000, 0x00000000a3b00000|  0%| F|  |TAMS 0x00000000a3a00000, 0x00000000a3a00000| Untracked 
|  59|0x00000000a3b00000, 0x00000000a3b00000, 0x00000000a3c00000|  0%| F|  |TAMS 0x00000000a3b00000, 0x00000000a3b00000| Untracked 
|  60|0x00000000a3c00000, 0x00000000a3c00000, 0x00000000a3d00000|  0%| F|  |TAMS 0x00000000a3c00000, 0x00000000a3c00000| Untracked 
|  61|0x00000000a3d00000, 0x00000000a3d00000, 0x00000000a3e00000|  0%| F|  |TAMS 0x00000000a3d00000, 0x00000000a3d00000| Untracked 
|  62|0x00000000a3e00000, 0x00000000a3e00000, 0x00000000a3f00000|  0%| F|  |TAMS 0x00000000a3e00000, 0x00000000a3e00000| Untracked 
|  63|0x00000000a3f00000, 0x00000000a3f00000, 0x00000000a4000000|  0%| F|  |TAMS 0x00000000a3f00000, 0x00000000a3f00000| Untracked 
|  64|0x00000000a4000000, 0x00000000a40aee70, 0x00000000a4100000| 68%| S|CS|TAMS 0x00000000a4000000, 0x00000000a4000000| Complete 
|  65|0x00000000a4100000, 0x00000000a4200000, 0x00000000a4200000|100%| S|CS|TAMS 0x00000000a4100000, 0x00000000a4100000| Complete 
|  66|0x00000000a4200000, 0x00000000a4300000, 0x00000000a4300000|100%| S|CS|TAMS 0x00000000a4200000, 0x00000000a4200000| Complete 
|  67|0x00000000a4300000, 0x00000000a4300000, 0x00000000a4400000|  0%| F|  |TAMS 0x00000000a4300000, 0x00000000a4300000| Untracked 
|  68|0x00000000a4400000, 0x00000000a4400000, 0x00000000a4500000|  0%| F|  |TAMS 0x00000000a4400000, 0x00000000a4400000| Untracked 
|  69|0x00000000a4500000, 0x00000000a4500000, 0x00000000a4600000|  0%| F|  |TAMS 0x00000000a4500000, 0x00000000a4500000| Untracked 
|  70|0x00000000a4600000, 0x00000000a4600000, 0x00000000a4700000|  0%| F|  |TAMS 0x00000000a4600000, 0x00000000a4600000| Untracked 
|  71|0x00000000a4700000, 0x00000000a4700000, 0x00000000a4800000|  0%| F|  |TAMS 0x00000000a4700000, 0x00000000a4700000| Untracked 
|  72|0x00000000a4800000, 0x00000000a4800000, 0x00000000a4900000|  0%| F|  |TAMS 0x00000000a4800000, 0x00000000a4800000| Untracked 
|  73|0x00000000a4900000, 0x00000000a4900000, 0x00000000a4a00000|  0%| F|  |TAMS 0x00000000a4900000, 0x00000000a4900000| Untracked 
|  74|0x00000000a4a00000, 0x00000000a4a00000, 0x00000000a4b00000|  0%| F|  |TAMS 0x00000000a4a00000, 0x00000000a4a00000| Untracked 
|  75|0x00000000a4b00000, 0x00000000a4b00000, 0x00000000a4c00000|  0%| F|  |TAMS 0x00000000a4b00000, 0x00000000a4b00000| Untracked 
|  76|0x00000000a4c00000, 0x00000000a4c00000, 0x00000000a4d00000|  0%| F|  |TAMS 0x00000000a4c00000, 0x00000000a4c00000| Untracked 
|  77|0x00000000a4d00000, 0x00000000a4d00000, 0x00000000a4e00000|  0%| F|  |TAMS 0x00000000a4d00000, 0x00000000a4d00000| Untracked 
|  78|0x00000000a4e00000, 0x00000000a4e00000, 0x00000000a4f00000|  0%| F|  |TAMS 0x00000000a4e00000, 0x00000000a4e00000| Untracked 
|  79|0x00000000a4f00000, 0x00000000a4f00000, 0x00000000a5000000|  0%| F|  |TAMS 0x00000000a4f00000, 0x00000000a4f00000| Untracked 
|  80|0x00000000a5000000, 0x00000000a5000000, 0x00000000a5100000|  0%| F|  |TAMS 0x00000000a5000000, 0x00000000a5000000| Untracked 
|  81|0x00000000a5100000, 0x00000000a5100000, 0x00000000a5200000|  0%| F|  |TAMS 0x00000000a5100000, 0x00000000a5100000| Untracked 
|  82|0x00000000a5200000, 0x00000000a5200000, 0x00000000a5300000|  0%| F|  |TAMS 0x00000000a5200000, 0x00000000a5200000| Untracked 
|  83|0x00000000a5300000, 0x00000000a5300000, 0x00000000a5400000|  0%| F|  |TAMS 0x00000000a5300000, 0x00000000a5300000| Untracked 
|  84|0x00000000a5400000, 0x00000000a5400000, 0x00000000a5500000|  0%| F|  |TAMS 0x00000000a5400000, 0x00000000a5400000| Untracked 
|  85|0x00000000a5500000, 0x00000000a5500000, 0x00000000a5600000|  0%| F|  |TAMS 0x00000000a5500000, 0x00000000a5500000| Untracked 
|  86|0x00000000a5600000, 0x00000000a5600000, 0x00000000a5700000|  0%| F|  |TAMS 0x00000000a5600000, 0x00000000a5600000| Untracked 
|  87|0x00000000a5700000, 0x00000000a5700000, 0x00000000a5800000|  0%| F|  |TAMS 0x00000000a5700000, 0x00000000a5700000| Untracked 
|  88|0x00000000a5800000, 0x00000000a5800000, 0x00000000a5900000|  0%| F|  |TAMS 0x00000000a5800000, 0x00000000a5800000| Untracked 
|  89|0x00000000a5900000, 0x00000000a5900000, 0x00000000a5a00000|  0%| F|  |TAMS 0x00000000a5900000, 0x00000000a5900000| Untracked 
|  90|0x00000000a5a00000, 0x00000000a5a00000, 0x00000000a5b00000|  0%| F|  |TAMS 0x00000000a5a00000, 0x00000000a5a00000| Untracked 
|  91|0x00000000a5b00000, 0x00000000a5b00000, 0x00000000a5c00000|  0%| F|  |TAMS 0x00000000a5b00000, 0x00000000a5b00000| Untracked 
|  92|0x00000000a5c00000, 0x00000000a5c00000, 0x00000000a5d00000|  0%| F|  |TAMS 0x00000000a5c00000, 0x00000000a5c00000| Untracked 
|  93|0x00000000a5d00000, 0x00000000a5d00000, 0x00000000a5e00000|  0%| F|  |TAMS 0x00000000a5d00000, 0x00000000a5d00000| Untracked 
|  94|0x00000000a5e00000, 0x00000000a5e00000, 0x00000000a5f00000|  0%| F|  |TAMS 0x00000000a5e00000, 0x00000000a5e00000| Untracked 
|  95|0x00000000a5f00000, 0x00000000a5f00000, 0x00000000a6000000|  0%| F|  |TAMS 0x00000000a5f00000, 0x00000000a5f00000| Untracked 
|  96|0x00000000a6000000, 0x00000000a6000000, 0x00000000a6100000|  0%| F|  |TAMS 0x00000000a6000000, 0x00000000a6000000| Untracked 
|  97|0x00000000a6100000, 0x00000000a6100000, 0x00000000a6200000|  0%| F|  |TAMS 0x00000000a6100000, 0x00000000a6100000| Untracked 
|  98|0x00000000a6200000, 0x00000000a6200000, 0x00000000a6300000|  0%| F|  |TAMS 0x00000000a6200000, 0x00000000a6200000| Untracked 
|  99|0x00000000a6300000, 0x00000000a6300000, 0x00000000a6400000|  0%| F|  |TAMS 0x00000000a6300000, 0x00000000a6300000| Untracked 
| 100|0x00000000a6400000, 0x00000000a6400000, 0x00000000a6500000|  0%| F|  |TAMS 0x00000000a6400000, 0x00000000a6400000| Untracked 
| 101|0x00000000a6500000, 0x00000000a6500000, 0x00000000a6600000|  0%| F|  |TAMS 0x00000000a6500000, 0x00000000a6500000| Untracked 
| 102|0x00000000a6600000, 0x00000000a6600000, 0x00000000a6700000|  0%| F|  |TAMS 0x00000000a6600000, 0x00000000a6600000| Untracked 
| 103|0x00000000a6700000, 0x00000000a6700000, 0x00000000a6800000|  0%| F|  |TAMS 0x00000000a6700000, 0x00000000a6700000| Untracked 
| 104|0x00000000a6800000, 0x00000000a6800000, 0x00000000a6900000|  0%| F|  |TAMS 0x00000000a6800000, 0x00000000a6800000| Untracked 
| 105|0x00000000a6900000, 0x00000000a6900000, 0x00000000a6a00000|  0%| F|  |TAMS 0x00000000a6900000, 0x00000000a6900000| Untracked 
| 106|0x00000000a6a00000, 0x00000000a6a00000, 0x00000000a6b00000|  0%| F|  |TAMS 0x00000000a6a00000, 0x00000000a6a00000| Untracked 
| 107|0x00000000a6b00000, 0x00000000a6b00000, 0x00000000a6c00000|  0%| F|  |TAMS 0x00000000a6b00000, 0x00000000a6b00000| Untracked 
| 108|0x00000000a6c00000, 0x00000000a6c00000, 0x00000000a6d00000|  0%| F|  |TAMS 0x00000000a6c00000, 0x00000000a6c00000| Untracked 
| 109|0x00000000a6d00000, 0x00000000a6d00000, 0x00000000a6e00000|  0%| F|  |TAMS 0x00000000a6d00000, 0x00000000a6d00000| Untracked 
| 110|0x00000000a6e00000, 0x00000000a6e00000, 0x00000000a6f00000|  0%| F|  |TAMS 0x00000000a6e00000, 0x00000000a6e00000| Untracked 
| 111|0x00000000a6f00000, 0x00000000a6f00000, 0x00000000a7000000|  0%| F|  |TAMS 0x00000000a6f00000, 0x00000000a6f00000| Untracked 
| 112|0x00000000a7000000, 0x00000000a7000000, 0x00000000a7100000|  0%| F|  |TAMS 0x00000000a7000000, 0x00000000a7000000| Untracked 
| 113|0x00000000a7100000, 0x00000000a71a8828, 0x00000000a7200000| 65%| E|  |TAMS 0x00000000a7100000, 0x00000000a7100000| Complete 
| 114|0x00000000a7200000, 0x00000000a7300000, 0x00000000a7300000|100%| E|CS|TAMS 0x00000000a7200000, 0x00000000a7200000| Complete 
| 115|0x00000000a7300000, 0x00000000a7400000, 0x00000000a7400000|100%| E|CS|TAMS 0x00000000a7300000, 0x00000000a7300000| Complete 
| 116|0x00000000a7400000, 0x00000000a7500000, 0x00000000a7500000|100%| E|CS|TAMS 0x00000000a7400000, 0x00000000a7400000| Complete 
| 117|0x00000000a7500000, 0x00000000a7600000, 0x00000000a7600000|100%| E|CS|TAMS 0x00000000a7500000, 0x00000000a7500000| Complete 
| 118|0x00000000a7600000, 0x00000000a7700000, 0x00000000a7700000|100%| E|CS|TAMS 0x00000000a7600000, 0x00000000a7600000| Complete 
| 119|0x00000000a7700000, 0x00000000a7800000, 0x00000000a7800000|100%| E|CS|TAMS 0x00000000a7700000, 0x00000000a7700000| Complete 
| 120|0x00000000a7800000, 0x00000000a7900000, 0x00000000a7900000|100%| E|CS|TAMS 0x00000000a7800000, 0x00000000a7800000| Complete 
| 121|0x00000000a7900000, 0x00000000a7a00000, 0x00000000a7a00000|100%| E|CS|TAMS 0x00000000a7900000, 0x00000000a7900000| Complete 
| 122|0x00000000a7a00000, 0x00000000a7b00000, 0x00000000a7b00000|100%| E|CS|TAMS 0x00000000a7a00000, 0x00000000a7a00000| Complete 
| 123|0x00000000a7b00000, 0x00000000a7c00000, 0x00000000a7c00000|100%| E|CS|TAMS 0x00000000a7b00000, 0x00000000a7b00000| Complete 
| 124|0x00000000a7c00000, 0x00000000a7d00000, 0x00000000a7d00000|100%| E|CS|TAMS 0x00000000a7c00000, 0x00000000a7c00000| Complete 
| 125|0x00000000a7d00000, 0x00000000a7e00000, 0x00000000a7e00000|100%| E|CS|TAMS 0x00000000a7d00000, 0x00000000a7d00000| Complete 

Card table byte_map: [0x000001b9e8fd0000,0x000001b9e92d0000] _byte_map_base: 0x000001b9e8ad0000

Marking Bits (Prev, Next): (CMBitMap*) 0x000001b9d5ec6c30, (CMBitMap*) 0x000001b9d5ec6bf8
 Prev Bits: [0x000001b9eadd0000, 0x000001b9ec5d0000)
 Next Bits: [0x000001b9e95d0000, 0x000001b9eadd0000)

Polling page: 0x000001b9d3e00000

Metaspace:

Usage:
  Non-class:     24.31 MB capacity,    23.97 MB ( 99%) used,   292.50 KB (  1%) free+waste,    51.25 KB ( <1%) overhead. 
      Class:      3.85 MB capacity,     3.63 MB ( 94%) used,   206.91 KB (  5%) free+waste,    25.56 KB ( <1%) overhead. 
       Both:     28.16 MB capacity,    27.60 MB ( 98%) used,   499.41 KB (  2%) free+waste,    76.81 KB ( <1%) overhead. 

Virtual space:
  Non-class space:       30.00 MB reserved,      24.50 MB ( 82%) committed 
      Class space:        1.00 GB reserved,       3.88 MB ( <1%) committed 
             Both:        1.03 GB reserved,      28.38 MB (  3%) committed 

Chunk freelists:
   Non-Class:  7.00 KB
       Class:  23.00 KB
        Both:  30.00 KB

MaxMetaspaceSize: 17179869184.00 GB
CompressedClassSpaceSize: 1.00 GB
Initial GC threshold: 20.80 MB
Current GC threshold: 35.20 MB
CDS: off

CodeHeap 'non-profiled nmethods': size=120000Kb used=1176Kb max_used=1176Kb free=118823Kb
 bounds [0x000001b9e1470000, 0x000001b9e16e0000, 0x000001b9e89a0000]
CodeHeap 'profiled nmethods': size=120000Kb used=5099Kb max_used=5099Kb free=114900Kb
 bounds [0x000001b9d9f40000, 0x000001b9da440000, 0x000001b9e1470000]
CodeHeap 'non-nmethods': size=5760Kb used=1219Kb max_used=1259Kb free=4540Kb
 bounds [0x000001b9d99a0000, 0x000001b9d9c10000, 0x000001b9d9f40000]
 total_blobs=2846 nmethods=2360 adapters=398
 compilation: enabled
              stopped_count=0, restarted_count=0
 full_count=0

Compilation events (20 events):
Event: 4.890 Thread 0x000001b9ef9a9800 nmethod 2320 0x000001b9e1591590 code [0x000001b9e1591740, 0x000001b9e1591b78]
Event: 4.895 Thread 0x000001b9ef9b0800 2321       3       jdk.internal.reflect.ConstantPool::getUTF8At (10 bytes)
Event: 4.896 Thread 0x000001b9ef9b0800 nmethod 2321 0x000001b9da425f90 code [0x000001b9da426140, 0x000001b9da426268]
Event: 4.896 Thread 0x000001b9ef9b0800 2323       3       sun.reflect.generics.scope.AbstractScope::<init> (10 bytes)
Event: 4.896 Thread 0x000001b9ef9b0800 nmethod 2323 0x000001b9da426310 code [0x000001b9da4264c0, 0x000001b9da426678]
Event: 4.896 Thread 0x000001b9ef9a9800 2325       4       java.lang.reflect.ProxyGenerator$ConstantPool::getIndirect (63 bytes)
Event: 4.896 Thread 0x000001b9ef9b0800 2324       3       java.lang.reflect.ProxyGenerator::codeClassForName (41 bytes)
Event: 4.898 Thread 0x000001b9ef9b0800 nmethod 2324 0x000001b9da426710 code [0x000001b9da426a80, 0x000001b9da427e58]
Event: 4.899 Thread 0x000001b9ef9b0800 2326       3       sun.reflect.generics.repository.GenericDeclRepository::getTypeParameters (27 bytes)
Event: 4.900 Thread 0x000001b9ef9b0800 nmethod 2326 0x000001b9da428710 code [0x000001b9da4288e0, 0x000001b9da428c78]
Event: 4.900 Thread 0x000001b9ef9b0800 2327       3       sun.reflect.generics.factory.CoreReflectionFactory::make (10 bytes)
Event: 4.901 Thread 0x000001b9ef9b0800 nmethod 2327 0x000001b9da428d90 code [0x000001b9da428f60, 0x000001b9da429218]
Event: 4.901 Thread 0x000001b9ef9b0800 2328       3       sun.reflect.generics.factory.CoreReflectionFactory::<init> (15 bytes)
Event: 4.901 Thread 0x000001b9ef9b0800 nmethod 2328 0x000001b9da429310 code [0x000001b9da4294c0, 0x000001b9da4296d8]
Event: 4.903 Thread 0x000001b9ef9b0800 2329       3       java.util.AbstractCollection::toArray (70 bytes)
Event: 4.904 Thread 0x000001b9ef9b0800 nmethod 2329 0x000001b9da429790 code [0x000001b9da4299e0, 0x000001b9da42a308]
Event: 4.918 Thread 0x000001b9ef9b0800 2331       3       java.util.concurrent.locks.AbstractQueuedSynchronizer::isOnSyncQueue (33 bytes)
Event: 4.918 Thread 0x000001b9ef9b0800 nmethod 2331 0x000001b9da42a590 code [0x000001b9da42a760, 0x000001b9da42aab8]
Event: 4.918 Thread 0x000001b9ef9b0800 2332       3       java.util.concurrent.locks.LockSupport::setBlocker (12 bytes)
Event: 4.919 Thread 0x000001b9ef9b0800 nmethod 2332 0x000001b9da42ac10 code [0x000001b9da42adc0, 0x000001b9da42aef8]

GC Heap History (8 events):
Event: 1.113 GC heap before
{Heap before GC invocations=0 (full 0):
 garbage-first heap   total 129024K, used 29696K [0x00000000a0000000, 0x0000000100000000)
  region size 1024K, 24 young (24576K), 0 survivors (0K)
 Metaspace       used 10691K, capacity 10946K, committed 11264K, reserved 1058816K
  class space    used 1110K, capacity 1202K, committed 1280K, reserved 1048576K
}
Event: 1.118 GC heap after
{Heap after GC invocations=1 (full 0):
 garbage-first heap   total 129024K, used 9081K [0x00000000a0000000, 0x0000000100000000)
  region size 1024K, 3 young (3072K), 3 survivors (3072K)
 Metaspace       used 10691K, capacity 10946K, committed 11264K, reserved 1058816K
  class space    used 1110K, capacity 1202K, committed 1280K, reserved 1048576K
}
Event: 3.329 GC heap before
{Heap before GC invocations=1 (full 0):
 garbage-first heap   total 129024K, used 81785K [0x00000000a0000000, 0x0000000100000000)
  region size 1024K, 75 young (76800K), 3 survivors (3072K)
 Metaspace       used 18820K, capacity 19218K, committed 19328K, reserved 1067008K
  class space    used 2261K, capacity 2413K, committed 2432K, reserved 1048576K
}
Event: 3.390 GC heap after
{Heap after GC invocations=2 (full 0):
 garbage-first heap   total 129024K, used 15584K [0x00000000a0000000, 0x0000000100000000)
  region size 1024K, 10 young (10240K), 10 survivors (10240K)
 Metaspace       used 18820K, capacity 19218K, committed 19328K, reserved 1067008K
  class space    used 2261K, capacity 2413K, committed 2432K, reserved 1048576K
}
Event: 3.597 GC heap before
{Heap before GC invocations=2 (full 0):
 garbage-first heap   total 129024K, used 25824K [0x00000000a0000000, 0x0000000100000000)
  region size 1024K, 22 young (22528K), 10 survivors (10240K)
 Metaspace       used 20707K, capacity 21168K, committed 21296K, reserved 1069056K
  class space    used 2527K, capacity 2663K, committed 2688K, reserved 1048576K
}
Event: 3.604 GC heap after
{Heap after GC invocations=3 (full 0):
 garbage-first heap   total 129024K, used 16176K [0x00000000a0000000, 0x0000000100000000)
  region size 1024K, 1 young (1024K), 1 survivors (1024K)
 Metaspace       used 20707K, capacity 21168K, committed 21296K, reserved 1069056K
  class space    used 2527K, capacity 2663K, committed 2688K, reserved 1048576K
}
Event: 4.742 GC heap before
{Heap before GC invocations=4 (full 0):
 garbage-first heap   total 129024K, used 75568K [0x00000000a0000000, 0x0000000100000000)
  region size 1024K, 59 young (60416K), 1 survivors (1024K)
 Metaspace       used 26923K, capacity 27553K, committed 27776K, reserved 1073152K
  class space    used 3488K, capacity 3710K, committed 3712K, reserved 1048576K
}
Event: 4.746 GC heap after
{Heap after GC invocations=5 (full 0):
 garbage-first heap   total 129024K, used 18139K [0x00000000a0000000, 0x0000000100000000)
  region size 1024K, 3 young (3072K), 3 survivors (3072K)
 Metaspace       used 26923K, capacity 27553K, committed 27776K, reserved 1073152K
  class space    used 3488K, capacity 3710K, committed 3712K, reserved 1048576K
}

Deoptimization events (20 events):
Event: 4.043 Thread 0x000001b9f0c37800 DEOPT PACKING pc=0x000001b9e15475a8 sp=0x0000000888cfcef0
Event: 4.043 Thread 0x000001b9f0c37800 DEOPT UNPACKING pc=0x000001b9d99a85af sp=0x0000000888cfce00 mode 2
Event: 4.279 Thread 0x000001b9f0c37800 Uncommon trap: trap_request=0xffffff7e fr.pc=0x000001b9e154b110 relative=0x0000000000000150
Event: 4.279 Thread 0x000001b9f0c37800 Uncommon trap: reason=predicate action=maybe_recompile pc=0x000001b9e154b110 method=com.google.common.base.CharMatcher.indexIn(Ljava/lang/CharSequence;I)I @ 19 c2
Event: 4.279 Thread 0x000001b9f0c37800 DEOPT PACKING pc=0x000001b9e154b110 sp=0x0000000888cfbbb0
Event: 4.279 Thread 0x000001b9f0c37800 DEOPT UNPACKING pc=0x000001b9d99a85af sp=0x0000000888cfbb40 mode 2
Event: 4.452 Thread 0x000001b9f0c37800 Uncommon trap: trap_request=0xffffff4d fr.pc=0x000001b9e156df4c relative=0x000000000000020c
Event: 4.452 Thread 0x000001b9f0c37800 Uncommon trap: reason=unstable_if action=reinterpret pc=0x000001b9e156df4c method=java.util.HashMap.hash(Ljava/lang/Object;)I @ 1 c2
Event: 4.452 Thread 0x000001b9f0c37800 DEOPT PACKING pc=0x000001b9e156df4c sp=0x0000000888cf8550
Event: 4.452 Thread 0x000001b9f0c37800 DEOPT UNPACKING pc=0x000001b9d99a85af sp=0x0000000888cf8488 mode 2
Event: 4.463 Thread 0x000001b9f0c37800 Uncommon trap: trap_request=0xffffff4d fr.pc=0x000001b9e150002c relative=0x000000000000008c
Event: 4.464 Thread 0x000001b9f0c37800 Uncommon trap: reason=unstable_if action=reinterpret pc=0x000001b9e150002c method=java.util.HashMap.hash(Ljava/lang/Object;)I @ 1 c2
Event: 4.464 Thread 0x000001b9f0c37800 DEOPT PACKING pc=0x000001b9e150002c sp=0x0000000888cf7e80
Event: 4.464 Thread 0x000001b9f0c37800 DEOPT UNPACKING pc=0x000001b9d99a85af sp=0x0000000888cf7e18 mode 2
Event: 4.666 Thread 0x000001b9f0c37800 Uncommon trap: trap_request=0xffffff4d fr.pc=0x000001b9e14cc940 relative=0x0000000000000b20
Event: 4.666 Thread 0x000001b9f0c37800 Uncommon trap: reason=unstable_if action=reinterpret pc=0x000001b9e14cc940 method=java.io.WinNTFileSystem.resolve(Ljava/lang/String;Ljava/lang/String;)Ljava/lang/String; @ 83 c2
Event: 4.666 Thread 0x000001b9f0c37800 DEOPT PACKING pc=0x000001b9e14cc940 sp=0x0000000888cf9da0
Event: 4.666 Thread 0x000001b9f0c37800 DEOPT UNPACKING pc=0x000001b9d99a85af sp=0x0000000888cf9d48 mode 2
Event: 4.669 Thread 0x000001b9f0c37800 DEOPT PACKING pc=0x000001b9da17b462 sp=0x0000000888cf5ec0
Event: 4.669 Thread 0x000001b9f0c37800 DEOPT UNPACKING pc=0x000001b9d99e9d0e sp=0x0000000888cf5350 mode 0

Classes redefined (0 events):
No events

Internal exceptions (20 events):
Event: 3.588 Thread 0x000001b9f0c37800 Exception <a 'java/lang/NoSuchMethodError'{0x00000000a7213480}: 'void java.lang.invoke.DirectMethodHandle$Holder.invokeSpecial(java.lang.Object, java.lang.Object)'> (0x00000000a7213480) thrown at [./src/hotspot/share/interpreter/linkResolver.cpp, line 773]
Event: 3.721 Thread 0x000001b9f0c37800 Exception <a 'java/lang/NoSuchMethodError'{0x00000000a7323588}: 'java.lang.Object java.lang.invoke.DirectMethodHandle$Holder.invokeVirtual(java.lang.Object, java.lang.Object, java.lang.Object, java.lang.Object)'> (0x00000000a7323588) thrown at [./src/hotspot/share/interpreter/linkResolver.cpp, line 773]
Event: 3.970 Thread 0x000001b9f0c37800 Exception <a 'java/lang/NoSuchMethodError'{0x00000000a66f14d8}: 'void java.lang.invoke.DirectMethodHandle$Holder.invokeSpecial(java.lang.Object, java.lang.Object, java.lang.Object, java.lang.Object, java.lang.Object, java.lang.Object)'> (0x00000000a66f14d8) thrown at [./src/hotspot/share/interpreter/linkResolver.cpp, line 773]
Event: 4.034 Thread 0x000001b9f0c37800 Exception <a 'java/lang/NoSuchMethodError'{0x00000000a6485f98}: 'java.lang.Object java.lang.invoke.Invokers$Holder.invoker(java.lang.Object, java.lang.Object, java.lang.Object)'> (0x00000000a6485f98) thrown at [./src/hotspot/share/interpreter/linkResolver.cpp, line 773]
Event: 4.064 Thread 0x000001b9f0c37800 Exception <a 'java/lang/NoSuchMethodError'{0x00000000a6379b50}: 'void java.lang.invoke.DirectMethodHandle$Holder.invokeSpecial(java.lang.Object, java.lang.Object, java.lang.Object, java.lang.Object, java.lang.Object, java.lang.Object, java.lang.Object)'> (0x00000000a6379b50) thrown at [./src/hotspot/share/interpreter/linkResolver.cpp, line 773]
Event: 4.066 Thread 0x000001b9f0c37800 Exception <a 'java/lang/NoSuchMethodError'{0x00000000a6381d98}: 'java.lang.Object java.lang.invoke.Invokers$Holder.linkToTargetMethod(java.lang.Object, java.lang.Object, java.lang.Object, java.lang.Object, java.lang.Object, java.lang.Object)'> (0x00000000a6381d98) thrown at [./src/hotspot/share/interpreter/linkResolver.cpp, line 773]
Event: 4.096 Thread 0x000001b9f0c37800 Exception <a 'java/lang/NoSuchMethodError'{0x00000000a62bd0d0}: 'java.lang.Object java.lang.invoke.DirectMethodHandle$Holder.invokeVirtual(java.lang.Object, java.lang.Object, java.lang.Object, java.lang.Object, java.lang.Object, java.lang.Object, java.lang.Object, java.lang.Object, java.lang.Object, java.lang.Object, java.lang.Object, java.lang.Object, java.lang.Object, java.lang.Object, java.lang.Object, java.lang.Object, java.lang.Object)'> (0x00000000a62bd0d0) thrown at [./src/hotspot/share/interpreter/
Event: 4.101 Thread 0x000001b9f0c37800 Exception <a 'java/lang/NoSuchMethodError'{0x00000000a62ed7d0}: 'java.lang.Object java.lang.invoke.DirectMethodHandle$Holder.invokeSpecial(java.lang.Object, java.lang.Object, java.lang.Object, java.lang.Object, java.lang.Object, java.lang.Object, java.lang.Object, java.lang.Object, java.lang.Object)'> (0x00000000a62ed7d0) thrown at [./src/hotspot/share/interpreter/linkResolver.cpp, line 773]
Event: 4.295 Thread 0x000001b9f0c37800 Exception <a 'java/lang/NoSuchMethodError'{0x00000000a59f5460}: 'java.lang.Object java.lang.invoke.DirectMethodHandle$Holder.invokeStatic(java.lang.Object, java.lang.Object, java.lang.Object, int, java.lang.Object, java.lang.Object)'> (0x00000000a59f5460) thrown at [./src/hotspot/share/interpreter/linkResolver.cpp, line 773]
Event: 4.296 Thread 0x000001b9f0c37800 Exception <a 'java/lang/NoSuchMethodError'{0x00000000a59fc7c8}: 'java.lang.Object java.lang.invoke.Invokers$Holder.linkToTargetMethod(java.lang.Object, java.lang.Object, int, java.lang.Object, java.lang.Object, java.lang.Object)'> (0x00000000a59fc7c8) thrown at [./src/hotspot/share/interpreter/linkResolver.cpp, line 773]
Event: 4.314 Thread 0x000001b9f0c37800 Exception <a 'java/lang/NoSuchMethodError'{0x00000000a5756578}: 'void java.lang.invoke.DirectMethodHandle$Holder.invokeSpecial(java.lang.Object, java.lang.Object, java.lang.Object, java.lang.Object)'> (0x00000000a5756578) thrown at [./src/hotspot/share/interpreter/linkResolver.cpp, line 773]
Event: 4.452 Thread 0x000001b9f0c37800 Implicit null exception at 0x000001b9e156dd75 to 0x000001b9e156df3c
Event: 4.463 Thread 0x000001b9f0c37800 Implicit null exception at 0x000001b9e14fffaf to 0x000001b9e150001d
Event: 4.567 Thread 0x000001b9f0c37800 Exception <a 'java/lang/NoSuchMethodError'{0x00000000a4dae520}: 'java.lang.Object java.lang.invoke.DirectMethodHandle$Holder.invokeSpecialIFC(java.lang.Object, java.lang.Object, java.lang.Object, java.lang.Object)'> (0x00000000a4dae520) thrown at [./src/hotspot/share/interpreter/linkResolver.cpp, line 773]
Event: 4.576 Thread 0x000001b9f0c37800 Exception <a 'java/lang/NoSuchMethodError'{0x00000000a4c79030}: 'java.lang.Object java.lang.invoke.DirectMethodHandle$Holder.invokeSpecial(java.lang.Object, java.lang.Object, java.lang.Object, java.lang.Object, java.lang.Object, java.lang.Object, java.lang.Object, java.lang.Object, java.lang.Object, java.lang.Object, java.lang.Object, java.lang.Object, java.lang.Object)'> (0x00000000a4c79030) thrown at [./src/hotspot/share/interpreter/linkResolver.cpp, line 773]
Event: 4.577 Thread 0x000001b9f0c37800 Exception <a 'java/lang/NoSuchMethodError'{0x00000000a4c8a2b8}: 'java.lang.Object java.lang.invoke.DirectMethodHandle$Holder.invokeSpecial(java.lang.Object, java.lang.Object, java.lang.Object, java.lang.Object, java.lang.Object, java.lang.Object, java.lang.Object, java.lang.Object, java.lang.Object, java.lang.Object, java.lang.Object, java.lang.Object)'> (0x00000000a4c8a2b8) thrown at [./src/hotspot/share/interpreter/linkResolver.cpp, line 773]
Event: 4.578 Thread 0x000001b9f0c37800 Exception <a 'java/lang/NoSuchMethodError'{0x00000000a4c8f3e0}: 'java.lang.Object java.lang.invoke.Invokers$Holder.linkToTargetMethod(java.lang.Object, java.lang.Object, java.lang.Object, java.lang.Object, java.lang.Object, java.lang.Object, java.lang.Object, java.lang.Object, java.lang.Object, java.lang.Object, java.lang.Object)'> (0x00000000a4c8f3e0) thrown at [./src/hotspot/share/interpreter/linkResolver.cpp, line 773]
Event: 4.589 Thread 0x000001b9f0c37800 Exception <a 'java/lang/NoSuchMethodError'{0x00000000a4b9c108}: 'java.lang.Object java.lang.invoke.DirectMethodHandle$Holder.invokeSpecial(java.lang.Object, java.lang.Object, java.lang.Object, java.lang.Object, java.lang.Object, java.lang.Object, java.lang.Object, java.lang.Object, java.lang.Object, java.lang.Object, java.lang.Object, java.lang.Object, java.lang.Object, java.lang.Object)'> (0x00000000a4b9c108) thrown at [./src/hotspot/share/interpreter/linkResolver.cpp, line 773]
Event: 4.590 Thread 0x000001b9f0c37800 Exception <a 'java/lang/NoSuchMethodError'{0x00000000a4bad700}: 'java.lang.Object java.lang.invoke.Invokers$Holder.linkToTargetMethod(java.lang.Object, java.lang.Object, java.lang.Object, java.lang.Object, java.lang.Object, java.lang.Object, java.lang.Object, java.lang.Object, java.lang.Object, java.lang.Object, java.lang.Object, java.lang.Object)'> (0x00000000a4bad700) thrown at [./src/hotspot/share/interpreter/linkResolver.cpp, line 773]
Event: 4.597 Thread 0x000001b9f0c37800 Exception <a 'java/lang/NoSuchMethodError'{0x00000000a4a2b4c8}: 'java.lang.Object java.lang.invoke.DirectMethodHandle$Holder.invokeStaticInit(java.lang.Object, java.lang.Object, java.lang.Object, java.lang.Object)'> (0x00000000a4a2b4c8) thrown at [./src/hotspot/share/interpreter/linkResolver.cpp, line 773]

Events (20 events):
Event: 4.916 loading class org/gradle/api/internal/artifacts/transform/DefaultVariantTransformRegistry$UntypedRegistration
Event: 4.916 loading class org/gradle/api/internal/artifacts/transform/DefaultVariantTransformRegistry$UntypedRegistration done
Event: 4.916 loading class org/gradle/api/artifacts/transform/VariantTransform
Event: 4.916 loading class org/gradle/api/artifacts/transform/VariantTransform done
Event: 4.917 loading class org/gradle/api/internal/artifacts/transform/DefaultVariantTransformRegistry$TypedRegistration
Event: 4.917 loading class org/gradle/api/internal/artifacts/transform/DefaultVariantTransformRegistry$TypedRegistration done
Event: 4.917 loading class org/gradle/api/artifacts/transform/TransformSpec
Event: 4.917 loading class org/gradle/api/artifacts/transform/TransformSpec done
Event: 4.918 loading class org/gradle/api/artifacts/transform/TransformAction
Event: 4.918 loading class org/gradle/api/artifacts/transform/TransformAction done
Event: 4.919 loading class org/gradle/api/artifacts/transform/TransformParameters
Event: 4.919 loading class org/gradle/api/artifacts/transform/TransformParameters done
Event: 4.919 loading class org/gradle/api/artifacts/transform/TransformParameters$None
Event: 4.919 loading class org/gradle/api/artifacts/transform/TransformParameters$None done
Event: 4.920 loading class org/gradle/api/internal/artifacts/type/DefaultArtifactTypeRegistry
Event: 4.920 loading class org/gradle/api/internal/artifacts/type/DefaultArtifactTypeRegistry done
Event: 4.921 loading class org/gradle/api/internal/artifacts/DefaultDependencyManagementServices$ArtifactTransformResolutionGradleUserHomeServices$2
Event: 4.921 loading class org/gradle/api/internal/artifacts/DefaultDependencyManagementServices$ArtifactTransformResolutionGradleUserHomeServices$2 done
Event: 4.921 loading class org/gradle/api/internal/artifacts/ivyservice/ErrorHandlingConfigurationResolver
Event: 4.921 loading class org/gradle/api/internal/artifacts/ivyservice/ErrorHandlingConfigurationResolver done


Dynamic libraries:
0x00007ff6382f0000 - 0x00007ff6382fa000 	C:\Program Files\Android\Android Studio1\jre\bin\java.exe
0x00007ffc9d390000 - 0x00007ffc9d5a4000 	C:\WINDOWS\SYSTEM32\ntdll.dll
0x00007ffc9be20000 - 0x00007ffc9bee3000 	C:\WINDOWS\System32\KERNEL32.DLL
0x00007ffc9aa50000 - 0x00007ffc9adec000 	C:\WINDOWS\System32\KERNELBASE.dll
0x00007ffc9af60000 - 0x00007ffc9b071000 	C:\WINDOWS\System32\ucrtbase.dll
0x00007ffc8bcd0000 - 0x00007ffc8bce7000 	C:\Program Files\Android\Android Studio1\jre\bin\VCRUNTIME140.dll
0x00007ffc8bcf0000 - 0x00007ffc8bd09000 	C:\Program Files\Android\Android Studio1\jre\bin\jli.dll
0x00007ffc9c2a0000 - 0x00007ffc9c44d000 	C:\WINDOWS\System32\USER32.dll
0x00007ffc7e1d0000 - 0x00007ffc7e45e000 	C:\WINDOWS\WinSxS\amd64_microsoft.windows.common-controls_6595b64144ccf1df_6.0.22621.608_none_a9444ca7c10bb01d\COMCTL32.dll
0x00007ffc9a980000 - 0x00007ffc9a9a6000 	C:\WINDOWS\System32\win32u.dll
0x00007ffc9d230000 - 0x00007ffc9d2d7000 	C:\WINDOWS\System32\msvcrt.dll
0x00007ffc9b620000 - 0x00007ffc9b649000 	C:\WINDOWS\System32\GDI32.dll
0x00007ffc9b080000 - 0x00007ffc9b193000 	C:\WINDOWS\System32\gdi32full.dll
0x00007ffc9a9b0000 - 0x00007ffc9aa4a000 	C:\WINDOWS\System32\msvcp_win.dll
0x00007ffc9c690000 - 0x00007ffc9c6c1000 	C:\WINDOWS\System32\IMM32.DLL
0x00007ffc6f190000 - 0x00007ffc6f22d000 	C:\Program Files\Android\Android Studio1\jre\bin\msvcp140.dll
0x00007ffc46720000 - 0x00007ffc47222000 	C:\Program Files\Android\Android Studio1\jre\bin\server\jvm.dll
0x00007ffc9c6e0000 - 0x00007ffc9c78e000 	C:\WINDOWS\System32\ADVAPI32.dll
0x00007ffc9bd70000 - 0x00007ffc9be14000 	C:\WINDOWS\System32\sechost.dll
0x00007ffc9b6e0000 - 0x00007ffc9b7f5000 	C:\WINDOWS\System32\RPCRT4.dll
0x00007ffc9d340000 - 0x00007ffc9d348000 	C:\WINDOWS\System32\PSAPI.DLL
0x00007ffc87e00000 - 0x00007ffc87e34000 	C:\WINDOWS\SYSTEM32\WINMM.dll
0x00007ffc8db70000 - 0x00007ffc8db79000 	C:\WINDOWS\SYSTEM32\WSOCK32.dll
0x00007ffc87650000 - 0x00007ffc8765a000 	C:\WINDOWS\SYSTEM32\VERSION.dll
0x00007ffc9bc90000 - 0x00007ffc9bd01000 	C:\WINDOWS\System32\WS2_32.dll
0x00007ffc99910000 - 0x00007ffc99928000 	C:\WINDOWS\SYSTEM32\kernel.appcore.dll
0x00007ffc8bcb0000 - 0x00007ffc8bcc1000 	C:\Program Files\Android\Android Studio1\jre\bin\verify.dll
0x00007ffc98020000 - 0x00007ffc9824e000 	C:\WINDOWS\SYSTEM32\DBGHELP.DLL
0x00007ffc9b900000 - 0x00007ffc9bc89000 	C:\WINDOWS\System32\combase.dll
0x00007ffc9b800000 - 0x00007ffc9b8d7000 	C:\WINDOWS\System32\OLEAUT32.dll
0x00007ffc8dbd0000 - 0x00007ffc8dc02000 	C:\WINDOWS\SYSTEM32\dbgcore.DLL
0x00007ffc9a840000 - 0x00007ffc9a8bb000 	C:\WINDOWS\System32\bcryptPrimitives.dll
0x00007ffc78670000 - 0x00007ffc78699000 	C:\Program Files\Android\Android Studio1\jre\bin\java.dll
0x00007ffc8a9f0000 - 0x00007ffc8a9fb000 	C:\Program Files\Android\Android Studio1\jre\bin\jimage.dll
0x00007ffc8a500000 - 0x00007ffc8a518000 	C:\Program Files\Android\Android Studio1\jre\bin\zip.dll
0x00007ffc9ca40000 - 0x00007ffc9d230000 	C:\WINDOWS\System32\SHELL32.dll
0x00007ffc987f0000 - 0x00007ffc990be000 	C:\WINDOWS\SYSTEM32\windows.storage.dll
0x00007ffc986b0000 - 0x00007ffc987ee000 	C:\WINDOWS\SYSTEM32\wintypes.dll
0x00007ffc9c7a0000 - 0x00007ffc9c891000 	C:\WINDOWS\System32\SHCORE.dll
0x00007ffc9c630000 - 0x00007ffc9c68e000 	C:\WINDOWS\System32\shlwapi.dll
0x00007ffc9a700000 - 0x00007ffc9a721000 	C:\WINDOWS\SYSTEM32\profapi.dll
0x00007ffc87de0000 - 0x00007ffc87dfa000 	C:\Program Files\Android\Android Studio1\jre\bin\net.dll
0x00007ffc8b5c0000 - 0x00007ffc8b6ef000 	C:\WINDOWS\SYSTEM32\WINHTTP.dll
0x00007ffc99d80000 - 0x00007ffc99de9000 	C:\WINDOWS\system32\mswsock.dll
0x00007ffc87d40000 - 0x00007ffc87d54000 	C:\Program Files\Android\Android Studio1\jre\bin\nio.dll
0x00007ffc77ec0000 - 0x00007ffc77ee6000 	C:\Users\Sreelakshmi\.gradle\native\fdc75f09e3144964f2cf3f50f0aa648679c211496f362492102eb8c894070792\windows-amd64\native-platform.dll
0x00007ffc5c7d0000 - 0x00007ffc5c961000 	C:\Users\Sreelakshmi\.gradle\native\12488b8bf47d2d4c9fbf2f6322a914ad602e24e48041cd04a747c6da556b65c4\windows-amd64\native-platform-file-events.dll
0x00007ffc89fe0000 - 0x00007ffc89fea000 	C:\Program Files\Android\Android Studio1\jre\bin\management.dll
0x00007ffc89220000 - 0x00007ffc8922d000 	C:\Program Files\Android\Android Studio1\jre\bin\management_ext.dll
0x00007ffc99fe0000 - 0x00007ffc99ffb000 	C:\WINDOWS\SYSTEM32\CRYPTSP.dll
0x00007ffc99880000 - 0x00007ffc998b5000 	C:\WINDOWS\system32\rsaenh.dll
0x00007ffc99e80000 - 0x00007ffc99ea8000 	C:\WINDOWS\SYSTEM32\USERENV.dll
0x00007ffc9a1a0000 - 0x00007ffc9a1c8000 	C:\WINDOWS\SYSTEM32\bcrypt.dll
0x00007ffc9a000000 - 0x00007ffc9a00c000 	C:\WINDOWS\SYSTEM32\CRYPTBASE.dll
0x00007ffc99380000 - 0x00007ffc993ad000 	C:\WINDOWS\SYSTEM32\IPHLPAPI.DLL
0x00007ffc9c6d0000 - 0x00007ffc9c6d9000 	C:\WINDOWS\System32\NSI.dll
0x00007ffc8b4e0000 - 0x00007ffc8b4f9000 	C:\WINDOWS\SYSTEM32\dhcpcsvc6.DLL
0x00007ffc8b4c0000 - 0x00007ffc8b4df000 	C:\WINDOWS\SYSTEM32\dhcpcsvc.DLL
0x00007ffc993b0000 - 0x00007ffc994a3000 	C:\WINDOWS\SYSTEM32\DNSAPI.dll
0x00007ffc8b6f0000 - 0x00007ffc8b6fd000 	C:\WINDOWS\SYSTEM32\WINNSI.DLL

dbghelp: loaded successfully - version: 4.0.5 - missing functions: none
symbol engine: initialized successfully - sym options: 0x614 - pdb path: .;C:\Program Files\Android\Android Studio1\jre\bin;C:\WINDOWS\SYSTEM32;C:\WINDOWS\WinSxS\amd64_microsoft.windows.common-controls_6595b64144ccf1df_6.0.22621.608_none_a9444ca7c10bb01d;C:\Program Files\Android\Android Studio1\jre\bin\server;C:\Users\Sreelakshmi\.gradle\native\fdc75f09e3144964f2cf3f50f0aa648679c211496f362492102eb8c894070792\windows-amd64;C:\Users\Sreelakshmi\.gradle\native\12488b8bf47d2d4c9fbf2f6322a914ad602e24e48041cd04a747c6da556b65c4\windows-amd64

VM Arguments:
jvm_args: --add-opens=java.base/java.util=ALL-UNNAMED --add-opens=java.base/java.lang=ALL-UNNAMED --add-opens=java.base/java.lang.invoke=ALL-UNNAMED --add-opens=java.prefs/java.util.prefs=ALL-UNNAMED -Xmx1536M -Dfile.encoding=windows-1252 -Duser.country=IN -Duser.language=en -Duser.variant 
java_command: org.gradle.launcher.daemon.bootstrap.GradleDaemon 6.7
java_class_path (initial): C:\Users\Sreelakshmi\.gradle\wrapper\dists\gradle-6.7-all\cuy9mc7upwgwgeb72wkcrupxe\gradle-6.7\lib\gradle-launcher-6.7.jar
Launcher Type: SUN_STANDARD

[Global flags]
     intx CICompilerCount                          = 4                                         {product} {ergonomic}
     uint ConcGCThreads                            = 2                                         {product} {ergonomic}
     uint G1ConcRefinementThreads                  = 8                                         {product} {ergonomic}
   size_t G1HeapRegionSize                         = 1048576                                   {product} {ergonomic}
    uintx GCDrainStackTargetSize                   = 64                                        {product} {ergonomic}
   size_t InitialHeapSize                          = 132120576                                 {product} {ergonomic}
   size_t MarkStackSize                            = 4194304                                   {product} {ergonomic}
   size_t MaxHeapSize                              = 1610612736                                {product} {command line}
   size_t MaxNewSize                               = 965738496                                 {product} {ergonomic}
   size_t MinHeapDeltaBytes                        = 1048576                                   {product} {ergonomic}
    uintx NonNMethodCodeHeapSize                   = 5836300                                {pd product} {ergonomic}
    uintx NonProfiledCodeHeapSize                  = 122910970                              {pd product} {ergonomic}
    uintx ProfiledCodeHeapSize                     = 122910970                              {pd product} {ergonomic}
    uintx ReservedCodeCacheSize                    = 251658240                              {pd product} {ergonomic}
     bool SegmentedCodeCache                       = true                                      {product} {ergonomic}
     bool UseCompressedClassPointers               = true                                 {lp64_product} {ergonomic}
     bool UseCompressedOops                        = true                                 {lp64_product} {ergonomic}
     bool UseG1GC                                  = true                                      {product} {ergonomic}
     bool UseLargePagesIndividualAllocation        = false                                  {pd product} {ergonomic}

Logging:
Log output configuration:
 #0: stdout all=warning uptime,level,tags
 #1: stderr all=off uptime,level,tags

Environment Variables:
JAVA_HOME=C:\Program Files\Android\Android Studio1\jre
CLASSPATH=C:\Users\Sreelakshmi\Desktop\Mini\initial\android\\gradle\wrapper\gradle-wrapper.jar
PATH=C:\Program Files\Python311\Scripts\;C:\Program Files\Python311\;C:\Program Files\Common Files\Oracle\Java\javapath;C:\windows\system32;C:\windows;C:\windows\System32\Wbem;C:\windows\System32\WindowsPowerShell\v1.0\;C:\windows\System32\OpenSSH\;C:\Program Files (x86)\NVIDIA Corporation\PhysX\Common;C:\Program Files\NVIDIA Corporation\NVIDIA NvDLISR;C:\mingw64\bin;C:\Program Files\Java\jdk-17.0.1;C:\WINDOWS\system32;C:\WINDOWS;C:\WINDOWS\System32\Wbem;C:\WINDOWS\System32\WindowsPowerShell\v1.0\;C:\WINDOWS\System32\OpenSSH\;C:\Program Files\Git\cmd;C:\Users\Sreelakshmi\AppData\Local\Microsoft\WindowsApps;C:\Users\Sreelakshmi\AppData\Local\Programs\Microsoft VS Code\bin;C:\iedc\flutter\bin;C:\src\flutter\bin;;C:\iedc\flutter\bin\mingit\cmd
USERNAME=Sreelakshmi
OS=Windows_NT
PROCESSOR_IDENTIFIER=Intel64 Family 6 Model 140 Stepping 1, GenuineIntel



---------------  S Y S T E M  ---------------

OS: Windows 11 , 64 bit Build 22621 (10.0.22621.1344)
OS uptime: 5 days 13:37 hours

CPU:total 8 (initial active 8) (4 cores per cpu, 2 threads per core) family 6 model 140 stepping 1 microcode 0xa4, cmov, cx8, fxsr, mmx, sse, sse2, sse3, ssse3, sse4.1, sse4.2, popcnt, avx, avx2, aes, clmul, erms, 3dnowpref, lzcnt, ht, tsc, tscinvbit, bmi1, bmi2, adx, evex, sha, fma

Memory: 4k page, system-wide physical 7937M (341M free)
TotalPageFile size 16129M (AvailPageFile size 0M)
current process WorkingSet (physical memory assigned to process): 231M, peak: 231M
current process commit charge ("private bytes"): 295M, peak: 296M

vm_info: OpenJDK 64-Bit Server VM (11.0.13+0-b1751.21-8125866) for windows-amd64 JRE (11.0.13+0-b1751.21-8125866), built on Feb  2 2022 03:00:22 by "builder" with MS VC++ 14.0 (VS2015)

END.
