#
# There is insufficient memory for the Java Runtime Environment to continue.
# Native memory allocation (malloc) failed to allocate 89456 bytes for Chunk::new
# Possible reasons:
#   The system is out of physical RAM or swap space
#   The process is running with CompressedOops enabled, and the Java Heap may be blocking the growth of the native heap
# Possible solutions:
#   Reduce memory load on the system
#   Increase physical memory or swap space
#   Check if swap backing store is full
#   Decrease Java heap size (-Xmx/-Xms)
#   Decrease number of Java threads
#   Decrease Java thread stack sizes (-Xss)
#   Set larger code cache with -XX:ReservedCodeCacheSize=
#   JVM is running with Unscaled Compressed Oops mode in which the Java heap is
#     placed in the first 4GB address space. The Java Heap base address is the
#     maximum limit for the native heap growth. Please use -XX:HeapBaseMinAddress
#     to set the Java Heap base and to place the Java Heap above 4GB virtual address.
# This output file may be truncated or incomplete.
#
#  Out of Memory Error (./src/hotspot/share/memory/arena.cpp:197), pid=10868, tid=19164
#
# JRE version: OpenJDK Runtime Environment (11.0.13) (build 11.0.13+0-b1751.21-8125866)
# Java VM: OpenJDK 64-Bit Server VM (11.0.13+0-b1751.21-8125866, mixed mode, tiered, compressed oops, g1 gc, windows-amd64)
# No core dump will be written. Minidumps are not enabled by default on client versions of Windows
#

---------------  S U M M A R Y ------------

Command Line: --add-opens=java.base/java.util=ALL-UNNAMED --add-opens=java.base/java.lang=ALL-UNNAMED --add-opens=java.base/java.lang.invoke=ALL-UNNAMED --add-opens=java.prefs/java.util.prefs=ALL-UNNAMED -Xmx1536M -Dfile.encoding=windows-1252 -Duser.country=IN -Duser.language=en -Duser.variant org.gradle.launcher.daemon.bootstrap.GradleDaemon 6.7

Host: 11th Gen Intel(R) Core(TM) i5-11300H @ 3.10GHz, 8 cores, 7G,  Windows 11 , 64 bit Build 22621 (10.0.22621.1635)
Time: Wed May 24 19:47:17 2023 India Standard Time elapsed time: 5.074410 seconds (0d 0h 0m 5s)

---------------  T H R E A D  ---------------

Current thread (0x0000022be3de3800):  JavaThread "C2 CompilerThread0" daemon [_thread_in_native, id=19164, stack(0x00000037b5700000,0x00000037b5800000)]


Current CompileTask:
C2:   5074 2862       4       org.codehaus.groovy.runtime.metaclass.MetaMethodIndex::addMethodToList (298 bytes)

Stack: [0x00000037b5700000,0x00000037b5800000]
Native frames: (J=compiled Java code, j=interpreted, Vv=VM code, C=native code)
V  [jvm.dll+0x6100fa]
V  [jvm.dll+0x747090]
V  [jvm.dll+0x7486ad]
V  [jvm.dll+0x748d83]
V  [jvm.dll+0x24ab48]
V  [jvm.dll+0xc04dc]
V  [jvm.dll+0xc0a0c]
V  [jvm.dll+0xc060c]
V  [jvm.dll+0x66c33c]
V  [jvm.dll+0x52b51c]
V  [jvm.dll+0x697600]
V  [jvm.dll+0x6966b4]
V  [jvm.dll+0x534fe8]
V  [jvm.dll+0x534bb3]
V  [jvm.dll+0x524734]
V  [jvm.dll+0x204802]
V  [jvm.dll+0x2023c2]
V  [jvm.dll+0x188e01]
V  [jvm.dll+0x21106b]
V  [jvm.dll+0x20f8c1]
V  [jvm.dll+0x70de0f]
V  [jvm.dll+0x706a75]
V  [jvm.dll+0x60ed66]
C  [ucrtbase.dll+0x29363]
C  [KERNEL32.DLL+0x126ad]
C  [ntdll.dll+0x5a9f8]


---------------  P R O C E S S  ---------------

Threads class SMR info:
_java_thread_list=0x0000022be894f1e0, length=30, elements={
0x0000022bcac20800, 0x0000022be3dbc000, 0x0000022be3dbf800, 0x0000022be3ddb800,
0x0000022be3ddc800, 0x0000022be3ddd800, 0x0000022be3de3800, 0x0000022be3de8000,
0x0000022be476d000, 0x0000022be48c3000, 0x0000022be6495800, 0x0000022be6eb3800,
0x0000022be61a2000, 0x0000022be5de4800, 0x0000022be66e0800, 0x0000022be62c3000,
0x0000022be5d21800, 0x0000022be5929800, 0x0000022be64be000, 0x0000022be5969800,
0x0000022be6477800, 0x0000022be647c800, 0x0000022be647b800, 0x0000022be6478800,
0x0000022be647e000, 0x0000022be6479000, 0x0000022be647a000, 0x0000022be647a800,
0x0000022be647d000, 0x0000022be75be000
}

Java Threads: ( => current thread )
  0x0000022bcac20800 JavaThread "main" [_thread_blocked, id=16068, stack(0x00000037b4b00000,0x00000037b4c00000)]
  0x0000022be3dbc000 JavaThread "Reference Handler" daemon [_thread_blocked, id=1812, stack(0x00000037b5200000,0x00000037b5300000)]
  0x0000022be3dbf800 JavaThread "Finalizer" daemon [_thread_blocked, id=20348, stack(0x00000037b5300000,0x00000037b5400000)]
  0x0000022be3ddb800 JavaThread "Signal Dispatcher" daemon [_thread_blocked, id=2712, stack(0x00000037b5400000,0x00000037b5500000)]
  0x0000022be3ddc800 JavaThread "Attach Listener" daemon [_thread_blocked, id=19896, stack(0x00000037b5500000,0x00000037b5600000)]
  0x0000022be3ddd800 JavaThread "Service Thread" daemon [_thread_blocked, id=11088, stack(0x00000037b5600000,0x00000037b5700000)]
=>0x0000022be3de3800 JavaThread "C2 CompilerThread0" daemon [_thread_in_native, id=19164, stack(0x00000037b5700000,0x00000037b5800000)]
  0x0000022be3de8000 JavaThread "C1 CompilerThread0" daemon [_thread_blocked, id=20324, stack(0x00000037b5800000,0x00000037b5900000)]
  0x0000022be476d000 JavaThread "Sweeper thread" daemon [_thread_blocked, id=2252, stack(0x00000037b5900000,0x00000037b5a00000)]
  0x0000022be48c3000 JavaThread "Common-Cleaner" daemon [_thread_blocked, id=7640, stack(0x00000037b5a00000,0x00000037b5b00000)]
  0x0000022be6495800 JavaThread "Daemon health stats" [_thread_blocked, id=3800, stack(0x00000037b5e00000,0x00000037b5f00000)]
  0x0000022be6eb3800 JavaThread "Incoming local TCP Connector on port 57629" [_thread_in_native, id=11500, stack(0x00000037b6100000,0x00000037b6200000)]
  0x0000022be61a2000 JavaThread "Daemon periodic checks" [_thread_blocked, id=13860, stack(0x00000037b6200000,0x00000037b6300000)]
  0x0000022be5de4800 JavaThread "Daemon" [_thread_blocked, id=19080, stack(0x00000037b6300000,0x00000037b6400000)]
  0x0000022be66e0800 JavaThread "Handler for socket connection from /127.0.0.1:57629 to /127.0.0.1:57630" [_thread_in_native, id=19928, stack(0x00000037b6400000,0x00000037b6500000)]
  0x0000022be62c3000 JavaThread "Cancel handler" [_thread_blocked, id=18612, stack(0x00000037b6500000,0x00000037b6600000)]
  0x0000022be5d21800 JavaThread "Daemon worker" [_thread_in_Java, id=11492, stack(0x00000037b6600000,0x00000037b6700000)]
  0x0000022be5929800 JavaThread "Asynchronous log dispatcher for DefaultDaemonConnection: socket connection from /127.0.0.1:57629 to /127.0.0.1:57630" [_thread_blocked, id=17344, stack(0x00000037b6700000,0x00000037b6800000)]
  0x0000022be64be000 JavaThread "Stdin handler" [_thread_blocked, id=13516, stack(0x00000037b6800000,0x00000037b6900000)]
  0x0000022be5969800 JavaThread "Thread-8" [_thread_blocked, id=15600, stack(0x00000037b6900000,0x00000037b6a00000)]
  0x0000022be6477800 JavaThread "Cache worker for file hash cache (C:\Users\Sreelakshmi\.gradle\caches\6.7\fileHashes)" [_thread_blocked, id=8380, stack(0x00000037b6f00000,0x00000037b7000000)]
  0x0000022be647c800 JavaThread "File lock request listener" [_thread_in_native, id=20180, stack(0x00000037b7000000,0x00000037b7100000)]
  0x0000022be647b800 JavaThread "Cache worker for journal cache (C:\Users\Sreelakshmi\.gradle\caches\journal-1)" [_thread_blocked, id=13576, stack(0x00000037b7100000,0x00000037b7200000)]
  0x0000022be6478800 JavaThread "Cache worker for file hash cache (C:\Users\Sreelakshmi\Desktop\Mini\initial\android\.gradle\6.7\fileHashes)" [_thread_blocked, id=8376, stack(0x00000037b7300000,0x00000037b7400000)]
  0x0000022be647e000 JavaThread "Cache worker for checksums cache (C:\Users\Sreelakshmi\Desktop\Mini\initial\android\.gradle\checksums)" [_thread_blocked, id=8556, stack(0x00000037b7400000,0x00000037b7500000)]
  0x0000022be6479000 JavaThread "Cache worker for cache directory md-supplier (C:\Users\Sreelakshmi\.gradle\caches\6.7\md-supplier)" [_thread_blocked, id=7488, stack(0x00000037b7500000,0x00000037b7600000)]
  0x0000022be647a000 JavaThread "Cache worker for cache directory md-rule (C:\Users\Sreelakshmi\.gradle\caches\6.7\md-rule)" [_thread_blocked, id=10236, stack(0x00000037b7600000,0x00000037b7700000)]
  0x0000022be647a800 JavaThread "Cache worker for execution history cache (C:\Users\Sreelakshmi\.gradle\caches\6.7\executionHistory)" [_thread_blocked, id=3192, stack(0x00000037b7700000,0x00000037b7800000)]
  0x0000022be647d000 JavaThread "jar transforms" [_thread_blocked, id=19204, stack(0x00000037b7800000,0x00000037b7900000)]
  0x0000022be75be000 JavaThread "Cache worker for file content cache (C:\Users\Sreelakshmi\.gradle\caches\6.7\fileContent)" [_thread_blocked, id=19492, stack(0x00000037b7900000,0x00000037b7a00000)]

Other Threads:
  0x0000022be3db7800 VMThread "VM Thread" [stack: 0x00000037b5100000,0x00000037b5200000] [id=19248]
  0x0000022be48ca000 WatcherThread [stack: 0x00000037b5b00000,0x00000037b5c00000] [id=13480]
  0x0000022bcac35000 GCTaskThread "GC Thread#0" [stack: 0x00000037b4c00000,0x00000037b4d00000] [id=17924]
  0x0000022be508d800 GCTaskThread "GC Thread#1" [stack: 0x00000037b5c00000,0x00000037b5d00000] [id=18672]
  0x0000022be5699800 GCTaskThread "GC Thread#2" [stack: 0x00000037b5d00000,0x00000037b5e00000] [id=16948]
  0x0000022be6a7d800 GCTaskThread "GC Thread#3" [stack: 0x00000037b6a00000,0x00000037b6b00000] [id=19868]
  0x0000022be63f3800 GCTaskThread "GC Thread#4" [stack: 0x00000037b6b00000,0x00000037b6c00000] [id=17280]
  0x0000022be63f6000 GCTaskThread "GC Thread#5" [stack: 0x00000037b6c00000,0x00000037b6d00000] [id=6708]
  0x0000022be6471800 GCTaskThread "GC Thread#6" [stack: 0x00000037b6d00000,0x00000037b6e00000] [id=5968]
  0x0000022be648b800 GCTaskThread "GC Thread#7" [stack: 0x00000037b6e00000,0x00000037b6f00000] [id=4080]
  0x0000022bcac5d800 ConcurrentGCThread "G1 Main Marker" [stack: 0x00000037b4d00000,0x00000037b4e00000] [id=7548]
  0x0000022bcac5f800 ConcurrentGCThread "G1 Conc#0" [stack: 0x00000037b4e00000,0x00000037b4f00000] [id=18812]
  0x0000022be6435800 ConcurrentGCThread "G1 Conc#1" [stack: 0x00000037b7200000,0x00000037b7300000] [id=6008]
  0x0000022bcaced800 ConcurrentGCThread "G1 Refine#0" [stack: 0x00000037b4f00000,0x00000037b5000000] [id=19160]
  0x0000022bcacee800 ConcurrentGCThread "G1 Young RemSet Sampling" [stack: 0x00000037b5000000,0x00000037b5100000] [id=12684]

Threads with active compile tasks:
C2 CompilerThread0   5100 2862       4       org.codehaus.groovy.runtime.metaclass.MetaMethodIndex::addMethodToList (298 bytes)

VM state:not at safepoint (normal execution)

VM Mutex/Monitor currently owned by a thread: None

Heap address: 0x00000000a0000000, size: 1536 MB, Compressed Oops mode: 32-bit
Narrow klass base: 0x0000000000000000, Narrow klass shift: 3
Compressed class space size: 1073741824 Address: 0x0000000100000000

Heap:
 garbage-first heap   total 129024K, used 44934K [0x00000000a0000000, 0x0000000100000000)
  region size 1024K, 28 young (28672K), 6 survivors (6144K)
 Metaspace       used 37235K, capacity 37984K, committed 38016K, reserved 1083392K
  class space    used 4695K, capacity 4969K, committed 4992K, reserved 1048576K
Heap Regions: E=young(eden), S=young(survivor), O=old, HS=humongous(starts), HC=humongous(continues), CS=collection set, F=free, A=archive, TAMS=top-at-mark-start (previous, next)
|   0|0x00000000a0000000, 0x00000000a0100000, 0x00000000a0100000|100%| O|  |TAMS 0x00000000a0100000, 0x00000000a0000000| Untracked 
|   1|0x00000000a0100000, 0x00000000a0200000, 0x00000000a0200000|100%| O|  |TAMS 0x00000000a0200000, 0x00000000a0100000| Untracked 
|   2|0x00000000a0200000, 0x00000000a0300000, 0x00000000a0300000|100%| O|  |TAMS 0x00000000a0300000, 0x00000000a0200000| Untracked 
|   3|0x00000000a0300000, 0x00000000a0400000, 0x00000000a0400000|100%|HS|  |TAMS 0x00000000a0400000, 0x00000000a0300000| Complete 
|   4|0x00000000a0400000, 0x00000000a0500000, 0x00000000a0500000|100%|HC|  |TAMS 0x00000000a0500000, 0x00000000a0400000| Complete 
|   5|0x00000000a0500000, 0x00000000a0600000, 0x00000000a0600000|100%|HC|  |TAMS 0x00000000a0600000, 0x00000000a0500000| Complete 
|   6|0x00000000a0600000, 0x00000000a0700000, 0x00000000a0700000|100%| O|  |TAMS 0x00000000a0700000, 0x00000000a0600000| Untracked 
|   7|0x00000000a0700000, 0x00000000a0800000, 0x00000000a0800000|100%| O|  |TAMS 0x00000000a0800000, 0x00000000a0700000| Untracked 
|   8|0x00000000a0800000, 0x00000000a0900000, 0x00000000a0900000|100%| O|  |TAMS 0x00000000a0900000, 0x00000000a0800000| Untracked 
|   9|0x00000000a0900000, 0x00000000a0a00000, 0x00000000a0a00000|100%| O|  |TAMS 0x00000000a0a00000, 0x00000000a0900000| Untracked 
|  10|0x00000000a0a00000, 0x00000000a0b00000, 0x00000000a0b00000|100%| O|  |TAMS 0x00000000a0b00000, 0x00000000a0a00000| Untracked 
|  11|0x00000000a0b00000, 0x00000000a0c00000, 0x00000000a0c00000|100%| O|  |TAMS 0x00000000a0c00000, 0x00000000a0b00000| Untracked 
|  12|0x00000000a0c00000, 0x00000000a0d00000, 0x00000000a0d00000|100%| O|  |TAMS 0x00000000a0d00000, 0x00000000a0c00000| Untracked 
|  13|0x00000000a0d00000, 0x00000000a0e00000, 0x00000000a0e00000|100%| O|  |TAMS 0x00000000a0e00000, 0x00000000a0d00000| Untracked 
|  14|0x00000000a0e00000, 0x00000000a0ef9800, 0x00000000a0f00000| 97%| O|  |TAMS 0x00000000a0ef9800, 0x00000000a0e00000| Untracked 
|  15|0x00000000a0f00000, 0x00000000a0f00000, 0x00000000a1000000|  0%| F|  |TAMS 0x00000000a0f00000, 0x00000000a0f00000| Untracked 
|  16|0x00000000a1000000, 0x00000000a1100000, 0x00000000a1100000|100%|HS|  |TAMS 0x00000000a1100000, 0x00000000a1000000| Complete 
|  17|0x00000000a1100000, 0x00000000a1200000, 0x00000000a1200000|100%|HC|  |TAMS 0x00000000a1200000, 0x00000000a1100000| Complete 
|  18|0x00000000a1200000, 0x00000000a1200000, 0x00000000a1300000|  0%| F|  |TAMS 0x00000000a1200000, 0x00000000a1200000| Untracked 
|  19|0x00000000a1300000, 0x00000000a1300000, 0x00000000a1400000|  0%| F|  |TAMS 0x00000000a1300000, 0x00000000a1300000| Untracked 
|  20|0x00000000a1400000, 0x00000000a1400000, 0x00000000a1500000|  0%| F|  |TAMS 0x00000000a1400000, 0x00000000a1400000| Untracked 
|  21|0x00000000a1500000, 0x00000000a1500000, 0x00000000a1600000|  0%| F|  |TAMS 0x00000000a1500000, 0x00000000a1500000| Untracked 
|  22|0x00000000a1600000, 0x00000000a1600000, 0x00000000a1700000|  0%| F|  |TAMS 0x00000000a1600000, 0x00000000a1600000| Untracked 
|  23|0x00000000a1700000, 0x00000000a1700000, 0x00000000a1800000|  0%| F|  |TAMS 0x00000000a1700000, 0x00000000a1700000| Untracked 
|  24|0x00000000a1800000, 0x00000000a1800000, 0x00000000a1900000|  0%| F|  |TAMS 0x00000000a1800000, 0x00000000a1800000| Untracked 
|  25|0x00000000a1900000, 0x00000000a1900000, 0x00000000a1a00000|  0%| F|  |TAMS 0x00000000a1900000, 0x00000000a1900000| Untracked 
|  26|0x00000000a1a00000, 0x00000000a1a00000, 0x00000000a1b00000|  0%| F|  |TAMS 0x00000000a1a00000, 0x00000000a1a00000| Untracked 
|  27|0x00000000a1b00000, 0x00000000a1b00000, 0x00000000a1c00000|  0%| F|  |TAMS 0x00000000a1b00000, 0x00000000a1b00000| Untracked 
|  28|0x00000000a1c00000, 0x00000000a1c00000, 0x00000000a1d00000|  0%| F|  |TAMS 0x00000000a1c00000, 0x00000000a1c00000| Untracked 
|  29|0x00000000a1d00000, 0x00000000a1d00000, 0x00000000a1e00000|  0%| F|  |TAMS 0x00000000a1d00000, 0x00000000a1d00000| Untracked 
|  30|0x00000000a1e00000, 0x00000000a1e00000, 0x00000000a1f00000|  0%| F|  |TAMS 0x00000000a1e00000, 0x00000000a1e00000| Untracked 
|  31|0x00000000a1f00000, 0x00000000a1f00000, 0x00000000a2000000|  0%| F|  |TAMS 0x00000000a1f00000, 0x00000000a1f00000| Untracked 
|  32|0x00000000a2000000, 0x00000000a2000000, 0x00000000a2100000|  0%| F|  |TAMS 0x00000000a2000000, 0x00000000a2000000| Untracked 
|  33|0x00000000a2100000, 0x00000000a2100000, 0x00000000a2200000|  0%| F|  |TAMS 0x00000000a2100000, 0x00000000a2100000| Untracked 
|  34|0x00000000a2200000, 0x00000000a2200000, 0x00000000a2300000|  0%| F|  |TAMS 0x00000000a2200000, 0x00000000a2200000| Untracked 
|  35|0x00000000a2300000, 0x00000000a2300000, 0x00000000a2400000|  0%| F|  |TAMS 0x00000000a2300000, 0x00000000a2300000| Untracked 
|  36|0x00000000a2400000, 0x00000000a2400000, 0x00000000a2500000|  0%| F|  |TAMS 0x00000000a2400000, 0x00000000a2400000| Untracked 
|  37|0x00000000a2500000, 0x00000000a2500000, 0x00000000a2600000|  0%| F|  |TAMS 0x00000000a2500000, 0x00000000a2500000| Untracked 
|  38|0x00000000a2600000, 0x00000000a2600000, 0x00000000a2700000|  0%| F|  |TAMS 0x00000000a2600000, 0x00000000a2600000| Untracked 
|  39|0x00000000a2700000, 0x00000000a2700000, 0x00000000a2800000|  0%| F|  |TAMS 0x00000000a2700000, 0x00000000a2700000| Untracked 
|  40|0x00000000a2800000, 0x00000000a2800000, 0x00000000a2900000|  0%| F|  |TAMS 0x00000000a2800000, 0x00000000a2800000| Untracked 
|  41|0x00000000a2900000, 0x00000000a2900000, 0x00000000a2a00000|  0%| F|  |TAMS 0x00000000a2900000, 0x00000000a2900000| Untracked 
|  42|0x00000000a2a00000, 0x00000000a2a00000, 0x00000000a2b00000|  0%| F|  |TAMS 0x00000000a2a00000, 0x00000000a2a00000| Untracked 
|  43|0x00000000a2b00000, 0x00000000a2b00000, 0x00000000a2c00000|  0%| F|  |TAMS 0x00000000a2b00000, 0x00000000a2b00000| Untracked 
|  44|0x00000000a2c00000, 0x00000000a2c00000, 0x00000000a2d00000|  0%| F|  |TAMS 0x00000000a2c00000, 0x00000000a2c00000| Untracked 
|  45|0x00000000a2d00000, 0x00000000a2d00000, 0x00000000a2e00000|  0%| F|  |TAMS 0x00000000a2d00000, 0x00000000a2d00000| Untracked 
|  46|0x00000000a2e00000, 0x00000000a2e00000, 0x00000000a2f00000|  0%| F|  |TAMS 0x00000000a2e00000, 0x00000000a2e00000| Untracked 
|  47|0x00000000a2f00000, 0x00000000a2f00000, 0x00000000a3000000|  0%| F|  |TAMS 0x00000000a2f00000, 0x00000000a2f00000| Untracked 
|  48|0x00000000a3000000, 0x00000000a3000000, 0x00000000a3100000|  0%| F|  |TAMS 0x00000000a3000000, 0x00000000a3000000| Untracked 
|  49|0x00000000a3100000, 0x00000000a3100000, 0x00000000a3200000|  0%| F|  |TAMS 0x00000000a3100000, 0x00000000a3100000| Untracked 
|  50|0x00000000a3200000, 0x00000000a3200000, 0x00000000a3300000|  0%| F|  |TAMS 0x00000000a3200000, 0x00000000a3200000| Untracked 
|  51|0x00000000a3300000, 0x00000000a3300000, 0x00000000a3400000|  0%| F|  |TAMS 0x00000000a3300000, 0x00000000a3300000| Untracked 
|  52|0x00000000a3400000, 0x00000000a3400000, 0x00000000a3500000|  0%| F|  |TAMS 0x00000000a3400000, 0x00000000a3400000| Untracked 
|  53|0x00000000a3500000, 0x00000000a3500000, 0x00000000a3600000|  0%| F|  |TAMS 0x00000000a3500000, 0x00000000a3500000| Untracked 
|  54|0x00000000a3600000, 0x00000000a3600000, 0x00000000a3700000|  0%| F|  |TAMS 0x00000000a3600000, 0x00000000a3600000| Untracked 
|  55|0x00000000a3700000, 0x00000000a3700000, 0x00000000a3800000|  0%| F|  |TAMS 0x00000000a3700000, 0x00000000a3700000| Untracked 
|  56|0x00000000a3800000, 0x00000000a3800000, 0x00000000a3900000|  0%| F|  |TAMS 0x00000000a3800000, 0x00000000a3800000| Untracked 
|  57|0x00000000a3900000, 0x00000000a3900000, 0x00000000a3a00000|  0%| F|  |TAMS 0x00000000a3900000, 0x00000000a3900000| Untracked 
|  58|0x00000000a3a00000, 0x00000000a3a00000, 0x00000000a3b00000|  0%| F|  |TAMS 0x00000000a3a00000, 0x00000000a3a00000| Untracked 
|  59|0x00000000a3b00000, 0x00000000a3b00000, 0x00000000a3c00000|  0%| F|  |TAMS 0x00000000a3b00000, 0x00000000a3b00000| Untracked 
|  60|0x00000000a3c00000, 0x00000000a3c00000, 0x00000000a3d00000|  0%| F|  |TAMS 0x00000000a3c00000, 0x00000000a3c00000| Untracked 
|  61|0x00000000a3d00000, 0x00000000a3d00000, 0x00000000a3e00000|  0%| F|  |TAMS 0x00000000a3d00000, 0x00000000a3d00000| Untracked 
|  62|0x00000000a3e00000, 0x00000000a3e00000, 0x00000000a3f00000|  0%| F|  |TAMS 0x00000000a3e00000, 0x00000000a3e00000| Untracked 
|  63|0x00000000a3f00000, 0x00000000a3f00000, 0x00000000a4000000|  0%| F|  |TAMS 0x00000000a3f00000, 0x00000000a3f00000| Untracked 
|  64|0x00000000a4000000, 0x00000000a4000000, 0x00000000a4100000|  0%| F|  |TAMS 0x00000000a4000000, 0x00000000a4000000| Untracked 
|  65|0x00000000a4100000, 0x00000000a4100000, 0x00000000a4200000|  0%| F|  |TAMS 0x00000000a4100000, 0x00000000a4100000| Untracked 
|  66|0x00000000a4200000, 0x00000000a4200000, 0x00000000a4300000|  0%| F|  |TAMS 0x00000000a4200000, 0x00000000a4200000| Untracked 
|  67|0x00000000a4300000, 0x00000000a4300000, 0x00000000a4400000|  0%| F|  |TAMS 0x00000000a4300000, 0x00000000a4300000| Untracked 
|  68|0x00000000a4400000, 0x00000000a44e8008, 0x00000000a4500000| 90%| S|CS|TAMS 0x00000000a4400000, 0x00000000a4400000| Complete 
|  69|0x00000000a4500000, 0x00000000a4600000, 0x00000000a4600000|100%| S|CS|TAMS 0x00000000a4500000, 0x00000000a4500000| Complete 
|  70|0x00000000a4600000, 0x00000000a4700000, 0x00000000a4700000|100%| S|CS|TAMS 0x00000000a4600000, 0x00000000a4600000| Complete 
|  71|0x00000000a4700000, 0x00000000a4800000, 0x00000000a4800000|100%| S|CS|TAMS 0x00000000a4700000, 0x00000000a4700000| Complete 
|  72|0x00000000a4800000, 0x00000000a4800000, 0x00000000a4900000|  0%| F|  |TAMS 0x00000000a4800000, 0x00000000a4800000| Untracked 
|  73|0x00000000a4900000, 0x00000000a4900000, 0x00000000a4a00000|  0%| F|  |TAMS 0x00000000a4900000, 0x00000000a4900000| Untracked 
|  74|0x00000000a4a00000, 0x00000000a4a00000, 0x00000000a4b00000|  0%| F|  |TAMS 0x00000000a4a00000, 0x00000000a4a00000| Untracked 
|  75|0x00000000a4b00000, 0x00000000a4c00000, 0x00000000a4c00000|100%| S|CS|TAMS 0x00000000a4b00000, 0x00000000a4b00000| Complete 
|  76|0x00000000a4c00000, 0x00000000a4d00000, 0x00000000a4d00000|100%| S|CS|TAMS 0x00000000a4c00000, 0x00000000a4c00000| Complete 
|  77|0x00000000a4d00000, 0x00000000a4d00000, 0x00000000a4e00000|  0%| F|  |TAMS 0x00000000a4d00000, 0x00000000a4d00000| Untracked 
|  78|0x00000000a4e00000, 0x00000000a4e00000, 0x00000000a4f00000|  0%| F|  |TAMS 0x00000000a4e00000, 0x00000000a4e00000| Untracked 
|  79|0x00000000a4f00000, 0x00000000a4f00000, 0x00000000a5000000|  0%| F|  |TAMS 0x00000000a4f00000, 0x00000000a4f00000| Untracked 
|  80|0x00000000a5000000, 0x00000000a5000000, 0x00000000a5100000|  0%| F|  |TAMS 0x00000000a5000000, 0x00000000a5000000| Untracked 
|  81|0x00000000a5100000, 0x00000000a5100000, 0x00000000a5200000|  0%| F|  |TAMS 0x00000000a5100000, 0x00000000a5100000| Untracked 
|  82|0x00000000a5200000, 0x00000000a5200000, 0x00000000a5300000|  0%| F|  |TAMS 0x00000000a5200000, 0x00000000a5200000| Untracked 
|  83|0x00000000a5300000, 0x00000000a5300000, 0x00000000a5400000|  0%| F|  |TAMS 0x00000000a5300000, 0x00000000a5300000| Untracked 
|  84|0x00000000a5400000, 0x00000000a5400000, 0x00000000a5500000|  0%| F|  |TAMS 0x00000000a5400000, 0x00000000a5400000| Untracked 
|  85|0x00000000a5500000, 0x00000000a5500000, 0x00000000a5600000|  0%| F|  |TAMS 0x00000000a5500000, 0x00000000a5500000| Untracked 
|  86|0x00000000a5600000, 0x00000000a5600000, 0x00000000a5700000|  0%| F|  |TAMS 0x00000000a5600000, 0x00000000a5600000| Untracked 
|  87|0x00000000a5700000, 0x00000000a5700000, 0x00000000a5800000|  0%| F|  |TAMS 0x00000000a5700000, 0x00000000a5700000| Untracked 
|  88|0x00000000a5800000, 0x00000000a5800000, 0x00000000a5900000|  0%| F|  |TAMS 0x00000000a5800000, 0x00000000a5800000| Untracked 
|  89|0x00000000a5900000, 0x00000000a5900000, 0x00000000a5a00000|  0%| F|  |TAMS 0x00000000a5900000, 0x00000000a5900000| Untracked 
|  90|0x00000000a5a00000, 0x00000000a5a00000, 0x00000000a5b00000|  0%| F|  |TAMS 0x00000000a5a00000, 0x00000000a5a00000| Untracked 
|  91|0x00000000a5b00000, 0x00000000a5b00000, 0x00000000a5c00000|  0%| F|  |TAMS 0x00000000a5b00000, 0x00000000a5b00000| Untracked 
|  92|0x00000000a5c00000, 0x00000000a5c00000, 0x00000000a5d00000|  0%| F|  |TAMS 0x00000000a5c00000, 0x00000000a5c00000| Untracked 
|  93|0x00000000a5d00000, 0x00000000a5d00000, 0x00000000a5e00000|  0%| F|  |TAMS 0x00000000a5d00000, 0x00000000a5d00000| Untracked 
|  94|0x00000000a5e00000, 0x00000000a5e00000, 0x00000000a5f00000|  0%| F|  |TAMS 0x00000000a5e00000, 0x00000000a5e00000| Untracked 
|  95|0x00000000a5f00000, 0x00000000a5f00000, 0x00000000a6000000|  0%| F|  |TAMS 0x00000000a5f00000, 0x00000000a5f00000| Untracked 
|  96|0x00000000a6000000, 0x00000000a6000000, 0x00000000a6100000|  0%| F|  |TAMS 0x00000000a6000000, 0x00000000a6000000| Untracked 
|  97|0x00000000a6100000, 0x00000000a6100000, 0x00000000a6200000|  0%| F|  |TAMS 0x00000000a6100000, 0x00000000a6100000| Untracked 
|  98|0x00000000a6200000, 0x00000000a6200000, 0x00000000a6300000|  0%| F|  |TAMS 0x00000000a6200000, 0x00000000a6200000| Untracked 
|  99|0x00000000a6300000, 0x00000000a6300000, 0x00000000a6400000|  0%| F|  |TAMS 0x00000000a6300000, 0x00000000a6300000| Untracked 
| 100|0x00000000a6400000, 0x00000000a6400000, 0x00000000a6500000|  0%| F|  |TAMS 0x00000000a6400000, 0x00000000a6400000| Untracked 
| 101|0x00000000a6500000, 0x00000000a6500000, 0x00000000a6600000|  0%| F|  |TAMS 0x00000000a6500000, 0x00000000a6500000| Untracked 
| 102|0x00000000a6600000, 0x00000000a6600000, 0x00000000a6700000|  0%| F|  |TAMS 0x00000000a6600000, 0x00000000a6600000| Untracked 
| 103|0x00000000a6700000, 0x00000000a6700000, 0x00000000a6800000|  0%| F|  |TAMS 0x00000000a6700000, 0x00000000a6700000| Untracked 
| 104|0x00000000a6800000, 0x00000000a6880800, 0x00000000a6900000| 50%| E|  |TAMS 0x00000000a6800000, 0x00000000a6800000| Complete 
| 105|0x00000000a6900000, 0x00000000a6a00000, 0x00000000a6a00000|100%| E|CS|TAMS 0x00000000a6900000, 0x00000000a6900000| Complete 
| 106|0x00000000a6a00000, 0x00000000a6b00000, 0x00000000a6b00000|100%| E|CS|TAMS 0x00000000a6a00000, 0x00000000a6a00000| Complete 
| 107|0x00000000a6b00000, 0x00000000a6c00000, 0x00000000a6c00000|100%| E|CS|TAMS 0x00000000a6b00000, 0x00000000a6b00000| Complete 
| 108|0x00000000a6c00000, 0x00000000a6d00000, 0x00000000a6d00000|100%| E|CS|TAMS 0x00000000a6c00000, 0x00000000a6c00000| Complete 
| 109|0x00000000a6d00000, 0x00000000a6e00000, 0x00000000a6e00000|100%| E|CS|TAMS 0x00000000a6d00000, 0x00000000a6d00000| Complete 
| 110|0x00000000a6e00000, 0x00000000a6f00000, 0x00000000a6f00000|100%| E|CS|TAMS 0x00000000a6e00000, 0x00000000a6e00000| Complete 
| 111|0x00000000a6f00000, 0x00000000a7000000, 0x00000000a7000000|100%| E|CS|TAMS 0x00000000a6f00000, 0x00000000a6f00000| Complete 
| 112|0x00000000a7000000, 0x00000000a7100000, 0x00000000a7100000|100%| E|CS|TAMS 0x00000000a7000000, 0x00000000a7000000| Complete 
| 113|0x00000000a7100000, 0x00000000a7200000, 0x00000000a7200000|100%| E|CS|TAMS 0x00000000a7100000, 0x00000000a7100000| Complete 
| 114|0x00000000a7200000, 0x00000000a7300000, 0x00000000a7300000|100%| E|CS|TAMS 0x00000000a7200000, 0x00000000a7200000| Complete 
| 115|0x00000000a7300000, 0x00000000a7400000, 0x00000000a7400000|100%| E|CS|TAMS 0x00000000a7300000, 0x00000000a7300000| Complete 
| 116|0x00000000a7400000, 0x00000000a7500000, 0x00000000a7500000|100%| E|CS|TAMS 0x00000000a7400000, 0x00000000a7400000| Complete 
| 117|0x00000000a7500000, 0x00000000a7600000, 0x00000000a7600000|100%| E|CS|TAMS 0x00000000a7500000, 0x00000000a7500000| Complete 
| 118|0x00000000a7600000, 0x00000000a7700000, 0x00000000a7700000|100%| E|CS|TAMS 0x00000000a7600000, 0x00000000a7600000| Complete 
| 119|0x00000000a7700000, 0x00000000a7800000, 0x00000000a7800000|100%| E|CS|TAMS 0x00000000a7700000, 0x00000000a7700000| Complete 
| 120|0x00000000a7800000, 0x00000000a7900000, 0x00000000a7900000|100%| E|CS|TAMS 0x00000000a7800000, 0x00000000a7800000| Complete 
| 121|0x00000000a7900000, 0x00000000a7a00000, 0x00000000a7a00000|100%| E|CS|TAMS 0x00000000a7900000, 0x00000000a7900000| Complete 
| 122|0x00000000a7a00000, 0x00000000a7b00000, 0x00000000a7b00000|100%| E|CS|TAMS 0x00000000a7a00000, 0x00000000a7a00000| Complete 
| 123|0x00000000a7b00000, 0x00000000a7c00000, 0x00000000a7c00000|100%| E|CS|TAMS 0x00000000a7b00000, 0x00000000a7b00000| Complete 
| 124|0x00000000a7c00000, 0x00000000a7d00000, 0x00000000a7d00000|100%| E|CS|TAMS 0x00000000a7c00000, 0x00000000a7c00000| Complete 
| 125|0x00000000a7d00000, 0x00000000a7e00000, 0x00000000a7e00000|100%| E|CS|TAMS 0x00000000a7d00000, 0x00000000a7d00000| Complete 

Card table byte_map: [0x0000022bddd60000,0x0000022bde060000] _byte_map_base: 0x0000022bdd860000

Marking Bits (Prev, Next): (CMBitMap*) 0x0000022bcac56768, (CMBitMap*) 0x0000022bcac567a0
 Prev Bits: [0x0000022bde360000, 0x0000022bdfb60000)
 Next Bits: [0x0000022bdfb60000, 0x0000022be1360000)

Polling page: 0x0000022bca3f0000

Metaspace:

Usage:
  Non-class:     32.24 MB capacity,    31.81 MB ( 99%) used,   375.59 KB (  1%) free+waste,    68.63 KB ( <1%) overhead. 
      Class:      4.85 MB capacity,     4.59 MB ( 95%) used,   236.49 KB (  5%) free+waste,    32.81 KB ( <1%) overhead. 
       Both:     37.09 MB capacity,    36.40 MB ( 98%) used,   612.08 KB (  2%) free+waste,   101.44 KB ( <1%) overhead. 

Virtual space:
  Non-class space:       34.00 MB reserved,      32.25 MB ( 95%) committed 
      Class space:        1.00 GB reserved,       4.88 MB ( <1%) committed 
             Both:        1.03 GB reserved,      37.13 MB (  4%) committed 

Chunk freelists:
   Non-Class:  9.00 KB
       Class:  23.00 KB
        Both:  32.00 KB

MaxMetaspaceSize: 17179869184.00 GB
CompressedClassSpaceSize: 1.00 GB
Initial GC threshold: 20.80 MB
Current GC threshold: 58.96 MB
CDS: off

CodeHeap 'non-profiled nmethods': size=120000Kb used=1313Kb max_used=1313Kb free=118686Kb
 bounds [0x0000022bd6200000, 0x0000022bd6470000, 0x0000022bdd730000]
CodeHeap 'profiled nmethods': size=120000Kb used=6324Kb max_used=6324Kb free=113675Kb
 bounds [0x0000022bcecd0000, 0x0000022bcf300000, 0x0000022bd6200000]
CodeHeap 'non-nmethods': size=5760Kb used=2255Kb max_used=2286Kb free=3505Kb
 bounds [0x0000022bce730000, 0x0000022bce9a0000, 0x0000022bcecd0000]
 total_blobs=3617 nmethods=2884 adapters=645
 compilation: enabled
              stopped_count=0, restarted_count=0
 full_count=0

Compilation events (20 events):
Event: 5.055 Thread 0x0000022be3de8000 2888       3       org.gradle.internal.instantiation.generator.AbstractClassGenerator$ClassMetadata::resolveTypeVariables (19 bytes)
Event: 5.055 Thread 0x0000022be3de8000 nmethod 2888 0x0000022bcf2e9290 code [0x0000022bcf2e9460, 0x0000022bcf2e9768]
Event: 5.055 Thread 0x0000022be3de8000 2891       3       java.lang.reflect.ProxyGenerator$MethodInfo::write (283 bytes)
Event: 5.057 Thread 0x0000022be3de8000 nmethod 2891 0x0000022bcf2e9890 code [0x0000022bcf2e9f60, 0x0000022bcf2ee308]
Event: 5.057 Thread 0x0000022be3de8000 2893       3       sun.reflect.annotation.AnnotationParser::parseSig (61 bytes)
Event: 5.058 Thread 0x0000022be3de8000 nmethod 2893 0x0000022bcf2ef810 code [0x0000022bcf2efb00, 0x0000022bcf2f0c18]
Event: 5.058 Thread 0x0000022be3de8000 2894       3       org.gradle.internal.instantiation.generator.AbstractClassGenerator$MethodMetadata::shouldImplement (16 bytes)
Event: 5.058 Thread 0x0000022be3de8000 nmethod 2894 0x0000022bcf2f1190 code [0x0000022bcf2f1340, 0x0000022bcf2f1578]
Event: 5.058 Thread 0x0000022be3de8000 2889       3       org.gradle.internal.reflect.JavaPropertyReflectionUtil::resolveMethodReturnType (44 bytes)
Event: 5.060 Thread 0x0000022be3de8000 nmethod 2889 0x0000022bcf2f1690 code [0x0000022bcf2f1be0, 0x0000022bcf2f4c08]
Event: 5.060 Thread 0x0000022be3de8000 2899       3       org.objectweb.asm.MethodWriter::visitFieldInsn (258 bytes)
Event: 5.061 Thread 0x0000022be3de8000 nmethod 2899 0x0000022bcf2f5b90 code [0x0000022bcf2f5e00, 0x0000022bcf2f6a08]
Event: 5.061 Thread 0x0000022be3de8000 2900       3       org.objectweb.asm.SymbolTable::addConstantFieldref (10 bytes)
Event: 5.061 Thread 0x0000022be3de8000 nmethod 2900 0x0000022bcf2f6e10 code [0x0000022bcf2f6fc0, 0x0000022bcf2f7108]
Event: 5.061 Thread 0x0000022be3de8000 2895       1       com.google.common.collect.LinkedHashMultimap::access$300 (5 bytes)
Event: 5.061 Thread 0x0000022be3de8000 nmethod 2895 0x0000022bd6348190 code [0x0000022bd6348340, 0x0000022bd63483d8]
Event: 5.061 Thread 0x0000022be3de8000 2898       3       com.google.common.collect.AbstractMapBasedMultimap$WrappedCollection::refreshIfEmpty (78 bytes)
Event: 5.061 Thread 0x0000022be3de8000 nmethod 2898 0x0000022bcf2f7210 code [0x0000022bcf2f7420, 0x0000022bcf2f7b38]
Event: 5.069 Thread 0x0000022be3de8000 2902       3       org.gradle.internal.service.RelevantMethods::toServiceMethodList (61 bytes)
Event: 5.070 Thread 0x0000022be3de8000 nmethod 2902 0x0000022bcf2f7d10 code [0x0000022bcf2f7fa0, 0x0000022bcf2f8c18]

GC Heap History (10 events):
Event: 1.012 GC heap before
{Heap before GC invocations=0 (full 0):
 garbage-first heap   total 129024K, used 29696K [0x00000000a0000000, 0x0000000100000000)
  region size 1024K, 24 young (24576K), 0 survivors (0K)
 Metaspace       used 10684K, capacity 10946K, committed 11264K, reserved 1058816K
  class space    used 1110K, capacity 1202K, committed 1280K, reserved 1048576K
}
Event: 1.016 GC heap after
{Heap after GC invocations=1 (full 0):
 garbage-first heap   total 129024K, used 8654K [0x00000000a0000000, 0x0000000100000000)
  region size 1024K, 3 young (3072K), 3 survivors (3072K)
 Metaspace       used 10684K, capacity 10946K, committed 11264K, reserved 1058816K
  class space    used 1110K, capacity 1202K, committed 1280K, reserved 1048576K
}
Event: 2.760 GC heap before
{Heap before GC invocations=1 (full 0):
 garbage-first heap   total 129024K, used 81358K [0x00000000a0000000, 0x0000000100000000)
  region size 1024K, 75 young (76800K), 3 survivors (3072K)
 Metaspace       used 18562K, capacity 18975K, committed 19072K, reserved 1067008K
  class space    used 2219K, capacity 2374K, committed 2432K, reserved 1048576K
}
Event: 2.770 GC heap after
{Heap after GC invocations=2 (full 0):
 garbage-first heap   total 129024K, used 15533K [0x00000000a0000000, 0x0000000100000000)
  region size 1024K, 10 young (10240K), 10 survivors (10240K)
 Metaspace       used 18562K, capacity 18975K, committed 19072K, reserved 1067008K
  class space    used 2219K, capacity 2374K, committed 2432K, reserved 1048576K
}
Event: 2.973 GC heap before
{Heap before GC invocations=2 (full 0):
 garbage-first heap   total 129024K, used 28845K [0x00000000a0000000, 0x0000000100000000)
  region size 1024K, 24 young (24576K), 10 survivors (10240K)
 Metaspace       used 20702K, capacity 21168K, committed 21296K, reserved 1069056K
  class space    used 2527K, capacity 2663K, committed 2688K, reserved 1048576K
}
Event: 2.981 GC heap after
{Heap after GC invocations=3 (full 0):
 garbage-first heap   total 129024K, used 16198K [0x00000000a0000000, 0x0000000100000000)
  region size 1024K, 1 young (1024K), 1 survivors (1024K)
 Metaspace       used 20702K, capacity 21168K, committed 21296K, reserved 1069056K
  class space    used 2527K, capacity 2663K, committed 2688K, reserved 1048576K
}
Event: 3.691 GC heap before
{Heap before GC invocations=4 (full 0):
 garbage-first heap   total 129024K, used 66374K [0x00000000a0000000, 0x0000000100000000)
  region size 1024K, 51 young (52224K), 1 survivors (1024K)
 Metaspace       used 26152K, capacity 26750K, committed 26880K, reserved 1073152K
  class space    used 3377K, capacity 3571K, committed 3584K, reserved 1048576K
}
Event: 3.695 GC heap after
{Heap after GC invocations=5 (full 0):
 garbage-first heap   total 129024K, used 17812K [0x00000000a0000000, 0x0000000100000000)
  region size 1024K, 3 young (3072K), 3 survivors (3072K)
 Metaspace       used 26152K, capacity 26750K, committed 26880K, reserved 1073152K
  class space    used 3377K, capacity 3571K, committed 3584K, reserved 1048576K
}
Event: 4.642 GC heap before
{Heap before GC invocations=5 (full 0):
 garbage-first heap   total 129024K, used 69012K [0x00000000a0000000, 0x0000000100000000)
  region size 1024K, 52 young (53248K), 3 survivors (3072K)
 Metaspace       used 35268K, capacity 35923K, committed 35968K, reserved 1081344K
  class space    used 4445K, capacity 4711K, committed 4736K, reserved 1048576K
}
Event: 4.652 GC heap after
{Heap after GC invocations=6 (full 0):
 garbage-first heap   total 129024K, used 23430K [0x00000000a0000000, 0x0000000100000000)
  region size 1024K, 6 young (6144K), 6 survivors (6144K)
 Metaspace       used 35268K, capacity 35923K, committed 35968K, reserved 1081344K
  class space    used 4445K, capacity 4711K, committed 4736K, reserved 1048576K
}

Deoptimization events (20 events):
Event: 4.887 Thread 0x0000022be5d21800 Uncommon trap: trap_request=0xffffffbe fr.pc=0x0000022bd63395ec relative=0x000000000000070c
Event: 4.887 Thread 0x0000022be5d21800 Uncommon trap: reason=profile_predicate action=maybe_recompile pc=0x0000022bd63395ec method=java.lang.PublicMethods$MethodList.filter([Ljava/lang/reflect/Method;Ljava/lang/String;[Ljava/lang/Class;Z)Ljava/lang/PublicMethods$MethodList; @ 21 c2
Event: 4.887 Thread 0x0000022be5d21800 DEOPT PACKING pc=0x0000022bd63395ec sp=0x00000037b66f8030
Event: 4.887 Thread 0x0000022be5d21800 DEOPT UNPACKING pc=0x0000022bce7385af sp=0x00000037b66f7fe8 mode 2
Event: 4.963 Thread 0x0000022be5d21800 Uncommon trap: trap_request=0xffffffbe fr.pc=0x0000022bd63395ec relative=0x000000000000070c
Event: 4.963 Thread 0x0000022be5d21800 Uncommon trap: reason=profile_predicate action=maybe_recompile pc=0x0000022bd63395ec method=java.lang.PublicMethods$MethodList.filter([Ljava/lang/reflect/Method;Ljava/lang/String;[Ljava/lang/Class;Z)Ljava/lang/PublicMethods$MethodList; @ 21 c2
Event: 4.963 Thread 0x0000022be5d21800 DEOPT PACKING pc=0x0000022bd63395ec sp=0x00000037b66f9b90
Event: 4.963 Thread 0x0000022be5d21800 DEOPT UNPACKING pc=0x0000022bce7385af sp=0x00000037b66f9b48 mode 2
Event: 5.025 Thread 0x0000022be5d21800 Uncommon trap: trap_request=0xffffffcc fr.pc=0x0000022bd6346878 relative=0x00000000000002b8
Event: 5.025 Thread 0x0000022be5d21800 Uncommon trap: reason=intrinsic_or_type_checked_inlining action=make_not_entrant pc=0x0000022bd6346878 method=java.util.Arrays.copyOf([Ljava/lang/Object;ILjava/lang/Class;)[Ljava/lang/Object; @ 35 c2
Event: 5.025 Thread 0x0000022be5d21800 DEOPT PACKING pc=0x0000022bd6346878 sp=0x00000037b66fa290
Event: 5.025 Thread 0x0000022be5d21800 DEOPT UNPACKING pc=0x0000022bce7385af sp=0x00000037b66fa220 mode 2
Event: 5.055 Thread 0x0000022be5d21800 Uncommon trap: trap_request=0xffffffbe fr.pc=0x0000022bd63395ec relative=0x000000000000070c
Event: 5.055 Thread 0x0000022be5d21800 Uncommon trap: reason=profile_predicate action=maybe_recompile pc=0x0000022bd63395ec method=java.lang.PublicMethods$MethodList.filter([Ljava/lang/reflect/Method;Ljava/lang/String;[Ljava/lang/Class;Z)Ljava/lang/PublicMethods$MethodList; @ 21 c2
Event: 5.055 Thread 0x0000022be5d21800 DEOPT PACKING pc=0x0000022bd63395ec sp=0x00000037b66f89f0
Event: 5.055 Thread 0x0000022be5d21800 DEOPT UNPACKING pc=0x0000022bce7385af sp=0x00000037b66f89a8 mode 2
Event: 5.055 Thread 0x0000022be5d21800 Uncommon trap: trap_request=0xffffffbe fr.pc=0x0000022bd63395ec relative=0x000000000000070c
Event: 5.055 Thread 0x0000022be5d21800 Uncommon trap: reason=profile_predicate action=maybe_recompile pc=0x0000022bd63395ec method=java.lang.PublicMethods$MethodList.filter([Ljava/lang/reflect/Method;Ljava/lang/String;[Ljava/lang/Class;Z)Ljava/lang/PublicMethods$MethodList; @ 21 c2
Event: 5.055 Thread 0x0000022be5d21800 DEOPT PACKING pc=0x0000022bd63395ec sp=0x00000037b66f8940
Event: 5.055 Thread 0x0000022be5d21800 DEOPT UNPACKING pc=0x0000022bce7385af sp=0x00000037b66f88f8 mode 2

Classes redefined (0 events):
No events

Internal exceptions (20 events):
Event: 4.751 Thread 0x0000022be5d21800 Exception <a 'java/lang/ClassNotFoundException'{0x00000000a7840408}: java/util/DictionaryBeanInfo> (0x00000000a7840408) thrown at [./src/hotspot/share/classfile/systemDictionary.cpp, line 231]
Event: 4.751 Thread 0x0000022be5d21800 Exception <a 'java/lang/ClassNotFoundException'{0x00000000a7844890}: java/util/DictionaryCustomizer> (0x00000000a7844890) thrown at [./src/hotspot/share/classfile/systemDictionary.cpp, line 231]
Event: 4.752 Thread 0x0000022be5d21800 Exception <a 'java/lang/ClassNotFoundException'{0x00000000a784ec38}: java/util/HashtableCustomizer> (0x00000000a784ec38) thrown at [./src/hotspot/share/classfile/systemDictionary.cpp, line 231]
Event: 4.754 Thread 0x0000022be5d21800 Exception <a 'java/lang/ClassNotFoundException'{0x00000000a786dc00}: java/util/PropertiesCustomizer> (0x00000000a786dc00) thrown at [./src/hotspot/share/classfile/systemDictionary.cpp, line 231]
Event: 4.759 Thread 0x0000022be5d21800 Exception <a 'java/lang/ClassNotFoundException'{0x00000000a78c5440}: groovy/lang/ReferenceBeanInfo> (0x00000000a78c5440) thrown at [./src/hotspot/share/classfile/systemDictionary.cpp, line 231]
Event: 4.759 Thread 0x0000022be5d21800 Exception <a 'java/lang/ClassNotFoundException'{0x00000000a78dd978}: groovy/lang/ReferenceCustomizer> (0x00000000a78dd978) thrown at [./src/hotspot/share/classfile/systemDictionary.cpp, line 231]
Event: 4.814 Thread 0x0000022be5d21800 Exception <a 'java/lang/ClassNotFoundException'{0x00000000a76881e8}: groovy/lang/Closure$1BeanInfo> (0x00000000a76881e8) thrown at [./src/hotspot/share/classfile/systemDictionary.cpp, line 231]
Event: 4.815 Thread 0x0000022be5d21800 Exception <a 'java/lang/ClassNotFoundException'{0x00000000a76a10d0}: groovy/lang/ClosureBeanInfo> (0x00000000a76a10d0) thrown at [./src/hotspot/share/classfile/systemDictionary.cpp, line 231]
Event: 4.816 Thread 0x0000022be5d21800 Exception <a 'java/lang/ClassNotFoundException'{0x00000000a76b9fc0}: groovy/lang/ClosureCustomizer> (0x00000000a76b9fc0) thrown at [./src/hotspot/share/classfile/systemDictionary.cpp, line 231]
Event: 4.820 Thread 0x0000022be5d21800 Exception <a 'java/lang/ClassNotFoundException'{0x00000000a76f0828}: groovy/lang/Closure$1Customizer> (0x00000000a76f0828) thrown at [./src/hotspot/share/classfile/systemDictionary.cpp, line 231]
Event: 4.884 Thread 0x0000022be5d21800 Exception <a 'java/lang/ClassNotFoundException'{0x00000000a74698a8}: groovy/lang/GString$1BeanInfo> (0x00000000a74698a8) thrown at [./src/hotspot/share/classfile/systemDictionary.cpp, line 231]
Event: 4.884 Thread 0x0000022be5d21800 Exception <a 'java/lang/ClassNotFoundException'{0x00000000a7482a58}: groovy/lang/GStringBeanInfo> (0x00000000a7482a58) thrown at [./src/hotspot/share/classfile/systemDictionary.cpp, line 231]
Event: 4.885 Thread 0x0000022be5d21800 Exception <a 'java/lang/ClassNotFoundException'{0x00000000a749b948}: groovy/lang/GStringCustomizer> (0x00000000a749b948) thrown at [./src/hotspot/share/classfile/systemDictionary.cpp, line 231]
Event: 4.887 Thread 0x0000022be5d21800 Exception <a 'java/lang/ClassNotFoundException'{0x00000000a74be880}: groovy/lang/GString$1Customizer> (0x00000000a74be880) thrown at [./src/hotspot/share/classfile/systemDictionary.cpp, line 231]
Event: 4.890 Thread 0x0000022be5d21800 Exception <a 'java/lang/ClassNotFoundException'{0x00000000a7353a08}: org/codehaus/groovy/runtime/GStringImplBeanInfo> (0x00000000a7353a08) thrown at [./src/hotspot/share/classfile/systemDictionary.cpp, line 231]
Event: 4.892 Thread 0x0000022be5d21800 Exception <a 'java/lang/ClassNotFoundException'{0x00000000a736fbe8}: org/codehaus/groovy/runtime/GStringImplCustomizer> (0x00000000a736fbe8) thrown at [./src/hotspot/share/classfile/systemDictionary.cpp, line 231]
Event: 4.909 Thread 0x0000022be5d21800 Exception <a 'java/lang/ClassNotFoundException'{0x00000000a73c4b58}: org/gradle/api/internal/plugins/DefaultObjectConfigurationActionBeanInfo> (0x00000000a73c4b58) thrown at [./src/hotspot/share/classfile/systemDictionary.cpp, line 231]
Event: 4.910 Thread 0x0000022be5d21800 Exception <a 'java/lang/ClassNotFoundException'{0x00000000a73e6640}: org/gradle/api/internal/plugins/DefaultObjectConfigurationActionCustomizer> (0x00000000a73e6640) thrown at [./src/hotspot/share/classfile/systemDictionary.cpp, line 231]
Event: 5.018 Thread 0x0000022be5d21800 Exception <a 'java/lang/ClassNotFoundException'{0x00000000a6f4c660}: app_plugin_loader_86csztoz2kia62gwbk7av1g5eBeanInfo> (0x00000000a6f4c660) thrown at [./src/hotspot/share/classfile/systemDictionary.cpp, line 231]
Event: 5.018 Thread 0x0000022be5d21800 Exception <a 'java/lang/ClassNotFoundException'{0x00000000a6f52918}: app_plugin_loader_86csztoz2kia62gwbk7av1g5eCustomizer> (0x00000000a6f52918) thrown at [./src/hotspot/share/classfile/systemDictionary.cpp, line 231]

Events (20 events):
Event: 5.068 loading class org/gradle/workers/internal/IsolatedClassloaderWorkerFactory
Event: 5.068 loading class org/gradle/workers/internal/IsolatedClassloaderWorkerFactory done
Event: 5.069 loading class org/gradle/workers/internal/BuildOperationAwareWorker
Event: 5.069 loading class org/gradle/workers/internal/BuildOperationAwareWorker done
Event: 5.069 loading class org/gradle/api/internal/tasks/compile/GroovyServices$ProjectServices
Event: 5.069 loading class org/gradle/api/internal/tasks/compile/GroovyServices$ProjectServices done
Event: 5.070 loading class org/gradle/api/internal/tasks/compile/GroovyCompilerFactory
Event: 5.070 loading class org/gradle/api/internal/tasks/compile/GroovyCompilerFactory done
Event: 5.070 loading class org/gradle/language/base/internal/compile/CompilerFactory
Event: 5.070 loading class org/gradle/language/base/internal/compile/CompilerFactory done
Event: 5.071 loading class org/gradle/language/java/internal/JavaToolChainServiceRegistry$ProjectScopeCompileServices
Event: 5.071 loading class org/gradle/language/java/internal/JavaToolChainServiceRegistry$ProjectScopeCompileServices done
Event: 5.071 loading class org/gradle/jvm/internal/toolchain/JavaToolChainInternal
Event: 5.071 loading class org/gradle/jvm/internal/toolchain/JavaToolChainInternal done
Event: 5.071 loading class org/gradle/jvm/toolchain/JavaToolChain
Event: 5.071 loading class org/gradle/jvm/toolchain/JavaToolChain done
Event: 5.071 loading class org/gradle/platform/base/ToolChain
Event: 5.071 loading class org/gradle/platform/base/ToolChain done
Event: 5.071 loading class org/gradle/platform/base/internal/toolchain/ToolChainInternal
Event: 5.071 loading class org/gradle/platform/base/internal/toolchain/ToolChainInternal done


Dynamic libraries:
0x00007ff7085c0000 - 0x00007ff7085ca000 	C:\Program Files\Android\Android Studio1\jre\bin\java.exe
0x00007ffaacef0000 - 0x00007ffaad104000 	C:\WINDOWS\SYSTEM32\ntdll.dll
0x00007ffaac430000 - 0x00007ffaac4f2000 	C:\WINDOWS\System32\KERNEL32.DLL
0x00007ffaaa310000 - 0x00007ffaaa6b3000 	C:\WINDOWS\System32\KERNELBASE.dll
0x00007ffaaa6c0000 - 0x00007ffaaa7d1000 	C:\WINDOWS\System32\ucrtbase.dll
0x00007ffa8e950000 - 0x00007ffa8e969000 	C:\Program Files\Android\Android Studio1\jre\bin\jli.dll
0x00007ffa8e910000 - 0x00007ffa8e927000 	C:\Program Files\Android\Android Studio1\jre\bin\VCRUNTIME140.dll
0x00007ffaab0c0000 - 0x00007ffaab26b000 	C:\WINDOWS\System32\USER32.dll
0x00007ffaa9590000 - 0x00007ffaa981e000 	C:\WINDOWS\WinSxS\amd64_microsoft.windows.common-controls_6595b64144ccf1df_6.0.22621.1635_none_270f70857386168e\COMCTL32.dll
0x00007ffaaabb0000 - 0x00007ffaaabd6000 	C:\WINDOWS\System32\win32u.dll
0x00007ffaace00000 - 0x00007ffaacea7000 	C:\WINDOWS\System32\msvcrt.dll
0x00007ffaab050000 - 0x00007ffaab079000 	C:\WINDOWS\System32\GDI32.dll
0x00007ffaaa7e0000 - 0x00007ffaaa8f8000 	C:\WINDOWS\System32\gdi32full.dll
0x00007ffaaac50000 - 0x00007ffaaacea000 	C:\WINDOWS\System32\msvcp_win.dll
0x00007ffaab080000 - 0x00007ffaab0b1000 	C:\WINDOWS\System32\IMM32.DLL
0x00007ffa6a090000 - 0x00007ffa6a12d000 	C:\Program Files\Android\Android Studio1\jre\bin\msvcp140.dll
0x00007ffa0b480000 - 0x00007ffa0bf82000 	C:\Program Files\Android\Android Studio1\jre\bin\server\jvm.dll
0x00007ffaabb80000 - 0x00007ffaabc2e000 	C:\WINDOWS\System32\ADVAPI32.dll
0x00007ffaacca0000 - 0x00007ffaacd44000 	C:\WINDOWS\System32\sechost.dll
0x00007ffaac990000 - 0x00007ffaacaa7000 	C:\WINDOWS\System32\RPCRT4.dll
0x00007ffaac970000 - 0x00007ffaac978000 	C:\WINDOWS\System32\PSAPI.DLL
0x00007ffa8ebc0000 - 0x00007ffa8ebc9000 	C:\WINDOWS\SYSTEM32\WSOCK32.dll
0x00007ffaa1a10000 - 0x00007ffaa1a44000 	C:\WINDOWS\SYSTEM32\WINMM.dll
0x00007ffaac500000 - 0x00007ffaac571000 	C:\WINDOWS\System32\WS2_32.dll
0x00007ffaa8680000 - 0x00007ffaa868a000 	C:\WINDOWS\SYSTEM32\VERSION.dll
0x00007ffaa84d0000 - 0x00007ffaa84e8000 	C:\WINDOWS\SYSTEM32\kernel.appcore.dll
0x00007ffa8e540000 - 0x00007ffa8e551000 	C:\Program Files\Android\Android Studio1\jre\bin\verify.dll
0x00007ffaa9d70000 - 0x00007ffaa9f9e000 	C:\WINDOWS\SYSTEM32\DBGHELP.DLL
0x00007ffaac5e0000 - 0x00007ffaac969000 	C:\WINDOWS\System32\combase.dll
0x00007ffaab5a0000 - 0x00007ffaab677000 	C:\WINDOWS\System32\OLEAUT32.dll
0x00007ffaa9b00000 - 0x00007ffaa9b32000 	C:\WINDOWS\SYSTEM32\dbgcore.DLL
0x00007ffaaaa70000 - 0x00007ffaaaaeb000 	C:\WINDOWS\System32\bcryptPrimitives.dll
0x00007ffa8c890000 - 0x00007ffa8c8b9000 	C:\Program Files\Android\Android Studio1\jre\bin\java.dll
0x00007ffa8e7f0000 - 0x00007ffa8e7fb000 	C:\Program Files\Android\Android Studio1\jre\bin\jimage.dll
0x00007ffa8c5e0000 - 0x00007ffa8c5f8000 	C:\Program Files\Android\Android Studio1\jre\bin\zip.dll
0x00007ffaabc30000 - 0x00007ffaac42a000 	C:\WINDOWS\System32\SHELL32.dll
0x00007ffaa7410000 - 0x00007ffaa7cde000 	C:\WINDOWS\SYSTEM32\windows.storage.dll
0x00007ffaa72d0000 - 0x00007ffaa740e000 	C:\WINDOWS\SYSTEM32\wintypes.dll
0x00007ffaab4a0000 - 0x00007ffaab591000 	C:\WINDOWS\System32\SHCORE.dll
0x00007ffaabb20000 - 0x00007ffaabb7e000 	C:\WINDOWS\System32\shlwapi.dll
0x00007ffaaa240000 - 0x00007ffaaa261000 	C:\WINDOWS\SYSTEM32\profapi.dll
0x00007ffa8c520000 - 0x00007ffa8c53a000 	C:\Program Files\Android\Android Studio1\jre\bin\net.dll
0x00007ffaa3ea0000 - 0x00007ffaa3fd7000 	C:\WINDOWS\SYSTEM32\WINHTTP.dll
0x00007ffaa8a00000 - 0x00007ffaa8a69000 	C:\WINDOWS\system32\mswsock.dll
0x00007ffa8bfe0000 - 0x00007ffa8bff4000 	C:\Program Files\Android\Android Studio1\jre\bin\nio.dll
0x00007ffa8be20000 - 0x00007ffa8be46000 	C:\Users\Sreelakshmi\.gradle\native\fdc75f09e3144964f2cf3f50f0aa648679c211496f362492102eb8c894070792\windows-amd64\native-platform.dll
0x00007ffa56b40000 - 0x00007ffa56cd1000 	C:\Users\Sreelakshmi\.gradle\native\12488b8bf47d2d4c9fbf2f6322a914ad602e24e48041cd04a747c6da556b65c4\windows-amd64\native-platform-file-events.dll
0x00007ffa8e530000 - 0x00007ffa8e53a000 	C:\Program Files\Android\Android Studio1\jre\bin\management.dll
0x00007ffa8e2b0000 - 0x00007ffa8e2bd000 	C:\Program Files\Android\Android Studio1\jre\bin\management_ext.dll
0x00007ffaa9fb0000 - 0x00007ffaa9fcb000 	C:\WINDOWS\SYSTEM32\CRYPTSP.dll
0x00007ffaa8440000 - 0x00007ffaa8475000 	C:\WINDOWS\system32\rsaenh.dll
0x00007ffaa93d0000 - 0x00007ffaa93f8000 	C:\WINDOWS\SYSTEM32\USERENV.dll
0x00007ffaa9b40000 - 0x00007ffaa9b68000 	C:\WINDOWS\SYSTEM32\bcrypt.dll
0x00007ffaa9400000 - 0x00007ffaa940c000 	C:\WINDOWS\SYSTEM32\CRYPTBASE.dll
0x00007ffaa7fb0000 - 0x00007ffaa7fdd000 	C:\WINDOWS\SYSTEM32\IPHLPAPI.DLL
0x00007ffaabb00000 - 0x00007ffaabb09000 	C:\WINDOWS\System32\NSI.dll
0x00007ffaa19f0000 - 0x00007ffaa1a09000 	C:\WINDOWS\SYSTEM32\dhcpcsvc6.DLL
0x00007ffaa19d0000 - 0x00007ffaa19ef000 	C:\WINDOWS\SYSTEM32\dhcpcsvc.DLL
0x00007ffaa7fe0000 - 0x00007ffaa80d3000 	C:\WINDOWS\SYSTEM32\DNSAPI.dll
0x00007ffaa6a70000 - 0x00007ffaa6a7d000 	C:\WINDOWS\SYSTEM32\WINNSI.DLL

dbghelp: loaded successfully - version: 4.0.5 - missing functions: none
symbol engine: initialized successfully - sym options: 0x614 - pdb path: .;C:\Program Files\Android\Android Studio1\jre\bin;C:\WINDOWS\SYSTEM32;C:\WINDOWS\WinSxS\amd64_microsoft.windows.common-controls_6595b64144ccf1df_6.0.22621.1635_none_270f70857386168e;C:\Program Files\Android\Android Studio1\jre\bin\server;C:\Users\Sreelakshmi\.gradle\native\fdc75f09e3144964f2cf3f50f0aa648679c211496f362492102eb8c894070792\windows-amd64;C:\Users\Sreelakshmi\.gradle\native\12488b8bf47d2d4c9fbf2f6322a914ad602e24e48041cd04a747c6da556b65c4\windows-amd64

VM Arguments:
jvm_args: --add-opens=java.base/java.util=ALL-UNNAMED --add-opens=java.base/java.lang=ALL-UNNAMED --add-opens=java.base/java.lang.invoke=ALL-UNNAMED --add-opens=java.prefs/java.util.prefs=ALL-UNNAMED -Xmx1536M -Dfile.encoding=windows-1252 -Duser.country=IN -Duser.language=en -Duser.variant 
java_command: org.gradle.launcher.daemon.bootstrap.GradleDaemon 6.7
java_class_path (initial): C:\Users\Sreelakshmi\.gradle\wrapper\dists\gradle-6.7-all\cuy9mc7upwgwgeb72wkcrupxe\gradle-6.7\lib\gradle-launcher-6.7.jar
Launcher Type: SUN_STANDARD

[Global flags]
     intx CICompilerCount                          = 4                                         {product} {ergonomic}
     uint ConcGCThreads                            = 2                                         {product} {ergonomic}
     uint G1ConcRefinementThreads                  = 8                                         {product} {ergonomic}
   size_t G1HeapRegionSize                         = 1048576                                   {product} {ergonomic}
    uintx GCDrainStackTargetSize                   = 64                                        {product} {ergonomic}
   size_t InitialHeapSize                          = 132120576                                 {product} {ergonomic}
   size_t MarkStackSize                            = 4194304                                   {product} {ergonomic}
   size_t MaxHeapSize                              = 1610612736                                {product} {command line}
   size_t MaxNewSize                               = 965738496                                 {product} {ergonomic}
   size_t MinHeapDeltaBytes                        = 1048576                                   {product} {ergonomic}
    uintx NonNMethodCodeHeapSize                   = 5836300                                {pd product} {ergonomic}
    uintx NonProfiledCodeHeapSize                  = 122910970                              {pd product} {ergonomic}
    uintx ProfiledCodeHeapSize                     = 122910970                              {pd product} {ergonomic}
    uintx ReservedCodeCacheSize                    = 251658240                              {pd product} {ergonomic}
     bool SegmentedCodeCache                       = true                                      {product} {ergonomic}
     bool UseCompressedClassPointers               = true                                 {lp64_product} {ergonomic}
     bool UseCompressedOops                        = true                                 {lp64_product} {ergonomic}
     bool UseG1GC                                  = true                                      {product} {ergonomic}
     bool UseLargePagesIndividualAllocation        = false                                  {pd product} {ergonomic}

Logging:
Log output configuration:
 #0: stdout all=warning uptime,level,tags
 #1: stderr all=off uptime,level,tags

Environment Variables:
JAVA_HOME=C:\Program Files\Android\Android Studio1\jre
CLASSPATH=C:\Users\Sreelakshmi\Desktop\Mini\initial\android\\gradle\wrapper\gradle-wrapper.jar
PATH=C:\Program Files\Python311\Scripts\;C:\Program Files\Python311\;C:\Program Files\Common Files\Oracle\Java\javapath;C:\windows\system32;C:\windows;C:\windows\System32\Wbem;C:\windows\System32\WindowsPowerShell\v1.0\;C:\windows\System32\OpenSSH\;C:\Program Files (x86)\NVIDIA Corporation\PhysX\Common;C:\Program Files\NVIDIA Corporation\NVIDIA NvDLISR;C:\mingw64\bin;C:\Program Files\Java\jdk-17.0.1;C:\WINDOWS\system32;C:\WINDOWS;C:\WINDOWS\System32\Wbem;C:\WINDOWS\System32\WindowsPowerShell\v1.0\;C:\WINDOWS\System32\OpenSSH\;C:\Program Files\Git\cmd;C:\Users\Sreelakshmi\AppData\Local\Microsoft\WindowsApps;C:\Users\Sreelakshmi\AppData\Local\Programs\Microsoft VS Code\bin;C:\iedc\flutter\bin;C:\src\flutter\bin;C:\dart-sdk\bin;;C:\iedc\flutter\bin\mingit\cmd
USERNAME=Sreelakshmi
OS=Windows_NT
PROCESSOR_IDENTIFIER=Intel64 Family 6 Model 140 Stepping 1, GenuineIntel



---------------  S Y S T E M  ---------------

OS: Windows 11 , 64 bit Build 22621 (10.0.22621.1635)
OS uptime: 0 days 8:50 hours

CPU:total 8 (initial active 8) (4 cores per cpu, 2 threads per core) family 6 model 140 stepping 1 microcode 0xa4, cmov, cx8, fxsr, mmx, sse, sse2, sse3, ssse3, sse4.1, sse4.2, popcnt, avx, avx2, aes, clmul, erms, 3dnowpref, lzcnt, ht, tsc, tscinvbit, bmi1, bmi2, adx, evex, sha, fma

Memory: 4k page, system-wide physical 7937M (92M free)
TotalPageFile size 16129M (AvailPageFile size 0M)
current process WorkingSet (physical memory assigned to process): 231M, peak: 233M
current process commit charge ("private bytes"): 292M, peak: 294M

vm_info: OpenJDK 64-Bit Server VM (11.0.13+0-b1751.21-8125866) for windows-amd64 JRE (11.0.13+0-b1751.21-8125866), built on Feb  2 2022 03:00:22 by "builder" with MS VC++ 14.0 (VS2015)

END.
