#
# There is insufficient memory for the Java Runtime Environment to continue.
# Native memory allocation (malloc) failed to allocate 1048576 bytes for AllocateHeap
# Possible reasons:
#   The system is out of physical RAM or swap space
#   The process is running with CompressedOops enabled, and the Java Heap may be blocking the growth of the native heap
# Possible solutions:
#   Reduce memory load on the system
#   Increase physical memory or swap space
#   Check if swap backing store is full
#   Decrease Java heap size (-Xmx/-Xms)
#   Decrease number of Java threads
#   Decrease Java thread stack sizes (-Xss)
#   Set larger code cache with -XX:ReservedCodeCacheSize=
#   JVM is running with Unscaled Compressed Oops mode in which the Java heap is
#     placed in the first 4GB address space. The Java Heap base address is the
#     maximum limit for the native heap growth. Please use -XX:HeapBaseMinAddress
#     to set the Java Heap base and to place the Java Heap above 4GB virtual address.
# This output file may be truncated or incomplete.
#
#  Out of Memory Error (./src/hotspot/share/memory/allocation.cpp:46), pid=20888, tid=20288
#
# JRE version: OpenJDK Runtime Environment (11.0.13) (build 11.0.13+0-b1751.21-8125866)
# Java VM: OpenJDK 64-Bit Server VM (11.0.13+0-b1751.21-8125866, mixed mode, tiered, compressed oops, g1 gc, windows-amd64)
# No core dump will be written. Minidumps are not enabled by default on client versions of Windows
#

---------------  S U M M A R Y ------------

Command Line: -Dorg.gradle.appname=gradlew org.gradle.wrapper.GradleWrapperMain -q -Ptarget-platform=android-x86 -Ptarget=C:\Users\Sreelakshmi\Desktop\Mini\initial\lib\main.dart -Pdart-defines=RkxVVFRFUl9XRUJfQVVUT19ERVRFQ1Q9dHJ1ZQ== -Pdart-obfuscation=false -Ptrack-widget-creation=true -Ptree-shake-icons=false -Pfilesystem-scheme=org-dartlang-root assembleDebug

Host: 11th Gen Intel(R) Core(TM) i5-11300H @ 3.10GHz, 8 cores, 7G,  Windows 11 , 64 bit Build 22621 (10.0.22621.1635)
Time: Sat Jun  3 08:53:11 2023 India Standard Time elapsed time: 0.381471 seconds (0d 0h 0m 0s)

---------------  T H R E A D  ---------------

Current thread (0x000001ddf9bc0800):  VMThread "VM Thread" [stack: 0x0000004ff5400000,0x0000004ff5500000] [id=20288]

Stack: [0x0000004ff5400000,0x0000004ff5500000]
[error occurred during error reporting (printing stack bounds), id 0xc0000005, EXCEPTION_ACCESS_VIOLATION (0xc0000005) at pc=0x000001dd800012e7]


[error occurred during error reporting (printing native stack), id 0xc00000fd, EXCEPTION_STACK_OVERFLOW (0xc00000fd) at pc=0x00007ff9b1bd2ff7]

VM_Operation (0x0000004ff4efc150): CollectForMetadataAllocation, mode: safepoint, requested by thread 0x000001ddee0ef800


---------------  P R O C E S S  ---------------

Threads class SMR info:
_java_thread_list=0x000001ddf9d616d0, length=10, elements={
0x000001ddee0ef800, 0x000001ddf93a7800, 0x000001ddf93ae000, 0x000001ddf9bc4000,
0x000001ddf9bc5000, 0x000001ddf9bc7800, 0x000001ddf9bc8800, 0x000001ddf9bce000,
0x000001ddf93bd000, 0x000001ddf9d95000
}

Java Threads: ( => current thread )
  0x000001ddee0ef800 JavaThread "main" [_thread_blocked, id=12672, stack(0x0000004ff4e00000,0x0000004ff4f00000)]
  0x000001ddf93a7800 JavaThread "Reference Handler" daemon [_thread_blocked, id=13664, stack(0x0000004ff5500000,0x0000004ff5600000)]
  0x000001ddf93ae000 JavaThread "Finalizer" daemon [_thread_blocked, id=15108, stack(0x0000004ff5600000,0x0000004ff5700000)]
  0x000001ddf9bc4000 JavaThread "Signal Dispatcher" daemon [_thread_blocked, id=6096, stack(0x0000004ff5700000,0x0000004ff5800000)]
  0x000001ddf9bc5000 JavaThread "Attach Listener" daemon [_thread_blocked, id=14448, stack(0x0000004ff5800000,0x0000004ff5900000)]
  0x000001ddf9bc7800 JavaThread "Service Thread" daemon [_thread_blocked, id=14128, stack(0x0000004ff5900000,0x0000004ff5a00000)]
  0x000001ddf9bc8800 JavaThread "C2 CompilerThread0" daemon [_thread_blocked, id=4560, stack(0x0000004ff5a00000,0x0000004ff5b00000)]
  0x000001ddf9bce000 JavaThread "C1 CompilerThread0" daemon [_thread_blocked, id=11944, stack(0x0000004ff5b00000,0x0000004ff5c00000)]
  0x000001ddf93bd000 JavaThread "Sweeper thread" daemon [_thread_blocked, id=19512, stack(0x0000004ff5c00000,0x0000004ff5d00000)]
  0x000001ddf9d95000 JavaThread "Common-Cleaner" daemon [_thread_blocked, id=14996, stack(0x0000004ff5e00000,0x0000004ff5f00000)]

Other Threads:
=>0x000001ddf9bc0800 VMThread "VM Thread" [stack: 0x0000004ff5400000,0x0000004ff5500000] [id=20288]
  0x000001ddf9d8d000 WatcherThread [stack: 0x0000004ff5d00000,0x0000004ff5e00000] [id=11356]
  0x000001ddee103800 GCTaskThread "GC Thread#0" [stack: 0x0000004ff4f00000,0x0000004ff5000000] [id=15452]
  0x000001ddf9e7d800 GCTaskThread "GC Thread#1" [stack: 0x0000004ff5f00000,0x0000004ff6000000] [id=12652]
  0x000001ddf9e7e800 GCTaskThread "GC Thread#2" [stack: 0x0000004ff6000000,0x0000004ff6100000] [id=712]
  0x000001ddee132800 ConcurrentGCThread "G1 Main Marker" [stack: 0x0000004ff5000000,0x0000004ff5100000] [id=20140]
  0x000001ddee136800 ConcurrentGCThread "G1 Conc#0" [stack: 0x0000004ff5100000,0x0000004ff5200000] [id=21680]
  0x000001ddee1b8800 ConcurrentGCThread "G1 Refine#0" [stack: 0x0000004ff5200000,0x0000004ff5300000] [id=10908]
  0x000001ddf91e2800 ConcurrentGCThread "G1 Young RemSet Sampling" [stack: 0x0000004ff5300000,0x0000004ff5400000] [id=5452]

Threads with active compile tasks:

VM state:at safepoint (normal execution)

VM Mutex/Monitor currently owned by a thread:  ([mutex/lock_event])
[0x000001ddee0ec380] Threads_lock - owner thread: 0x000001ddf9bc0800
[0x000001ddee0ebf90] Heap_lock - owner thread: 0x000001ddee0ef800

Heap address: 0x0000000083e00000, size: 1986 MB, Compressed Oops mode: 32-bit
Narrow klass base: 0x0000000000000000, Narrow klass shift: 3
Compressed class space size: 1073741824 Address: 0x0000000100000000

Heap:
 garbage-first heap   total 129024K, used 890K [0x0000000083e00000, 0x0000000100000000)
  region size 1024K, 1 young (1024K), 1 survivors (1024K)
 Metaspace       used 6951K, capacity 7025K, committed 7040K, reserved 1064960K
  class space    used 592K, capacity 636K, committed 640K, reserved 1048576K
Heap Regions: E=young(eden), S=young(survivor), O=old, HS=humongous(starts), HC=humongous(continues), CS=collection set, F=free, A=archive, TAMS=top-at-mark-start (previous, next)
|   0|0x0000000083e00000, 0x0000000083e00000, 0x0000000083f00000|  0%| F|  |TAMS 0x0000000083e00000, 0x0000000083e00000| Untracked 
|   1|0x0000000083f00000, 0x0000000083f00000, 0x0000000084000000|  0%| F|  |TAMS 0x0000000083f00000, 0x0000000083f00000| Untracked 
|   2|0x0000000084000000, 0x0000000084000000, 0x0000000084100000|  0%| F|  |TAMS 0x0000000084000000, 0x0000000084000000| Untracked 
|   3|0x0000000084100000, 0x0000000084100000, 0x0000000084200000|  0%| F|  |TAMS 0x0000000084100000, 0x0000000084100000| Untracked 
|   4|0x0000000084200000, 0x0000000084200000, 0x0000000084300000|  0%| F|  |TAMS 0x0000000084200000, 0x0000000084200000| Untracked 
|   5|0x0000000084300000, 0x0000000084300000, 0x0000000084400000|  0%| F|  |TAMS 0x0000000084300000, 0x0000000084300000| Untracked 
|   6|0x0000000084400000, 0x0000000084400000, 0x0000000084500000|  0%| F|  |TAMS 0x0000000084400000, 0x0000000084400000| Untracked 
|   7|0x0000000084500000, 0x0000000084500000, 0x0000000084600000|  0%| F|  |TAMS 0x0000000084500000, 0x0000000084500000| Untracked 
|   8|0x0000000084600000, 0x0000000084600000, 0x0000000084700000|  0%| F|  |TAMS 0x0000000084600000, 0x0000000084600000| Untracked 
|   9|0x0000000084700000, 0x0000000084700000, 0x0000000084800000|  0%| F|  |TAMS 0x0000000084700000, 0x0000000084700000| Untracked 
|  10|0x0000000084800000, 0x0000000084800000, 0x0000000084900000|  0%| F|  |TAMS 0x0000000084800000, 0x0000000084800000| Untracked 
|  11|0x0000000084900000, 0x0000000084900000, 0x0000000084a00000|  0%| F|  |TAMS 0x0000000084900000, 0x0000000084900000| Untracked 
|  12|0x0000000084a00000, 0x0000000084a00000, 0x0000000084b00000|  0%| F|  |TAMS 0x0000000084a00000, 0x0000000084a00000| Untracked 
|  13|0x0000000084b00000, 0x0000000084b00000, 0x0000000084c00000|  0%| F|  |TAMS 0x0000000084b00000, 0x0000000084b00000| Untracked 
|  14|0x0000000084c00000, 0x0000000084c00000, 0x0000000084d00000|  0%| F|  |TAMS 0x0000000084c00000, 0x0000000084c00000| Untracked 
|  15|0x0000000084d00000, 0x0000000084d00000, 0x0000000084e00000|  0%| F|  |TAMS 0x0000000084d00000, 0x0000000084d00000| Untracked 
|  16|0x0000000084e00000, 0x0000000084e00000, 0x0000000084f00000|  0%| F|  |TAMS 0x0000000084e00000, 0x0000000084e00000| Untracked 
|  17|0x0000000084f00000, 0x0000000084f00000, 0x0000000085000000|  0%| F|  |TAMS 0x0000000084f00000, 0x0000000084f00000| Untracked 
|  18|0x0000000085000000, 0x0000000085000000, 0x0000000085100000|  0%| F|  |TAMS 0x0000000085000000, 0x0000000085000000| Untracked 
|  19|0x0000000085100000, 0x0000000085100000, 0x0000000085200000|  0%| F|  |TAMS 0x0000000085100000, 0x0000000085100000| Untracked 
|  20|0x0000000085200000, 0x0000000085200000, 0x0000000085300000|  0%| F|  |TAMS 0x0000000085200000, 0x0000000085200000| Untracked 
|  21|0x0000000085300000, 0x0000000085300000, 0x0000000085400000|  0%| F|  |TAMS 0x0000000085300000, 0x0000000085300000| Untracked 
|  22|0x0000000085400000, 0x0000000085400000, 0x0000000085500000|  0%| F|  |TAMS 0x0000000085400000, 0x0000000085400000| Untracked 
|  23|0x0000000085500000, 0x0000000085500000, 0x0000000085600000|  0%| F|  |TAMS 0x0000000085500000, 0x0000000085500000| Untracked 
|  24|0x0000000085600000, 0x0000000085600000, 0x0000000085700000|  0%| F|  |TAMS 0x0000000085600000, 0x0000000085600000| Untracked 
|  25|0x0000000085700000, 0x0000000085700000, 0x0000000085800000|  0%| F|  |TAMS 0x0000000085700000, 0x0000000085700000| Untracked 
|  26|0x0000000085800000, 0x0000000085800000, 0x0000000085900000|  0%| F|  |TAMS 0x0000000085800000, 0x0000000085800000| Untracked 
|  27|0x0000000085900000, 0x0000000085900000, 0x0000000085a00000|  0%| F|  |TAMS 0x0000000085900000, 0x0000000085900000| Untracked 
|  28|0x0000000085a00000, 0x0000000085a00000, 0x0000000085b00000|  0%| F|  |TAMS 0x0000000085a00000, 0x0000000085a00000| Untracked 
|  29|0x0000000085b00000, 0x0000000085b00000, 0x0000000085c00000|  0%| F|  |TAMS 0x0000000085b00000, 0x0000000085b00000| Untracked 
|  30|0x0000000085c00000, 0x0000000085c00000, 0x0000000085d00000|  0%| F|  |TAMS 0x0000000085c00000, 0x0000000085c00000| Untracked 
|  31|0x0000000085d00000, 0x0000000085d00000, 0x0000000085e00000|  0%| F|  |TAMS 0x0000000085d00000, 0x0000000085d00000| Untracked 
|  32|0x0000000085e00000, 0x0000000085e00000, 0x0000000085f00000|  0%| F|  |TAMS 0x0000000085e00000, 0x0000000085e00000| Untracked 
|  33|0x0000000085f00000, 0x0000000085f00000, 0x0000000086000000|  0%| F|  |TAMS 0x0000000085f00000, 0x0000000085f00000| Untracked 
|  34|0x0000000086000000, 0x0000000086000000, 0x0000000086100000|  0%| F|  |TAMS 0x0000000086000000, 0x0000000086000000| Untracked 
|  35|0x0000000086100000, 0x0000000086100000, 0x0000000086200000|  0%| F|  |TAMS 0x0000000086100000, 0x0000000086100000| Untracked 
|  36|0x0000000086200000, 0x0000000086200000, 0x0000000086300000|  0%| F|  |TAMS 0x0000000086200000, 0x0000000086200000| Untracked 
|  37|0x0000000086300000, 0x0000000086300000, 0x0000000086400000|  0%| F|  |TAMS 0x0000000086300000, 0x0000000086300000| Untracked 
|  38|0x0000000086400000, 0x0000000086400000, 0x0000000086500000|  0%| F|  |TAMS 0x0000000086400000, 0x0000000086400000| Untracked 
|  39|0x0000000086500000, 0x0000000086500000, 0x0000000086600000|  0%| F|  |TAMS 0x0000000086500000, 0x0000000086500000| Untracked 
|  40|0x0000000086600000, 0x0000000086600000, 0x0000000086700000|  0%| F|  |TAMS 0x0000000086600000, 0x0000000086600000| Untracked 
|  41|0x0000000086700000, 0x0000000086700000, 0x0000000086800000|  0%| F|  |TAMS 0x0000000086700000, 0x0000000086700000| Untracked 
|  42|0x0000000086800000, 0x0000000086800000, 0x0000000086900000|  0%| F|  |TAMS 0x0000000086800000, 0x0000000086800000| Untracked 
|  43|0x0000000086900000, 0x0000000086900000, 0x0000000086a00000|  0%| F|  |TAMS 0x0000000086900000, 0x0000000086900000| Untracked 
|  44|0x0000000086a00000, 0x0000000086a00000, 0x0000000086b00000|  0%| F|  |TAMS 0x0000000086a00000, 0x0000000086a00000| Untracked 
|  45|0x0000000086b00000, 0x0000000086b00000, 0x0000000086c00000|  0%| F|  |TAMS 0x0000000086b00000, 0x0000000086b00000| Untracked 
|  46|0x0000000086c00000, 0x0000000086c00000, 0x0000000086d00000|  0%| F|  |TAMS 0x0000000086c00000, 0x0000000086c00000| Untracked 
|  47|0x0000000086d00000, 0x0000000086d00000, 0x0000000086e00000|  0%| F|  |TAMS 0x0000000086d00000, 0x0000000086d00000| Untracked 
|  48|0x0000000086e00000, 0x0000000086e00000, 0x0000000086f00000|  0%| F|  |TAMS 0x0000000086e00000, 0x0000000086e00000| Untracked 
|  49|0x0000000086f00000, 0x0000000086f00000, 0x0000000087000000|  0%| F|  |TAMS 0x0000000086f00000, 0x0000000086f00000| Untracked 
|  50|0x0000000087000000, 0x0000000087000000, 0x0000000087100000|  0%| F|  |TAMS 0x0000000087000000, 0x0000000087000000| Untracked 
|  51|0x0000000087100000, 0x0000000087100000, 0x0000000087200000|  0%| F|  |TAMS 0x0000000087100000, 0x0000000087100000| Untracked 
|  52|0x0000000087200000, 0x0000000087200000, 0x0000000087300000|  0%| F|  |TAMS 0x0000000087200000, 0x0000000087200000| Untracked 
|  53|0x0000000087300000, 0x0000000087300000, 0x0000000087400000|  0%| F|  |TAMS 0x0000000087300000, 0x0000000087300000| Untracked 
|  54|0x0000000087400000, 0x0000000087400000, 0x0000000087500000|  0%| F|  |TAMS 0x0000000087400000, 0x0000000087400000| Untracked 
|  55|0x0000000087500000, 0x0000000087500000, 0x0000000087600000|  0%| F|  |TAMS 0x0000000087500000, 0x0000000087500000| Untracked 
|  56|0x0000000087600000, 0x0000000087600000, 0x0000000087700000|  0%| F|  |TAMS 0x0000000087600000, 0x0000000087600000| Untracked 
|  57|0x0000000087700000, 0x0000000087700000, 0x0000000087800000|  0%| F|  |TAMS 0x0000000087700000, 0x0000000087700000| Untracked 
|  58|0x0000000087800000, 0x0000000087800000, 0x0000000087900000|  0%| F|  |TAMS 0x0000000087800000, 0x0000000087800000| Untracked 
|  59|0x0000000087900000, 0x0000000087900000, 0x0000000087a00000|  0%| F|  |TAMS 0x0000000087900000, 0x0000000087900000| Untracked 
|  60|0x0000000087a00000, 0x0000000087a00000, 0x0000000087b00000|  0%| F|  |TAMS 0x0000000087a00000, 0x0000000087a00000| Untracked 
|  61|0x0000000087b00000, 0x0000000087b00000, 0x0000000087c00000|  0%| F|  |TAMS 0x0000000087b00000, 0x0000000087b00000| Untracked 
|  62|0x0000000087c00000, 0x0000000087c00000, 0x0000000087d00000|  0%| F|  |TAMS 0x0000000087c00000, 0x0000000087c00000| Untracked 
|  63|0x0000000087d00000, 0x0000000087d00000, 0x0000000087e00000|  0%| F|  |TAMS 0x0000000087d00000, 0x0000000087d00000| Untracked 
|  64|0x0000000087e00000, 0x0000000087e00000, 0x0000000087f00000|  0%| F|  |TAMS 0x0000000087e00000, 0x0000000087e00000| Untracked 
|  65|0x0000000087f00000, 0x0000000087f00000, 0x0000000088000000|  0%| F|  |TAMS 0x0000000087f00000, 0x0000000087f00000| Untracked 
|  66|0x0000000088000000, 0x0000000088000000, 0x0000000088100000|  0%| F|  |TAMS 0x0000000088000000, 0x0000000088000000| Untracked 
|  67|0x0000000088100000, 0x0000000088100000, 0x0000000088200000|  0%| F|  |TAMS 0x0000000088100000, 0x0000000088100000| Untracked 
|  68|0x0000000088200000, 0x0000000088200000, 0x0000000088300000|  0%| F|  |TAMS 0x0000000088200000, 0x0000000088200000| Untracked 
|  69|0x0000000088300000, 0x0000000088300000, 0x0000000088400000|  0%| F|  |TAMS 0x0000000088300000, 0x0000000088300000| Untracked 
|  70|0x0000000088400000, 0x0000000088400000, 0x0000000088500000|  0%| F|  |TAMS 0x0000000088400000, 0x0000000088400000| Untracked 
|  71|0x0000000088500000, 0x0000000088500000, 0x0000000088600000|  0%| F|  |TAMS 0x0000000088500000, 0x0000000088500000| Untracked 
|  72|0x0000000088600000, 0x0000000088600000, 0x0000000088700000|  0%| F|  |TAMS 0x0000000088600000, 0x0000000088600000| Untracked 
|  73|0x0000000088700000, 0x0000000088700000, 0x0000000088800000|  0%| F|  |TAMS 0x0000000088700000, 0x0000000088700000| Untracked 
|  74|0x0000000088800000, 0x0000000088800000, 0x0000000088900000|  0%| F|  |TAMS 0x0000000088800000, 0x0000000088800000| Untracked 
|  75|0x0000000088900000, 0x0000000088900000, 0x0000000088a00000|  0%| F|  |TAMS 0x0000000088900000, 0x0000000088900000| Untracked 
|  76|0x0000000088a00000, 0x0000000088a00000, 0x0000000088b00000|  0%| F|  |TAMS 0x0000000088a00000, 0x0000000088a00000| Untracked 
|  77|0x0000000088b00000, 0x0000000088b00000, 0x0000000088c00000|  0%| F|  |TAMS 0x0000000088b00000, 0x0000000088b00000| Untracked 
|  78|0x0000000088c00000, 0x0000000088c00000, 0x0000000088d00000|  0%| F|  |TAMS 0x0000000088c00000, 0x0000000088c00000| Untracked 
|  79|0x0000000088d00000, 0x0000000088d00000, 0x0000000088e00000|  0%| F|  |TAMS 0x0000000088d00000, 0x0000000088d00000| Untracked 
|  80|0x0000000088e00000, 0x0000000088e00000, 0x0000000088f00000|  0%| F|  |TAMS 0x0000000088e00000, 0x0000000088e00000| Untracked 
|  81|0x0000000088f00000, 0x0000000088f00000, 0x0000000089000000|  0%| F|  |TAMS 0x0000000088f00000, 0x0000000088f00000| Untracked 
|  82|0x0000000089000000, 0x0000000089000000, 0x0000000089100000|  0%| F|  |TAMS 0x0000000089000000, 0x0000000089000000| Untracked 
|  83|0x0000000089100000, 0x0000000089100000, 0x0000000089200000|  0%| F|  |TAMS 0x0000000089100000, 0x0000000089100000| Untracked 
|  84|0x0000000089200000, 0x0000000089200000, 0x0000000089300000|  0%| F|  |TAMS 0x0000000089200000, 0x0000000089200000| Untracked 
|  85|0x0000000089300000, 0x0000000089300000, 0x0000000089400000|  0%| F|  |TAMS 0x0000000089300000, 0x0000000089300000| Untracked 
|  86|0x0000000089400000, 0x0000000089400000, 0x0000000089500000|  0%| F|  |TAMS 0x0000000089400000, 0x0000000089400000| Untracked 
|  87|0x0000000089500000, 0x0000000089500000, 0x0000000089600000|  0%| F|  |TAMS 0x0000000089500000, 0x0000000089500000| Untracked 
|  88|0x0000000089600000, 0x0000000089600000, 0x0000000089700000|  0%| F|  |TAMS 0x0000000089600000, 0x0000000089600000| Untracked 
|  89|0x0000000089700000, 0x0000000089700000, 0x0000000089800000|  0%| F|  |TAMS 0x0000000089700000, 0x0000000089700000| Untracked 
|  90|0x0000000089800000, 0x0000000089800000, 0x0000000089900000|  0%| F|  |TAMS 0x0000000089800000, 0x0000000089800000| Untracked 
|  91|0x0000000089900000, 0x0000000089900000, 0x0000000089a00000|  0%| F|  |TAMS 0x0000000089900000, 0x0000000089900000| Untracked 
|  92|0x0000000089a00000, 0x0000000089a00000, 0x0000000089b00000|  0%| F|  |TAMS 0x0000000089a00000, 0x0000000089a00000| Untracked 
|  93|0x0000000089b00000, 0x0000000089b00000, 0x0000000089c00000|  0%| F|  |TAMS 0x0000000089b00000, 0x0000000089b00000| Untracked 
|  94|0x0000000089c00000, 0x0000000089c00000, 0x0000000089d00000|  0%| F|  |TAMS 0x0000000089c00000, 0x0000000089c00000| Untracked 
|  95|0x0000000089d00000, 0x0000000089d00000, 0x0000000089e00000|  0%| F|  |TAMS 0x0000000089d00000, 0x0000000089d00000| Untracked 
|  96|0x0000000089e00000, 0x0000000089e00000, 0x0000000089f00000|  0%| F|  |TAMS 0x0000000089e00000, 0x0000000089e00000| Untracked 
|  97|0x0000000089f00000, 0x0000000089f00000, 0x000000008a000000|  0%| F|  |TAMS 0x0000000089f00000, 0x0000000089f00000| Untracked 
|  98|0x000000008a000000, 0x000000008a000000, 0x000000008a100000|  0%| F|  |TAMS 0x000000008a000000, 0x000000008a000000| Untracked 
|  99|0x000000008a100000, 0x000000008a100000, 0x000000008a200000|  0%| F|  |TAMS 0x000000008a100000, 0x000000008a100000| Untracked 
| 100|0x000000008a200000, 0x000000008a200000, 0x000000008a300000|  0%| F|  |TAMS 0x000000008a200000, 0x000000008a200000| Untracked 
| 101|0x000000008a300000, 0x000000008a300000, 0x000000008a400000|  0%| F|  |TAMS 0x000000008a300000, 0x000000008a300000| Untracked 
| 102|0x000000008a400000, 0x000000008a400000, 0x000000008a500000|  0%| F|  |TAMS 0x000000008a400000, 0x000000008a400000| Untracked 
| 103|0x000000008a500000, 0x000000008a500000, 0x000000008a600000|  0%| F|  |TAMS 0x000000008a500000, 0x000000008a500000| Untracked 
| 104|0x000000008a600000, 0x000000008a600000, 0x000000008a700000|  0%| F|  |TAMS 0x000000008a600000, 0x000000008a600000| Untracked 
| 105|0x000000008a700000, 0x000000008a700000, 0x000000008a800000|  0%| F|  |TAMS 0x000000008a700000, 0x000000008a700000| Untracked 
| 106|0x000000008a800000, 0x000000008a800000, 0x000000008a900000|  0%| F|  |TAMS 0x000000008a800000, 0x000000008a800000| Untracked 
| 107|0x000000008a900000, 0x000000008a900000, 0x000000008aa00000|  0%| F|  |TAMS 0x000000008a900000, 0x000000008a900000| Untracked 
| 108|0x000000008aa00000, 0x000000008aa00000, 0x000000008ab00000|  0%| F|  |TAMS 0x000000008aa00000, 0x000000008aa00000| Untracked 
| 109|0x000000008ab00000, 0x000000008ab00000, 0x000000008ac00000|  0%| F|  |TAMS 0x000000008ab00000, 0x000000008ab00000| Untracked 
| 110|0x000000008ac00000, 0x000000008ac00000, 0x000000008ad00000|  0%| F|  |TAMS 0x000000008ac00000, 0x000000008ac00000| Untracked 
| 111|0x000000008ad00000, 0x000000008ad00000, 0x000000008ae00000|  0%| F|  |TAMS 0x000000008ad00000, 0x000000008ad00000| Untracked 
| 112|0x000000008ae00000, 0x000000008ae00000, 0x000000008af00000|  0%| F|  |TAMS 0x000000008ae00000, 0x000000008ae00000| Untracked 
| 113|0x000000008af00000, 0x000000008af00000, 0x000000008b000000|  0%| F|  |TAMS 0x000000008af00000, 0x000000008af00000| Untracked 
| 114|0x000000008b000000, 0x000000008b000000, 0x000000008b100000|  0%| F|  |TAMS 0x000000008b000000, 0x000000008b000000| Untracked 
| 115|0x000000008b100000, 0x000000008b100000, 0x000000008b200000|  0%| F|  |TAMS 0x000000008b100000, 0x000000008b100000| Untracked 
| 116|0x000000008b200000, 0x000000008b200000, 0x000000008b300000|  0%| F|  |TAMS 0x000000008b200000, 0x000000008b200000| Untracked 
| 117|0x000000008b300000, 0x000000008b300000, 0x000000008b400000|  0%| F|  |TAMS 0x000000008b300000, 0x000000008b300000| Untracked 
| 118|0x000000008b400000, 0x000000008b400000, 0x000000008b500000|  0%| F|  |TAMS 0x000000008b400000, 0x000000008b400000| Untracked 
| 119|0x000000008b500000, 0x000000008b500000, 0x000000008b600000|  0%| F|  |TAMS 0x000000008b500000, 0x000000008b500000| Untracked 
| 120|0x000000008b600000, 0x000000008b600000, 0x000000008b700000|  0%| F|  |TAMS 0x000000008b600000, 0x000000008b600000| Untracked 
| 121|0x000000008b700000, 0x000000008b700000, 0x000000008b800000|  0%| F|  |TAMS 0x000000008b700000, 0x000000008b700000| Untracked 
| 122|0x000000008b800000, 0x000000008b8de950, 0x000000008b900000| 86%| S|CS|TAMS 0x000000008b800000, 0x000000008b800000| Complete 
| 123|0x000000008b900000, 0x000000008b900000, 0x000000008ba00000|  0%| F|  |TAMS 0x000000008b900000, 0x000000008b900000| Untracked 
| 124|0x000000008ba00000, 0x000000008ba00000, 0x000000008bb00000|  0%| F|  |TAMS 0x000000008ba00000, 0x000000008ba00000| Untracked 
| 125|0x000000008bb00000, 0x000000008bb00000, 0x000000008bc00000|  0%| F|  |TAMS 0x000000008bb00000, 0x000000008bb00000| Untracked 

Card table byte_map: [0x000001ddf2320000,0x000001ddf2710000] _byte_map_base: 0x000001ddf1f01000

Marking Bits (Prev, Next): (CMBitMap*) 0x000001ddee129d38, (CMBitMap*) 0x000001ddee129d70
 Prev Bits: [0x000001ddf2b00000, 0x000001ddf4a08000)
 Next Bits: [0x000001ddf4a10000, 0x000001ddf6918000)

Polling page: 0x000001ddec030000

Metaspace:

Usage:
  Non-class:      6.24 MB capacity,     6.21 MB (>99%) used,    25.81 KB ( <1%) free+waste,     4.06 KB ( <1%) overhead. 
      Class:    636.00 KB capacity,   592.59 KB ( 93%) used,    41.66 KB (  7%) free+waste,     1.75 KB ( <1%) overhead. 
       Both:      6.86 MB capacity,     6.79 MB ( 99%) used,    67.47 KB ( <1%) free+waste,     5.81 KB ( <1%) overhead. 

Virtual space:
  Non-class space:       16.00 MB reserved,       6.25 MB ( 39%) committed 
      Class space:        1.00 GB reserved,     640.00 KB ( <1%) committed 
             Both:        1.02 GB reserved,       6.88 MB ( <1%) committed 

Chunk freelists:
   Non-Class:  11.00 KB
       Class:  4.00 KB
        Both:  15.00 KB

MaxMetaspaceSize: 17179869184.00 GB
CompressedClassSpaceSize: 1.00 GB
Initial GC threshold: 20.80 MB
Current GC threshold: 21.12 MB
CDS: off

CodeHeap 'non-profiled nmethods': size=120000Kb used=56Kb max_used=56Kb free=119943Kb
 bounds [0x000001dd87ad0000, 0x000001dd87d40000, 0x000001dd8f000000]
CodeHeap 'profiled nmethods': size=120000Kb used=264Kb max_used=264Kb free=119735Kb
 bounds [0x000001dd805a0000, 0x000001dd80810000, 0x000001dd87ad0000]
CodeHeap 'non-nmethods': size=5760Kb used=1110Kb max_used=1118Kb free=4649Kb
 bounds [0x000001dd80000000, 0x000001dd80270000, 0x000001dd805a0000]
 total_blobs=559 nmethods=214 adapters=258
 compilation: enabled
              stopped_count=0, restarted_count=0
 full_count=0

Compilation events (20 events):
Event: 0.354 Thread 0x000001ddf9bce000  200       3       java.util.concurrent.ConcurrentHashMap::put (8 bytes)
Event: 0.354 Thread 0x000001ddf9bce000 nmethod 200 0x000001dd805de010 code [0x000001dd805de1c0, 0x000001dd805de2e8]
Event: 0.355 Thread 0x000001ddf9bce000  201  s    3       java.util.Properties::put (10 bytes)
Event: 0.355 Thread 0x000001ddf9bce000 nmethod 201 0x000001dd805de390 code [0x000001dd805de560, 0x000001dd805de888]
Event: 0.361 Thread 0x000001ddf9bce000  202       3       java.lang.String::checkIndex (46 bytes)
Event: 0.361 Thread 0x000001ddf9bce000 nmethod 202 0x000001dd805de990 code [0x000001dd805dec20, 0x000001dd805df5b8]
Event: 0.361 Thread 0x000001ddf9bce000  203       3       java.lang.String::codePointAt (50 bytes)
Event: 0.361 Thread 0x000001ddf9bce000 nmethod 203 0x000001dd805df990 code [0x000001dd805dfb80, 0x000001dd805dff08]
Event: 0.362 Thread 0x000001ddf9bce000  204       3       java.util.regex.Pattern$Node::<init> (12 bytes)
Event: 0.362 Thread 0x000001ddf9bce000 nmethod 204 0x000001dd805e0090 code [0x000001dd805e0240, 0x000001dd805e03f8]
Event: 0.362 Thread 0x000001ddf9bce000  205       3       java.lang.invoke.MethodType::checkSlotCount (33 bytes)
Event: 0.362 Thread 0x000001ddf9bce000 nmethod 205 0x000001dd805e0490 code [0x000001dd805e0700, 0x000001dd805e0f98]
Event: 0.362 Thread 0x000001ddf9bce000  211       3       java.lang.invoke.MethodType::hashCode (53 bytes)
Event: 0.362 Thread 0x000001ddf9bce000 nmethod 211 0x000001dd805e1290 code [0x000001dd805e1460, 0x000001dd805e17b8]
Event: 0.367 Thread 0x000001ddf9bce000  212       3       sun.util.locale.LocaleUtils::isUpper (18 bytes)
Event: 0.367 Thread 0x000001ddf9bce000 nmethod 212 0x000001dd805e1990 code [0x000001dd805e1b40, 0x000001dd805e1cb8]
Event: 0.367 Thread 0x000001ddf9bce000  213       3       java.util.AbstractSet::<init> (5 bytes)
Event: 0.367 Thread 0x000001ddf9bce000 nmethod 213 0x000001dd805e1d90 code [0x000001dd805e1f40, 0x000001dd805e20f8]
Event: 0.372 Thread 0x000001ddf9bce000  214       1       sun.util.locale.BaseLocale::getLanguage (5 bytes)
Event: 0.372 Thread 0x000001ddf9bce000 nmethod 214 0x000001dd87ade090 code [0x000001dd87ade240, 0x000001dd87ade2f8]

GC Heap History (2 events):
Event: 0.374 GC heap before
{Heap before GC invocations=0 (full 0):
 garbage-first heap   total 129024K, used 2048K [0x0000000083e00000, 0x0000000100000000)
  region size 1024K, 3 young (3072K), 0 survivors (0K)
 Metaspace       used 6951K, capacity 7025K, committed 7040K, reserved 1062912K
  class space    used 592K, capacity 636K, committed 640K, reserved 1048576K
}
Event: 0.378 GC heap after
{Heap after GC invocations=1 (full 0):
 garbage-first heap   total 129024K, used 890K [0x0000000083e00000, 0x0000000100000000)
  region size 1024K, 1 young (1024K), 1 survivors (1024K)
 Metaspace       used 6951K, capacity 7025K, committed 7040K, reserved 1062912K
  class space    used 592K, capacity 636K, committed 640K, reserved 1048576K
}

Deoptimization events (4 events):
Event: 0.150 Thread 0x000001ddee0ef800 Uncommon trap: trap_request=0xffffff4d fr.pc=0x000001dd87ad3c7c relative=0x00000000000001dc
Event: 0.150 Thread 0x000001ddee0ef800 Uncommon trap: reason=unstable_if action=reinterpret pc=0x000001dd87ad3c7c method=java.lang.String.hashCode()I @ 14 c2
Event: 0.150 Thread 0x000001ddee0ef800 DEOPT PACKING pc=0x000001dd87ad3c7c sp=0x0000004ff4efd6f0
Event: 0.150 Thread 0x000001ddee0ef800 DEOPT UNPACKING pc=0x000001dd800085af sp=0x0000004ff4efd688 mode 2

Classes redefined (0 events):
No events

Internal exceptions (1 events):
Event: 0.280 Thread 0x000001ddee0ef800 Exception <a 'java/lang/NoSuchMethodError'{0x000000008ba9e440}: 'int java.lang.invoke.DirectMethodHandle$Holder.invokeSpecialIFC(java.lang.Object, java.lang.Object, int)'> (0x000000008ba9e440) thrown at [./src/hotspot/share/interpreter/linkResolver.cpp, line 773]

Events (20 events):
Event: 0.369 loading class java/util/ResourceBundle$Control$CandidateListCache done
Event: 0.369 loading class java/util/ResourceBundle
Event: 0.369 loading class java/util/ResourceBundle done
Event: 0.369 loading class sun/util/locale/provider/LocaleProviderAdapter$1
Event: 0.369 loading class sun/util/locale/provider/LocaleProviderAdapter$1 done
Event: 0.369 loading class sun/util/cldr/CLDRLocaleProviderAdapter
Event: 0.370 loading class sun/util/cldr/CLDRLocaleProviderAdapter done
Event: 0.370 loading class sun/util/cldr/CLDRBaseLocaleDataMetaInfo
Event: 0.370 loading class sun/util/locale/provider/LocaleDataMetaInfo
Event: 0.370 loading class sun/util/locale/provider/LocaleDataMetaInfo done
Event: 0.370 loading class sun/util/cldr/CLDRBaseLocaleDataMetaInfo done
Event: 0.370 loading class sun/util/locale/ParseStatus
Event: 0.371 loading class sun/util/locale/ParseStatus done
Event: 0.371 loading class sun/util/locale/StringTokenIterator
Event: 0.371 loading class sun/util/locale/StringTokenIterator done
Event: 0.372 loading class sun/util/cldr/CLDRLocaleProviderAdapter$1
Event: 0.372 loading class sun/util/cldr/CLDRLocaleProviderAdapter$1 done
Event: 0.372 loading class java/util/ServiceLoader
Event: 0.373 loading class java/util/ServiceLoader done
Event: 0.374 Executing VM operation: CollectForMetadataAllocation


Dynamic libraries:
